[0.269s] DEBUG:colcon:Command line arguments: ['/usr/bin/colcon', 'build']
[0.269s] DEBUG:colcon:Parsed command line arguments: Namespace(log_base=None, log_level=None, verb_name='build', build_base='build', install_base='install', merge_install=False, symlink_install=False, test_result_base=None, continue_on_error=False, executor='parallel', parallel_workers=16, event_handlers=None, ignore_user_meta=False, metas=['./colcon.meta'], base_paths=['.'], packages_ignore=None, packages_ignore_regex=None, paths=None, packages_up_to=None, packages_up_to_regex=None, packages_above=None, packages_above_and_dependencies=None, packages_above_depth=None, packages_select_by_dep=None, packages_skip_by_dep=None, packages_skip_up_to=None, packages_select_build_failed=False, packages_skip_build_finished=False, packages_select_test_failures=False, packages_skip_test_passed=False, packages_select=None, packages_skip=None, packages_select_regex=None, packages_skip_regex=None, packages_start=None, packages_end=None, cmake_args=None, cmake_target=None, cmake_target_skip_unavailable=False, cmake_clean_cache=False, cmake_clean_first=False, cmake_force_configure=False, ament_cmake_args=None, catkin_cmake_args=None, catkin_skip_building_tests=False, mixin_files=None, mixin=None, verb_parser=<colcon_mixin.mixin.mixin_argument.MixinArgumentDecorator object at 0x7fd79793c580>, verb_extension=<colcon_core.verb.build.BuildVerb object at 0x7fd7979138e0>, main=<bound method BuildVerb.main of <colcon_core.verb.build.BuildVerb object at 0x7fd7979138e0>>, mixin_verb=('build',))
[0.603s] Level 1:colcon.colcon_core.package_discovery:discover_packages(colcon_meta) check parameters
[0.604s] INFO:colcon.colcon_metadata.package_discovery.colcon_meta:Using configuration from '/root/.colcon/metadata/default/Gazebo.meta'
[0.606s] INFO:colcon.colcon_metadata.package_discovery.colcon_meta:Using configuration from '/root/.colcon/metadata/default/fastrtps.meta'
[0.606s] Level 1:colcon.colcon_core.package_discovery:discover_packages(recursive) check parameters
[0.606s] Level 1:colcon.colcon_core.package_discovery:discover_packages(ignore) check parameters
[0.606s] Level 1:colcon.colcon_core.package_discovery:discover_packages(path) check parameters
[0.606s] Level 1:colcon.colcon_core.package_discovery:discover_packages(colcon_meta) discover
[0.606s] Level 1:colcon.colcon_core.package_discovery:discover_packages(recursive) discover
[0.606s] INFO:colcon.colcon_core.package_discovery:Crawling recursively for packages in '/root/ros2_ws'
[0.606s] Level 1:colcon.colcon_core.package_identification:_identify(.) by extensions ['ignore', 'ignore_ament_install']
[0.606s] Level 1:colcon.colcon_core.package_identification:_identify(.) by extension 'ignore'
[0.607s] Level 1:colcon.colcon_core.package_identification:_identify(.) by extension 'ignore_ament_install'
[0.607s] Level 1:colcon.colcon_core.package_identification:_identify(.) by extensions ['colcon_pkg']
[0.607s] Level 1:colcon.colcon_core.package_identification:_identify(.) by extension 'colcon_pkg'
[0.607s] Level 1:colcon.colcon_core.package_identification:_identify(.) by extensions ['colcon_meta']
[0.607s] Level 1:colcon.colcon_core.package_identification:_identify(.) by extension 'colcon_meta'
[0.607s] Level 1:colcon.colcon_core.package_identification:_identify(.) by extensions ['ros']
[0.607s] Level 1:colcon.colcon_core.package_identification:_identify(.) by extension 'ros'
[0.627s] Level 1:colcon.colcon_core.package_identification:_identify(.) by extensions ['cmake', 'python']
[0.627s] Level 1:colcon.colcon_core.package_identification:_identify(.) by extension 'cmake'
[0.628s] Level 1:colcon.colcon_core.package_identification:_identify(.) by extension 'python'
[0.628s] Level 1:colcon.colcon_core.package_identification:_identify(.) by extensions ['python_setup_py']
[0.628s] Level 1:colcon.colcon_core.package_identification:_identify(.) by extension 'python_setup_py'
[0.628s] Level 1:colcon.colcon_core.package_identification:_identify(build) by extensions ['ignore', 'ignore_ament_install']
[0.628s] Level 1:colcon.colcon_core.package_identification:_identify(build) by extension 'ignore'
[0.628s] Level 1:colcon.colcon_core.package_identification:_identify(build) ignored
[0.629s] Level 1:colcon.colcon_core.package_identification:_identify(install) by extensions ['ignore', 'ignore_ament_install']
[0.629s] Level 1:colcon.colcon_core.package_identification:_identify(install) by extension 'ignore'
[0.629s] Level 1:colcon.colcon_core.package_identification:_identify(install) ignored
[0.630s] Level 1:colcon.colcon_core.package_identification:_identify(log) by extensions ['ignore', 'ignore_ament_install']
[0.630s] Level 1:colcon.colcon_core.package_identification:_identify(log) by extension 'ignore'
[0.630s] Level 1:colcon.colcon_core.package_identification:_identify(log) ignored
[0.630s] Level 1:colcon.colcon_core.package_identification:_identify(src) by extensions ['ignore', 'ignore_ament_install']
[0.630s] Level 1:colcon.colcon_core.package_identification:_identify(src) by extension 'ignore'
[0.631s] Level 1:colcon.colcon_core.package_identification:_identify(src) by extension 'ignore_ament_install'
[0.631s] Level 1:colcon.colcon_core.package_identification:_identify(src) by extensions ['colcon_pkg']
[0.631s] Level 1:colcon.colcon_core.package_identification:_identify(src) by extension 'colcon_pkg'
[0.631s] Level 1:colcon.colcon_core.package_identification:_identify(src) by extensions ['colcon_meta']
[0.631s] Level 1:colcon.colcon_core.package_identification:_identify(src) by extension 'colcon_meta'
[0.632s] Level 1:colcon.colcon_core.package_identification:_identify(src) by extensions ['ros']
[0.632s] Level 1:colcon.colcon_core.package_identification:_identify(src) by extension 'ros'
[0.632s] Level 1:colcon.colcon_core.package_identification:_identify(src) by extensions ['cmake', 'python']
[0.632s] Level 1:colcon.colcon_core.package_identification:_identify(src) by extension 'cmake'
[0.632s] Level 1:colcon.colcon_core.package_identification:_identify(src) by extension 'python'
[0.632s] Level 1:colcon.colcon_core.package_identification:_identify(src) by extensions ['python_setup_py']
[0.632s] Level 1:colcon.colcon_core.package_identification:_identify(src) by extension 'python_setup_py'
[0.633s] Level 1:colcon.colcon_core.package_identification:_identify(src/bumperbot) by extensions ['ignore', 'ignore_ament_install']
[0.633s] Level 1:colcon.colcon_core.package_identification:_identify(src/bumperbot) by extension 'ignore'
[0.633s] Level 1:colcon.colcon_core.package_identification:_identify(src/bumperbot) by extension 'ignore_ament_install'
[0.633s] Level 1:colcon.colcon_core.package_identification:_identify(src/bumperbot) by extensions ['colcon_pkg']
[0.634s] Level 1:colcon.colcon_core.package_identification:_identify(src/bumperbot) by extension 'colcon_pkg'
[0.634s] Level 1:colcon.colcon_core.package_identification:_identify(src/bumperbot) by extensions ['colcon_meta']
[0.634s] Level 1:colcon.colcon_core.package_identification:_identify(src/bumperbot) by extension 'colcon_meta'
[0.634s] Level 1:colcon.colcon_core.package_identification:_identify(src/bumperbot) by extensions ['ros']
[0.634s] Level 1:colcon.colcon_core.package_identification:_identify(src/bumperbot) by extension 'ros'
[0.638s] DEBUG:colcon.colcon_core.package_identification:Package 'src/bumperbot' with type 'ros.ament_python' and name 'bumperbot'
[0.638s] Level 1:colcon.colcon_core.package_identification:_identify(src/bumperbot_controller) by extensions ['ignore', 'ignore_ament_install']
[0.638s] Level 1:colcon.colcon_core.package_identification:_identify(src/bumperbot_controller) by extension 'ignore'
[0.639s] Level 1:colcon.colcon_core.package_identification:_identify(src/bumperbot_controller) by extension 'ignore_ament_install'
[0.639s] Level 1:colcon.colcon_core.package_identification:_identify(src/bumperbot_controller) by extensions ['colcon_pkg']
[0.639s] Level 1:colcon.colcon_core.package_identification:_identify(src/bumperbot_controller) by extension 'colcon_pkg'
[0.639s] Level 1:colcon.colcon_core.package_identification:_identify(src/bumperbot_controller) by extensions ['colcon_meta']
[0.639s] Level 1:colcon.colcon_core.package_identification:_identify(src/bumperbot_controller) by extension 'colcon_meta'
[0.639s] Level 1:colcon.colcon_core.package_identification:_identify(src/bumperbot_controller) by extensions ['ros']
[0.639s] Level 1:colcon.colcon_core.package_identification:_identify(src/bumperbot_controller) by extension 'ros'
[0.641s] DEBUG:colcon.colcon_core.package_identification:Package 'src/bumperbot_controller' with type 'ros.ament_cmake' and name 'bumperbot_controller'
[0.641s] Level 1:colcon.colcon_core.package_identification:_identify(src/bumperbot_description) by extensions ['ignore', 'ignore_ament_install']
[0.641s] Level 1:colcon.colcon_core.package_identification:_identify(src/bumperbot_description) by extension 'ignore'
[0.641s] Level 1:colcon.colcon_core.package_identification:_identify(src/bumperbot_description) by extension 'ignore_ament_install'
[0.641s] Level 1:colcon.colcon_core.package_identification:_identify(src/bumperbot_description) by extensions ['colcon_pkg']
[0.642s] Level 1:colcon.colcon_core.package_identification:_identify(src/bumperbot_description) by extension 'colcon_pkg'
[0.642s] Level 1:colcon.colcon_core.package_identification:_identify(src/bumperbot_description) by extensions ['colcon_meta']
[0.642s] Level 1:colcon.colcon_core.package_identification:_identify(src/bumperbot_description) by extension 'colcon_meta'
[0.642s] Level 1:colcon.colcon_core.package_identification:_identify(src/bumperbot_description) by extensions ['ros']
[0.642s] Level 1:colcon.colcon_core.package_identification:_identify(src/bumperbot_description) by extension 'ros'
[0.649s] DEBUG:colcon.colcon_core.package_identification:Package 'src/bumperbot_description' with type 'ros.ament_cmake' and name 'bumperbot_description'
[0.649s] Level 1:colcon.colcon_core.package_discovery:discover_packages(recursive) using defaults
[0.649s] Level 1:colcon.colcon_core.package_discovery:discover_packages(ignore) discover
[0.649s] Level 1:colcon.colcon_core.package_discovery:discover_packages(ignore) using defaults
[0.649s] Level 1:colcon.colcon_core.package_discovery:discover_packages(path) discover
[0.649s] Level 1:colcon.colcon_core.package_discovery:discover_packages(path) using defaults
[0.686s] Level 5:colcon.colcon_core.verb:set package 'bumperbot' build argument 'cmake_args' from command line to 'None'
[0.686s] Level 5:colcon.colcon_core.verb:set package 'bumperbot' build argument 'cmake_target' from command line to 'None'
[0.686s] Level 5:colcon.colcon_core.verb:set package 'bumperbot' build argument 'cmake_target_skip_unavailable' from command line to 'False'
[0.686s] Level 5:colcon.colcon_core.verb:set package 'bumperbot' build argument 'cmake_clean_cache' from command line to 'False'
[0.686s] Level 5:colcon.colcon_core.verb:set package 'bumperbot' build argument 'cmake_clean_first' from command line to 'False'
[0.686s] Level 5:colcon.colcon_core.verb:set package 'bumperbot' build argument 'cmake_force_configure' from command line to 'False'
[0.686s] Level 5:colcon.colcon_core.verb:set package 'bumperbot' build argument 'ament_cmake_args' from command line to 'None'
[0.686s] Level 5:colcon.colcon_core.verb:set package 'bumperbot' build argument 'catkin_cmake_args' from command line to 'None'
[0.686s] Level 5:colcon.colcon_core.verb:set package 'bumperbot' build argument 'catkin_skip_building_tests' from command line to 'False'
[0.686s] DEBUG:colcon.colcon_core.verb:Building package 'bumperbot' with the following arguments: {'ament_cmake_args': None, 'build_base': '/root/ros2_ws/build/bumperbot', 'catkin_cmake_args': None, 'catkin_skip_building_tests': False, 'cmake_args': None, 'cmake_clean_cache': False, 'cmake_clean_first': False, 'cmake_force_configure': False, 'cmake_target': None, 'cmake_target_skip_unavailable': False, 'install_base': '/root/ros2_ws/install/bumperbot', 'merge_install': False, 'path': '/root/ros2_ws/src/bumperbot', 'symlink_install': False, 'test_result_base': None}
[0.687s] Level 5:colcon.colcon_core.verb:set package 'bumperbot_controller' build argument 'cmake_args' from command line to 'None'
[0.687s] Level 5:colcon.colcon_core.verb:set package 'bumperbot_controller' build argument 'cmake_target' from command line to 'None'
[0.687s] Level 5:colcon.colcon_core.verb:set package 'bumperbot_controller' build argument 'cmake_target_skip_unavailable' from command line to 'False'
[0.687s] Level 5:colcon.colcon_core.verb:set package 'bumperbot_controller' build argument 'cmake_clean_cache' from command line to 'False'
[0.687s] Level 5:colcon.colcon_core.verb:set package 'bumperbot_controller' build argument 'cmake_clean_first' from command line to 'False'
[0.687s] Level 5:colcon.colcon_core.verb:set package 'bumperbot_controller' build argument 'cmake_force_configure' from command line to 'False'
[0.687s] Level 5:colcon.colcon_core.verb:set package 'bumperbot_controller' build argument 'ament_cmake_args' from command line to 'None'
[0.687s] Level 5:colcon.colcon_core.verb:set package 'bumperbot_controller' build argument 'catkin_cmake_args' from command line to 'None'
[0.687s] Level 5:colcon.colcon_core.verb:set package 'bumperbot_controller' build argument 'catkin_skip_building_tests' from command line to 'False'
[0.687s] DEBUG:colcon.colcon_core.verb:Building package 'bumperbot_controller' with the following arguments: {'ament_cmake_args': None, 'build_base': '/root/ros2_ws/build/bumperbot_controller', 'catkin_cmake_args': None, 'catkin_skip_building_tests': False, 'cmake_args': None, 'cmake_clean_cache': False, 'cmake_clean_first': False, 'cmake_force_configure': False, 'cmake_target': None, 'cmake_target_skip_unavailable': False, 'install_base': '/root/ros2_ws/install/bumperbot_controller', 'merge_install': False, 'path': '/root/ros2_ws/src/bumperbot_controller', 'symlink_install': False, 'test_result_base': None}
[0.688s] Level 5:colcon.colcon_core.verb:set package 'bumperbot_description' build argument 'cmake_args' from command line to 'None'
[0.688s] Level 5:colcon.colcon_core.verb:set package 'bumperbot_description' build argument 'cmake_target' from command line to 'None'
[0.688s] Level 5:colcon.colcon_core.verb:set package 'bumperbot_description' build argument 'cmake_target_skip_unavailable' from command line to 'False'
[0.688s] Level 5:colcon.colcon_core.verb:set package 'bumperbot_description' build argument 'cmake_clean_cache' from command line to 'False'
[0.688s] Level 5:colcon.colcon_core.verb:set package 'bumperbot_description' build argument 'cmake_clean_first' from command line to 'False'
[0.688s] Level 5:colcon.colcon_core.verb:set package 'bumperbot_description' build argument 'cmake_force_configure' from command line to 'False'
[0.688s] Level 5:colcon.colcon_core.verb:set package 'bumperbot_description' build argument 'ament_cmake_args' from command line to 'None'
[0.689s] Level 5:colcon.colcon_core.verb:set package 'bumperbot_description' build argument 'catkin_cmake_args' from command line to 'None'
[0.689s] Level 5:colcon.colcon_core.verb:set package 'bumperbot_description' build argument 'catkin_skip_building_tests' from command line to 'False'
[0.689s] DEBUG:colcon.colcon_core.verb:Building package 'bumperbot_description' with the following arguments: {'ament_cmake_args': None, 'build_base': '/root/ros2_ws/build/bumperbot_description', 'catkin_cmake_args': None, 'catkin_skip_building_tests': False, 'cmake_args': None, 'cmake_clean_cache': False, 'cmake_clean_first': False, 'cmake_force_configure': False, 'cmake_target': None, 'cmake_target_skip_unavailable': False, 'install_base': '/root/ros2_ws/install/bumperbot_description', 'merge_install': False, 'path': '/root/ros2_ws/src/bumperbot_description', 'symlink_install': False, 'test_result_base': None}
[0.689s] INFO:colcon.colcon_core.executor:Executing jobs using 'parallel' executor
[0.691s] DEBUG:colcon.colcon_parallel_executor.executor.parallel:run_until_complete
[0.691s] INFO:colcon.colcon_ros.task.ament_python.build:Building ROS package in '/root/ros2_ws/src/bumperbot' with build type 'ament_python'
[0.692s] Level 1:colcon.colcon_core.shell:create_environment_hook('bumperbot', 'ament_prefix_path')
[0.698s] INFO:colcon.colcon_core.plugin_system:Skipping extension 'colcon_core.shell.bat': Not used on non-Windows systems
[0.699s] INFO:colcon.colcon_core.shell:Creating environment hook '/root/ros2_ws/install/bumperbot/share/bumperbot/hook/ament_prefix_path.ps1'
[0.700s] INFO:colcon.colcon_core.shell:Creating environment descriptor '/root/ros2_ws/install/bumperbot/share/bumperbot/hook/ament_prefix_path.dsv'
[0.701s] INFO:colcon.colcon_core.shell:Creating environment hook '/root/ros2_ws/install/bumperbot/share/bumperbot/hook/ament_prefix_path.sh'
[0.703s] INFO:colcon.colcon_core.shell:Skip shell extension 'powershell' for command environment: Not usable outside of PowerShell
[0.703s] DEBUG:colcon.colcon_core.shell:Skip shell extension 'dsv' for command environment
[0.712s] INFO:colcon.colcon_ros.task.ament_cmake.build:Building ROS package in '/root/ros2_ws/src/bumperbot_controller' with build type 'ament_cmake'
[0.713s] INFO:colcon.colcon_cmake.task.cmake.build:Building CMake package in '/root/ros2_ws/src/bumperbot_controller'
[0.713s] INFO:colcon.colcon_core.shell:Skip shell extension 'powershell' for command environment: Not usable outside of PowerShell
[0.714s] DEBUG:colcon.colcon_core.shell:Skip shell extension 'dsv' for command environment
[0.720s] INFO:colcon.colcon_ros.task.ament_cmake.build:Building ROS package in '/root/ros2_ws/src/bumperbot_description' with build type 'ament_cmake'
[0.721s] INFO:colcon.colcon_cmake.task.cmake.build:Building CMake package in '/root/ros2_ws/src/bumperbot_description'
[0.722s] INFO:colcon.colcon_core.shell:Skip shell extension 'powershell' for command environment: Not usable outside of PowerShell
[0.722s] DEBUG:colcon.colcon_core.shell:Skip shell extension 'dsv' for command environment
[1.201s] INFO:colcon.colcon_core.task.python.build:Building Python package in '/root/ros2_ws/src/bumperbot'
[1.201s] INFO:colcon.colcon_core.shell:Skip shell extension 'powershell' for command environment: Not usable outside of PowerShell
[1.202s] DEBUG:colcon.colcon_core.shell:Skip shell extension 'dsv' for command environment
[1.229s] DEBUG:colcon.colcon_core.event_handler.log_command:Invoking command in '/root/ros2_ws/build/bumperbot_controller': CMAKE_PREFIX_PATH=/opt/ros/humble /usr/bin/cmake --build /root/ros2_ws/build/bumperbot_controller -- -j16 -l16
[1.250s] DEBUG:colcon.colcon_core.event_handler.log_command:Invoking command in '/root/ros2_ws/build/bumperbot_description': CMAKE_PREFIX_PATH=/opt/ros/humble /usr/bin/cmake --build /root/ros2_ws/build/bumperbot_description -- -j16 -l16
[1.311s] DEBUG:colcon.colcon_core.event_handler.log_command:Invoked command in '/root/ros2_ws/build/bumperbot_description' returned '0': CMAKE_PREFIX_PATH=/opt/ros/humble /usr/bin/cmake --build /root/ros2_ws/build/bumperbot_description -- -j16 -l16
[1.372s] DEBUG:colcon.colcon_core.event_handler.log_command:Invoking command in '/root/ros2_ws/build/bumperbot_description': CMAKE_PREFIX_PATH=/opt/ros/humble /usr/bin/cmake --install /root/ros2_ws/build/bumperbot_description
[1.415s] Level 1:colcon.colcon_core.environment:create_environment_scripts_only(bumperbot_description)
[1.417s] DEBUG:colcon.colcon_core.event_handler.log_command:Invoked command in '/root/ros2_ws/build/bumperbot_description' returned '0': CMAKE_PREFIX_PATH=/opt/ros/humble /usr/bin/cmake --install /root/ros2_ws/build/bumperbot_description
[1.421s] Level 1:colcon.colcon_core.environment:checking '/root/ros2_ws/install/bumperbot_description' for CMake module files
[1.422s] Level 1:colcon.colcon_core.environment:checking '/root/ros2_ws/install/bumperbot_description' for CMake config files
[1.423s] Level 1:colcon.colcon_core.shell:create_environment_hook('bumperbot_description', 'cmake_prefix_path')
[1.424s] INFO:colcon.colcon_core.shell:Creating environment hook '/root/ros2_ws/install/bumperbot_description/share/bumperbot_description/hook/cmake_prefix_path.ps1'
[1.424s] INFO:colcon.colcon_core.shell:Creating environment descriptor '/root/ros2_ws/install/bumperbot_description/share/bumperbot_description/hook/cmake_prefix_path.dsv'
[1.425s] INFO:colcon.colcon_core.shell:Creating environment hook '/root/ros2_ws/install/bumperbot_description/share/bumperbot_description/hook/cmake_prefix_path.sh'
[1.427s] Level 1:colcon.colcon_core.environment:checking '/root/ros2_ws/install/bumperbot_description/bin'
[1.427s] Level 1:colcon.colcon_core.environment:checking '/root/ros2_ws/install/bumperbot_description/lib/pkgconfig/bumperbot_description.pc'
[1.427s] Level 1:colcon.colcon_core.environment:checking '/root/ros2_ws/install/bumperbot_description/lib/python3.10/site-packages'
[1.428s] Level 1:colcon.colcon_core.environment:checking '/root/ros2_ws/install/bumperbot_description/bin'
[1.429s] INFO:colcon.colcon_core.shell:Creating package script '/root/ros2_ws/install/bumperbot_description/share/bumperbot_description/package.ps1'
[1.430s] INFO:colcon.colcon_core.shell:Creating package descriptor '/root/ros2_ws/install/bumperbot_description/share/bumperbot_description/package.dsv'
[1.432s] INFO:colcon.colcon_core.shell:Creating package script '/root/ros2_ws/install/bumperbot_description/share/bumperbot_description/package.sh'
[1.434s] INFO:colcon.colcon_core.shell:Creating package script '/root/ros2_ws/install/bumperbot_description/share/bumperbot_description/package.bash'
[1.435s] INFO:colcon.colcon_core.shell:Creating package script '/root/ros2_ws/install/bumperbot_description/share/bumperbot_description/package.zsh'
[1.437s] Level 1:colcon.colcon_core.environment:create_file_with_runtime_dependencies(/root/ros2_ws/install/bumperbot_description/share/colcon-core/packages/bumperbot_description)
[1.479s] Level 1:colcon.colcon_core.environment:create_environment_scripts_only(bumperbot_description)
[1.479s] Level 1:colcon.colcon_core.environment:checking '/root/ros2_ws/install/bumperbot_description' for CMake module files
[1.481s] Level 1:colcon.colcon_core.environment:checking '/root/ros2_ws/install/bumperbot_description' for CMake config files
[1.482s] Level 1:colcon.colcon_core.shell:create_environment_hook('bumperbot_description', 'cmake_prefix_path')
[1.482s] INFO:colcon.colcon_core.shell:Creating environment hook '/root/ros2_ws/install/bumperbot_description/share/bumperbot_description/hook/cmake_prefix_path.ps1'
[1.483s] INFO:colcon.colcon_core.shell:Creating environment descriptor '/root/ros2_ws/install/bumperbot_description/share/bumperbot_description/hook/cmake_prefix_path.dsv'
[1.484s] INFO:colcon.colcon_core.shell:Creating environment hook '/root/ros2_ws/install/bumperbot_description/share/bumperbot_description/hook/cmake_prefix_path.sh'
[1.485s] Level 1:colcon.colcon_core.environment:checking '/root/ros2_ws/install/bumperbot_description/bin'
[1.485s] Level 1:colcon.colcon_core.environment:checking '/root/ros2_ws/install/bumperbot_description/lib/pkgconfig/bumperbot_description.pc'
[1.486s] Level 1:colcon.colcon_core.environment:checking '/root/ros2_ws/install/bumperbot_description/lib/python3.10/site-packages'
[1.486s] Level 1:colcon.colcon_core.environment:checking '/root/ros2_ws/install/bumperbot_description/bin'
[1.487s] INFO:colcon.colcon_core.shell:Creating package script '/root/ros2_ws/install/bumperbot_description/share/bumperbot_description/package.ps1'
[1.488s] INFO:colcon.colcon_core.shell:Creating package descriptor '/root/ros2_ws/install/bumperbot_description/share/bumperbot_description/package.dsv'
[1.488s] INFO:colcon.colcon_core.shell:Creating package script '/root/ros2_ws/install/bumperbot_description/share/bumperbot_description/package.sh'
[1.489s] INFO:colcon.colcon_core.shell:Creating package script '/root/ros2_ws/install/bumperbot_description/share/bumperbot_description/package.bash'
[1.490s] INFO:colcon.colcon_core.shell:Creating package script '/root/ros2_ws/install/bumperbot_description/share/bumperbot_description/package.zsh'
[1.491s] Level 1:colcon.colcon_core.environment:create_file_with_runtime_dependencies(/root/ros2_ws/install/bumperbot_description/share/colcon-core/packages/bumperbot_description)
[1.914s] DEBUG:colcon.colcon_core.event_handler.log_command:Invoking command in '/root/ros2_ws/src/bumperbot': PYTHONPATH=/root/ros2_ws/build/bumperbot/prefix_override:/usr/lib/python3/dist-packages/colcon_core/task/python/colcon_distutils_commands:/root/ros2_ws/install/bumperbot/lib/python3.10/site-packages:${PYTHONPATH} /usr/bin/python3 -W ignore:setup.py install is deprecated setup.py egg_info --egg-base ../../build/bumperbot build --build-base /root/ros2_ws/build/bumperbot/build install --record /root/ros2_ws/build/bumperbot/install.log --single-version-externally-managed install_data
[2.565s] Level 1:colcon.colcon_core.environment:checking '/root/ros2_ws/install/bumperbot' for CMake module files
[2.570s] DEBUG:colcon.colcon_core.event_handler.log_command:Invoked command in '/root/ros2_ws/src/bumperbot' returned '0': PYTHONPATH=/root/ros2_ws/build/bumperbot/prefix_override:/usr/lib/python3/dist-packages/colcon_core/task/python/colcon_distutils_commands:/root/ros2_ws/install/bumperbot/lib/python3.10/site-packages:${PYTHONPATH} /usr/bin/python3 -W ignore:setup.py install is deprecated setup.py egg_info --egg-base ../../build/bumperbot build --build-base /root/ros2_ws/build/bumperbot/build install --record /root/ros2_ws/build/bumperbot/install.log --single-version-externally-managed install_data
[2.571s] Level 1:colcon.colcon_core.environment:checking '/root/ros2_ws/install/bumperbot' for CMake config files
[2.575s] Level 1:colcon.colcon_core.environment:checking '/root/ros2_ws/install/bumperbot/lib'
[2.576s] Level 1:colcon.colcon_core.environment:checking '/root/ros2_ws/install/bumperbot/bin'
[2.576s] Level 1:colcon.colcon_core.environment:checking '/root/ros2_ws/install/bumperbot/lib/pkgconfig/bumperbot.pc'
[2.577s] Level 1:colcon.colcon_core.environment:checking '/root/ros2_ws/install/bumperbot/lib/python3.10/site-packages'
[2.578s] Level 1:colcon.colcon_core.shell:create_environment_hook('bumperbot', 'pythonpath')
[2.578s] INFO:colcon.colcon_core.shell:Creating environment hook '/root/ros2_ws/install/bumperbot/share/bumperbot/hook/pythonpath.ps1'
[2.580s] INFO:colcon.colcon_core.shell:Creating environment descriptor '/root/ros2_ws/install/bumperbot/share/bumperbot/hook/pythonpath.dsv'
[2.582s] INFO:colcon.colcon_core.shell:Creating environment hook '/root/ros2_ws/install/bumperbot/share/bumperbot/hook/pythonpath.sh'
[2.584s] Level 1:colcon.colcon_core.environment:checking '/root/ros2_ws/install/bumperbot/bin'
[2.584s] Level 1:colcon.colcon_core.environment:create_environment_scripts_only(bumperbot)
[2.585s] INFO:colcon.colcon_core.shell:Creating package script '/root/ros2_ws/install/bumperbot/share/bumperbot/package.ps1'
[2.587s] INFO:colcon.colcon_core.shell:Creating package descriptor '/root/ros2_ws/install/bumperbot/share/bumperbot/package.dsv'
[2.589s] INFO:colcon.colcon_core.shell:Creating package script '/root/ros2_ws/install/bumperbot/share/bumperbot/package.sh'
[2.590s] INFO:colcon.colcon_core.shell:Creating package script '/root/ros2_ws/install/bumperbot/share/bumperbot/package.bash'
[2.592s] INFO:colcon.colcon_core.shell:Creating package script '/root/ros2_ws/install/bumperbot/share/bumperbot/package.zsh'
[2.593s] Level 1:colcon.colcon_core.environment:create_file_with_runtime_dependencies(/root/ros2_ws/install/bumperbot/share/colcon-core/packages/bumperbot)
[4.461s] DEBUG:colcon.colcon_core.event_handler.log_command:Invoked command in '/root/ros2_ws/build/bumperbot_controller' returned '0': CMAKE_PREFIX_PATH=/opt/ros/humble /usr/bin/cmake --build /root/ros2_ws/build/bumperbot_controller -- -j16 -l16
[4.509s] DEBUG:colcon.colcon_core.event_handler.log_command:Invoking command in '/root/ros2_ws/build/bumperbot_controller': CMAKE_PREFIX_PATH=/opt/ros/humble /usr/bin/cmake --install /root/ros2_ws/build/bumperbot_controller
[4.774s] Level 1:colcon.colcon_core.environment:create_environment_scripts_only(bumperbot_controller)
[4.775s] Level 1:colcon.colcon_core.environment:checking '/root/ros2_ws/install/bumperbot_controller' for CMake module files
[4.776s] DEBUG:colcon.colcon_core.event_handler.log_command:Invoked command in '/root/ros2_ws/build/bumperbot_controller' returned '0': CMAKE_PREFIX_PATH=/opt/ros/humble /usr/bin/cmake --install /root/ros2_ws/build/bumperbot_controller
[4.777s] Level 1:colcon.colcon_core.environment:checking '/root/ros2_ws/install/bumperbot_controller' for CMake config files
[4.778s] Level 1:colcon.colcon_core.shell:create_environment_hook('bumperbot_controller', 'cmake_prefix_path')
[4.779s] INFO:colcon.colcon_core.shell:Creating environment hook '/root/ros2_ws/install/bumperbot_controller/share/bumperbot_controller/hook/cmake_prefix_path.ps1'
[4.780s] INFO:colcon.colcon_core.shell:Creating environment descriptor '/root/ros2_ws/install/bumperbot_controller/share/bumperbot_controller/hook/cmake_prefix_path.dsv'
[4.780s] INFO:colcon.colcon_core.shell:Creating environment hook '/root/ros2_ws/install/bumperbot_controller/share/bumperbot_controller/hook/cmake_prefix_path.sh'
[4.781s] Level 1:colcon.colcon_core.environment:checking '/root/ros2_ws/install/bumperbot_controller/lib'
[4.782s] Level 1:colcon.colcon_core.environment:checking '/root/ros2_ws/install/bumperbot_controller/bin'
[4.782s] Level 1:colcon.colcon_core.environment:checking '/root/ros2_ws/install/bumperbot_controller/lib/pkgconfig/bumperbot_controller.pc'
[4.782s] Level 1:colcon.colcon_core.environment:checking '/root/ros2_ws/install/bumperbot_controller/lib/python3.10/site-packages'
[4.783s] Level 1:colcon.colcon_core.environment:checking '/root/ros2_ws/install/bumperbot_controller/bin'
[4.783s] INFO:colcon.colcon_core.shell:Creating package script '/root/ros2_ws/install/bumperbot_controller/share/bumperbot_controller/package.ps1'
[4.784s] INFO:colcon.colcon_core.shell:Creating package descriptor '/root/ros2_ws/install/bumperbot_controller/share/bumperbot_controller/package.dsv'
[4.785s] INFO:colcon.colcon_core.shell:Creating package script '/root/ros2_ws/install/bumperbot_controller/share/bumperbot_controller/package.sh'
[4.786s] INFO:colcon.colcon_core.shell:Creating package script '/root/ros2_ws/install/bumperbot_controller/share/bumperbot_controller/package.bash'
[4.786s] INFO:colcon.colcon_core.shell:Creating package script '/root/ros2_ws/install/bumperbot_controller/share/bumperbot_controller/package.zsh'
[4.787s] Level 1:colcon.colcon_core.environment:create_file_with_runtime_dependencies(/root/ros2_ws/install/bumperbot_controller/share/colcon-core/packages/bumperbot_controller)
[4.832s] Level 1:colcon.colcon_core.environment:create_environment_scripts_only(bumperbot_controller)
[4.832s] Level 1:colcon.colcon_core.environment:checking '/root/ros2_ws/install/bumperbot_controller' for CMake module files
[4.833s] Level 1:colcon.colcon_core.environment:checking '/root/ros2_ws/install/bumperbot_controller' for CMake config files
[4.834s] Level 1:colcon.colcon_core.shell:create_environment_hook('bumperbot_controller', 'cmake_prefix_path')
[4.834s] INFO:colcon.colcon_core.shell:Creating environment hook '/root/ros2_ws/install/bumperbot_controller/share/bumperbot_controller/hook/cmake_prefix_path.ps1'
[4.835s] INFO:colcon.colcon_core.shell:Creating environment descriptor '/root/ros2_ws/install/bumperbot_controller/share/bumperbot_controller/hook/cmake_prefix_path.dsv'
[4.836s] INFO:colcon.colcon_core.shell:Creating environment hook '/root/ros2_ws/install/bumperbot_controller/share/bumperbot_controller/hook/cmake_prefix_path.sh'
[4.837s] Level 1:colcon.colcon_core.environment:checking '/root/ros2_ws/install/bumperbot_controller/lib'
[4.838s] Level 1:colcon.colcon_core.environment:checking '/root/ros2_ws/install/bumperbot_controller/bin'
[4.838s] Level 1:colcon.colcon_core.environment:checking '/root/ros2_ws/install/bumperbot_controller/lib/pkgconfig/bumperbot_controller.pc'
[4.838s] Level 1:colcon.colcon_core.environment:checking '/root/ros2_ws/install/bumperbot_controller/lib/python3.10/site-packages'
[4.839s] Level 1:colcon.colcon_core.environment:checking '/root/ros2_ws/install/bumperbot_controller/bin'
[4.840s] INFO:colcon.colcon_core.shell:Creating package script '/root/ros2_ws/install/bumperbot_controller/share/bumperbot_controller/package.ps1'
[4.841s] INFO:colcon.colcon_core.shell:Creating package descriptor '/root/ros2_ws/install/bumperbot_controller/share/bumperbot_controller/package.dsv'
[4.842s] INFO:colcon.colcon_core.shell:Creating package script '/root/ros2_ws/install/bumperbot_controller/share/bumperbot_controller/package.sh'
[4.843s] INFO:colcon.colcon_core.shell:Creating package script '/root/ros2_ws/install/bumperbot_controller/share/bumperbot_controller/package.bash'
[4.844s] INFO:colcon.colcon_core.shell:Creating package script '/root/ros2_ws/install/bumperbot_controller/share/bumperbot_controller/package.zsh'
[4.845s] Level 1:colcon.colcon_core.environment:create_file_with_runtime_dependencies(/root/ros2_ws/install/bumperbot_controller/share/colcon-core/packages/bumperbot_controller)
[4.846s] DEBUG:colcon.colcon_parallel_executor.executor.parallel:closing loop
[4.847s] DEBUG:colcon.colcon_parallel_executor.executor.parallel:loop closed
[4.848s] DEBUG:colcon.colcon_parallel_executor.executor.parallel:run_until_complete finished with '0'
[4.848s] DEBUG:colcon.colcon_core.event_reactor:joining thread
[4.861s] INFO:colcon.colcon_core.plugin_system:Skipping extension 'colcon_notification.desktop_notification.notify_send': Could not find 'notify-send'
[4.861s] INFO:colcon.colcon_core.plugin_system:Skipping extension 'colcon_notification.desktop_notification.terminal_notifier': Not used on non-Darwin systems
[4.862s] INFO:colcon.colcon_core.plugin_system:Skipping extension 'colcon_notification.desktop_notification.win32': Not used on non-Windows systems
[4.862s] INFO:colcon.colcon_notification.desktop_notification:Sending desktop notification using 'notify2'
[4.866s] DEBUG:colcon.colcon_notification.desktop_notification.notify2:Failed to initialize notify2: org.freedesktop.DBus.Error.Spawn.ExecFailed: /usr/bin/dbus-launch terminated abnormally without any error message
[4.867s] DEBUG:colcon.colcon_core.event_reactor:joined thread
[4.868s] INFO:colcon.colcon_core.shell:Creating prefix script '/root/ros2_ws/install/local_setup.ps1'
[4.870s] INFO:colcon.colcon_core.shell:Creating prefix util module '/root/ros2_ws/install/_local_setup_util_ps1.py'
[4.873s] INFO:colcon.colcon_core.shell:Creating prefix chain script '/root/ros2_ws/install/setup.ps1'
[4.876s] INFO:colcon.colcon_core.shell:Creating prefix script '/root/ros2_ws/install/local_setup.sh'
[4.877s] INFO:colcon.colcon_core.shell:Creating prefix util module '/root/ros2_ws/install/_local_setup_util_sh.py'
[4.878s] INFO:colcon.colcon_core.shell:Creating prefix chain script '/root/ros2_ws/install/setup.sh'
[4.880s] INFO:colcon.colcon_core.shell:Creating prefix script '/root/ros2_ws/install/local_setup.bash'
[4.881s] INFO:colcon.colcon_core.shell:Creating prefix chain script '/root/ros2_ws/install/setup.bash'
[4.885s] INFO:colcon.colcon_core.shell:Creating prefix script '/root/ros2_ws/install/local_setup.zsh'
[4.886s] INFO:colcon.colcon_core.shell:Creating prefix chain script '/root/ros2_ws/install/setup.zsh'
