[2.763s] Invoking command in '/root/ros2_ws/src/bumperbot': PYTHONPATH=/root/ros2_ws/build/bumperbot/prefix_override:/usr/lib/python3/dist-packages/colcon_core/task/python/colcon_distutils_commands:/root/ros2_ws/install/bumperbot/lib/python3.10/site-packages:${PYTHONPATH} /usr/bin/python3 -W ignore:setup.py install is deprecated setup.py egg_info --egg-base ../../build/bumperbot build --build-base /root/ros2_ws/build/bumperbot/build install --record /root/ros2_ws/build/bumperbot/install.log --single-version-externally-managed install_data
[3.789s] running egg_info
[3.792s] writing ../../build/bumperbot/bumperbot.egg-info/PKG-INFO
[3.794s] writing dependency_links to ../../build/bumperbot/bumperbot.egg-info/dependency_links.txt
[3.795s] writing entry points to ../../build/bumperbot/bumperbot.egg-info/entry_points.txt
[3.796s] writing requirements to ../../build/bumperbot/bumperbot.egg-info/requires.txt
[3.798s] writing top-level names to ../../build/bumperbot/bumperbot.egg-info/top_level.txt
[3.811s] reading manifest file '../../build/bumperbot/bumperbot.egg-info/SOURCES.txt'
[3.815s] writing manifest file '../../build/bumperbot/bumperbot.egg-info/SOURCES.txt'
[3.816s] running build
[3.817s] running build_py
[3.818s] running install
[3.819s] running install_lib
[3.825s] running install_data
[3.825s] running install_egg_info
[3.831s] removing '/root/ros2_ws/install/bumperbot/lib/python3.10/site-packages/bumperbot-0.0.0-py3.10.egg-info' (and everything under it)
[3.834s] Copying ../../build/bumperbot/bumperbot.egg-info to /root/ros2_ws/install/bumperbot/lib/python3.10/site-packages/bumperbot-0.0.0-py3.10.egg-info
[3.842s] running install_scripts
[3.911s] Installing simple_parameter script to /root/ros2_ws/install/bumperbot/lib/bumperbot
[3.912s] Installing simple_publisher script to /root/ros2_ws/install/bumperbot/lib/bumperbot
[3.913s] Installing simple_subscriber script to /root/ros2_ws/install/bumperbot/lib/bumperbot
[3.913s] Installing simple_turtlesim_kinematics script to /root/ros2_ws/install/bumperbot/lib/bumperbot
[3.914s] writing list of installed files to '/root/ros2_ws/build/bumperbot/install.log'
[4.003s] Invoked command in '/root/ros2_ws/src/bumperbot' returned '0': PYTHONPATH=/root/ros2_ws/build/bumperbot/prefix_override:/usr/lib/python3/dist-packages/colcon_core/task/python/colcon_distutils_commands:/root/ros2_ws/install/bumperbot/lib/python3.10/site-packages:${PYTHONPATH} /usr/bin/python3 -W ignore:setup.py install is deprecated setup.py egg_info --egg-base ../../build/bumperbot build --build-base /root/ros2_ws/build/bumperbot/build install --record /root/ros2_ws/build/bumperbot/install.log --single-version-externally-managed install_data
