[0.477s] Invoking command in '/root/ros2_ws/build/bumperbot_description': CMAKE_PREFIX_PATH=/opt/ros/humble /usr/bin/cmake --build /root/ros2_ws/build/bumperbot_description -- -j16 -l16
[0.607s] -- Found ament_cmake: 1.3.10 (/opt/ros/humble/share/ament_cmake/cmake)
[0.925s] -- Found ament_lint_auto: 0.12.11 (/opt/ros/humble/share/ament_lint_auto/cmake)
[1.100s] -- Added test 'flake8' to check Python code syntax and style conventions
[1.102s] -- Added test 'lint_cmake' to check CMake code style
[1.103s] -- Added test 'pep257' to check Python code against some of the docstring style conventions in PEP 257
[1.107s] -- Added test 'xmllint' to check XML markup files
[1.110s] -- Configuring done
[1.123s] -- Generating done
[1.125s] -- Build files have been written to: /root/ros2_ws/build/bumperbot_description
[1.160s] Invoked command in '/root/ros2_ws/build/bumperbot_description' returned '0': CMAKE_PREFIX_PATH=/opt/ros/humble /usr/bin/cmake --build /root/ros2_ws/build/bumperbot_description -- -j16 -l16
[1.219s] Invoking command in '/root/ros2_ws/build/bumperbot_description': CMAKE_PREFIX_PATH=/opt/ros/humble /usr/bin/cmake --install /root/ros2_ws/build/bumperbot_description
[1.232s] -- Install configuration: ""
[1.232s] -- Up-to-date: /root/ros2_ws/install/bumperbot_description/share/bumperbot_description/meshes
[1.233s] -- Up-to-date: /root/ros2_ws/install/bumperbot_description/share/bumperbot_description/meshes/caster_rear_link.STL
[1.233s] -- Up-to-date: /root/ros2_ws/install/bumperbot_description/share/bumperbot_description/meshes/base_link.STL
[1.233s] -- Up-to-date: /root/ros2_ws/install/bumperbot_description/share/bumperbot_description/meshes/caster_front_link.STL
[1.234s] -- Up-to-date: /root/ros2_ws/install/bumperbot_description/share/bumperbot_description/meshes/wheel_left_link.STL
[1.234s] -- Up-to-date: /root/ros2_ws/install/bumperbot_description/share/bumperbot_description/meshes/wheel_right_link.STL
[1.234s] -- Up-to-date: /root/ros2_ws/install/bumperbot_description/share/bumperbot_description/meshes/imu_link.STL
[1.234s] -- Up-to-date: /root/ros2_ws/install/bumperbot_description/share/bumperbot_description/urdf
[1.235s] -- Installing: /root/ros2_ws/install/bumperbot_description/share/bumperbot_description/urdf/bumperbot_ros2_control.xacro
[1.235s] -- Installing: /root/ros2_ws/install/bumperbot_description/share/bumperbot_description/urdf/bumperbot.urdf.xacro
[1.235s] -- Installing: /root/ros2_ws/install/bumperbot_description/share/bumperbot_description/urdf/bumperbot_gazebo.xacro
[1.236s] -- Up-to-date: /root/ros2_ws/install/bumperbot_description/share/bumperbot_description/launch
[1.237s] -- Up-to-date: /root/ros2_ws/install/bumperbot_description/share/bumperbot_description/launch/gazebo.launch.py
[1.237s] -- Up-to-date: /root/ros2_ws/install/bumperbot_description/share/bumperbot_description/launch/display.launch.py
[1.237s] -- Up-to-date: /root/ros2_ws/install/bumperbot_description/share/bumperbot_description/rviz
[1.238s] -- Up-to-date: /root/ros2_ws/install/bumperbot_description/share/bumperbot_description/rviz/display.rviz
[1.238s] -- Installing: /root/ros2_ws/install/bumperbot_description/share/ament_index/resource_index/package_run_dependencies/bumperbot_description
[1.238s] -- Installing: /root/ros2_ws/install/bumperbot_description/share/ament_index/resource_index/parent_prefix_path/bumperbot_description
[1.239s] -- Up-to-date: /root/ros2_ws/install/bumperbot_description/share/bumperbot_description/environment/ament_prefix_path.sh
[1.239s] -- Installing: /root/ros2_ws/install/bumperbot_description/share/bumperbot_description/environment/ament_prefix_path.dsv
[1.239s] -- Up-to-date: /root/ros2_ws/install/bumperbot_description/share/bumperbot_description/environment/path.sh
[1.240s] -- Installing: /root/ros2_ws/install/bumperbot_description/share/bumperbot_description/environment/path.dsv
[1.240s] -- Up-to-date: /root/ros2_ws/install/bumperbot_description/share/bumperbot_description/local_setup.bash
[1.241s] -- Up-to-date: /root/ros2_ws/install/bumperbot_description/share/bumperbot_description/local_setup.sh
[1.241s] -- Up-to-date: /root/ros2_ws/install/bumperbot_description/share/bumperbot_description/local_setup.zsh
[1.242s] -- Installing: /root/ros2_ws/install/bumperbot_description/share/bumperbot_description/local_setup.dsv
[1.242s] -- Installing: /root/ros2_ws/install/bumperbot_description/share/bumperbot_description/package.dsv
[1.242s] -- Up-to-date: /root/ros2_ws/install/bumperbot_description/share/ament_index/resource_index/packages/bumperbot_description
[1.243s] -- Up-to-date: /root/ros2_ws/install/bumperbot_description/share/bumperbot_description/cmake/bumperbot_descriptionConfig.cmake
[1.243s] -- Up-to-date: /root/ros2_ws/install/bumperbot_description/share/bumperbot_description/cmake/bumperbot_descriptionConfig-version.cmake
[1.243s] -- Installing: /root/ros2_ws/install/bumperbot_description/share/bumperbot_description/package.xml
[1.247s] Invoked command in '/root/ros2_ws/build/bumperbot_description' returned '0': CMAKE_PREFIX_PATH=/opt/ros/humble /usr/bin/cmake --install /root/ros2_ws/build/bumperbot_description
