[1.470s] Invoking command in '/root/ros2_ws/src/bumperbot': PYTHONPATH=/root/ros2_ws/build/bumperbot/prefix_override:/usr/lib/python3/dist-packages/colcon_core/task/python/colcon_distutils_commands:/root/ros2_ws/install/bumperbot/lib/python3.10/site-packages:${PYTHONPATH} /usr/bin/python3 -W ignore:setup.py install is deprecated setup.py egg_info --egg-base ../../build/bumperbot build --build-base /root/ros2_ws/build/bumperbot/build install --record /root/ros2_ws/build/bumperbot/install.log --single-version-externally-managed install_data
[1.908s] running egg_info
[1.910s] writing ../../build/bumperbot/bumperbot.egg-info/PKG-INFO
[1.912s] writing dependency_links to ../../build/bumperbot/bumperbot.egg-info/dependency_links.txt
[1.913s] writing entry points to ../../build/bumperbot/bumperbot.egg-info/entry_points.txt
[1.914s] writing requirements to ../../build/bumperbot/bumperbot.egg-info/requires.txt
[1.915s] writing top-level names to ../../build/bumperbot/bumperbot.egg-info/top_level.txt
[1.921s] reading manifest file '../../build/bumperbot/bumperbot.egg-info/SOURCES.txt'
[1.924s] writing manifest file '../../build/bumperbot/bumperbot.egg-info/SOURCES.txt'
[1.924s] running build
[1.924s] running build_py
[1.925s] running install
[1.926s] running install_lib
[1.929s] running install_data
[1.929s] running install_egg_info
[1.933s] removing '/root/ros2_ws/install/bumperbot/lib/python3.10/site-packages/bumperbot-0.0.0-py3.10.egg-info' (and everything under it)
[1.934s] Copying ../../build/bumperbot/bumperbot.egg-info to /root/ros2_ws/install/bumperbot/lib/python3.10/site-packages/bumperbot-0.0.0-py3.10.egg-info
[1.938s] running install_scripts
[1.981s] Installing simple_parameter script to /root/ros2_ws/install/bumperbot/lib/bumperbot
[1.981s] Installing simple_publisher script to /root/ros2_ws/install/bumperbot/lib/bumperbot
[1.982s] Installing simple_subscriber script to /root/ros2_ws/install/bumperbot/lib/bumperbot
[1.983s] writing list of installed files to '/root/ros2_ws/build/bumperbot/install.log'
[2.031s] Invoked command in '/root/ros2_ws/src/bumperbot' returned '0': PYTHONPATH=/root/ros2_ws/build/bumperbot/prefix_override:/usr/lib/python3/dist-packages/colcon_core/task/python/colcon_distutils_commands:/root/ros2_ws/install/bumperbot/lib/python3.10/site-packages:${PYTHONPATH} /usr/bin/python3 -W ignore:setup.py install is deprecated setup.py egg_info --egg-base ../../build/bumperbot build --build-base /root/ros2_ws/build/bumperbot/build install --record /root/ros2_ws/build/bumperbot/install.log --single-version-externally-managed install_data
