[2.733s] Invoking command in '/root/ros2_ws/src/bumperbot': PYTHONPATH=/root/ros2_ws/build/bumperbot/prefix_override:/usr/lib/python3/dist-packages/colcon_core/task/python/colcon_distutils_commands:/root/ros2_ws/install/bumperbot/lib/python3.10/site-packages:${PYTHONPATH} /usr/bin/python3 -W ignore:setup.py install is deprecated setup.py egg_info --egg-base ../../build/bumperbot build --build-base /root/ros2_ws/build/bumperbot/build install --record /root/ros2_ws/build/bumperbot/install.log --single-version-externally-managed install_data
[3.435s] running egg_info
[3.437s] writing ../../build/bumperbot/bumperbot.egg-info/PKG-INFO
[3.438s] writing dependency_links to ../../build/bumperbot/bumperbot.egg-info/dependency_links.txt
[3.440s] writing entry points to ../../build/bumperbot/bumperbot.egg-info/entry_points.txt
[3.441s] writing requirements to ../../build/bumperbot/bumperbot.egg-info/requires.txt
[3.441s] writing top-level names to ../../build/bumperbot/bumperbot.egg-info/top_level.txt
[3.460s] reading manifest file '../../build/bumperbot/bumperbot.egg-info/SOURCES.txt'
[3.461s] writing manifest file '../../build/bumperbot/bumperbot.egg-info/SOURCES.txt'
[3.462s] running build
[3.463s] running build_py
[3.463s] running install
[3.464s] running install_lib
[3.467s] running install_data
[3.468s] running install_egg_info
[3.475s] removing '/root/ros2_ws/install/bumperbot/lib/python3.10/site-packages/bumperbot-0.0.0-py3.10.egg-info' (and everything under it)
[3.476s] Copying ../../build/bumperbot/bumperbot.egg-info to /root/ros2_ws/install/bumperbot/lib/python3.10/site-packages/bumperbot-0.0.0-py3.10.egg-info
[3.484s] running install_scripts
[3.584s] Installing simple_parameter script to /root/ros2_ws/install/bumperbot/lib/bumperbot
[3.585s] Installing simple_publisher script to /root/ros2_ws/install/bumperbot/lib/bumperbot
[3.586s] Installing simple_subscriber script to /root/ros2_ws/install/bumperbot/lib/bumperbot
[3.588s] writing list of installed files to '/root/ros2_ws/build/bumperbot/install.log'
[3.710s] Invoked command in '/root/ros2_ws/src/bumperbot' returned '0': PYTHONPATH=/root/ros2_ws/build/bumperbot/prefix_override:/usr/lib/python3/dist-packages/colcon_core/task/python/colcon_distutils_commands:/root/ros2_ws/install/bumperbot/lib/python3.10/site-packages:${PYTHONPATH} /usr/bin/python3 -W ignore:setup.py install is deprecated setup.py egg_info --egg-base ../../build/bumperbot build --build-base /root/ros2_ws/build/bumperbot/build install --record /root/ros2_ws/build/bumperbot/install.log --single-version-externally-managed install_data
