[0.654s] Invoking command in '/root/ros2_ws/src/bumperbot': PYTHONPATH=/root/ros2_ws/build/bumperbot/prefix_override:/usr/lib/python3/dist-packages/colcon_core/task/python/colcon_distutils_commands:/root/ros2_ws/install/bumperbot/lib/python3.10/site-packages: /usr/bin/python3 -W ignore:setup.py install is deprecated setup.py egg_info --egg-base ../../build/bumperbot build --build-base /root/ros2_ws/build/bumperbot/build install --record /root/ros2_ws/build/bumperbot/install.log --single-version-externally-managed install_data
[0.840s] running egg_info
[0.841s] writing ../../build/bumperbot/bumperbot.egg-info/PKG-INFO
[0.841s] writing dependency_links to ../../build/bumperbot/bumperbot.egg-info/dependency_links.txt
[0.842s] writing entry points to ../../build/bumperbot/bumperbot.egg-info/entry_points.txt
[0.842s] writing requirements to ../../build/bumperbot/bumperbot.egg-info/requires.txt
[0.842s] writing top-level names to ../../build/bumperbot/bumperbot.egg-info/top_level.txt
[0.844s] reading manifest file '../../build/bumperbot/bumperbot.egg-info/SOURCES.txt'
[0.846s] writing manifest file '../../build/bumperbot/bumperbot.egg-info/SOURCES.txt'
[0.846s] running build
[0.847s] running build_py
[0.847s] running install
[0.847s] running install_lib
[0.849s] running install_data
[0.849s] running install_egg_info
[0.852s] removing '/root/ros2_ws/install/bumperbot/lib/python3.10/site-packages/bumperbot-0.0.0-py3.10.egg-info' (and everything under it)
[0.853s] Copying ../../build/bumperbot/bumperbot.egg-info to /root/ros2_ws/install/bumperbot/lib/python3.10/site-packages/bumperbot-0.0.0-py3.10.egg-info
[0.857s] running install_scripts
[0.885s] Installing simple_parameter script to /root/ros2_ws/install/bumperbot/lib/bumperbot
[0.885s] Installing simple_publisher script to /root/ros2_ws/install/bumperbot/lib/bumperbot
[0.885s] Installing simple_subscriber script to /root/ros2_ws/install/bumperbot/lib/bumperbot
[0.886s] writing list of installed files to '/root/ros2_ws/build/bumperbot/install.log'
[0.921s] Invoked command in '/root/ros2_ws/src/bumperbot' returned '0': PYTHONPATH=/root/ros2_ws/build/bumperbot/prefix_override:/usr/lib/python3/dist-packages/colcon_core/task/python/colcon_distutils_commands:/root/ros2_ws/install/bumperbot/lib/python3.10/site-packages: /usr/bin/python3 -W ignore:setup.py install is deprecated setup.py egg_info --egg-base ../../build/bumperbot build --build-base /root/ros2_ws/build/bumperbot/build install --record /root/ros2_ws/build/bumperbot/install.log --single-version-externally-managed install_data
