[0.479s] Invoking command in '/root/ros2_ws/build/bumperbot_controller': CMAKE_PREFIX_PATH=/opt/ros/humble /usr/bin/cmake /root/ros2_ws/src/bumperbot_controller -DAMENT_CMAKE_SYMLINK_INSTALL=1 -DCMAKE_INSTALL_PREFIX=/root/ros2_ws/install/bumperbot_controller
[0.501s] -- Found ament_cmake: 1.3.10 (/opt/ros/humble/share/ament_cmake/cmake)
[0.714s] -- Override CMake install command with custom implementation using symlinks instead of copying resources
[0.732s] -- Found ament_lint_auto: 0.12.11 (/opt/ros/humble/share/ament_lint_auto/cmake)
[0.863s] -- Added test 'lint_cmake' to check CMake code style
[0.865s] -- Added test 'xmllint' to check XML markup files
[0.868s] -- Configuring done
[0.876s] -- Generating done
[0.879s] -- Build files have been written to: /root/ros2_ws/build/bumperbot_controller
[0.886s] Invoked command in '/root/ros2_ws/build/bumperbot_controller' returned '0': CMAKE_PREFIX_PATH=/opt/ros/humble /usr/bin/cmake /root/ros2_ws/src/bumperbot_controller -DAMENT_CMAKE_SYMLINK_INSTALL=1 -DCMAKE_INSTALL_PREFIX=/root/ros2_ws/install/bumperbot_controller
[0.891s] Invoking command in '/root/ros2_ws/build/bumperbot_controller': CMAKE_PREFIX_PATH=/opt/ros/humble /usr/bin/cmake --build /root/ros2_ws/build/bumperbot_controller -- -j16 -l16
[0.960s] Invoked command in '/root/ros2_ws/build/bumperbot_controller' returned '0': CMAKE_PREFIX_PATH=/opt/ros/humble /usr/bin/cmake --build /root/ros2_ws/build/bumperbot_controller -- -j16 -l16
[1.017s] Invoking command in '/root/ros2_ws/build/bumperbot_controller': CMAKE_PREFIX_PATH=/opt/ros/humble /usr/bin/cmake --install /root/ros2_ws/build/bumperbot_controller
[1.031s] -- Install configuration: ""
[1.032s] -- Execute custom install script
[1.032s] -- Symlinking: /root/ros2_ws/install/bumperbot_controller/share/bumperbot_controller/config/bumperbot_controller.yaml
[1.049s] -- Symlinking: /root/ros2_ws/install/bumperbot_controller/share/ament_index/resource_index/package_run_dependencies/bumperbot_controller
[1.062s] -- Symlinking: /root/ros2_ws/install/bumperbot_controller/share/ament_index/resource_index/parent_prefix_path/bumperbot_controller
[1.076s] -- Symlinking: /root/ros2_ws/install/bumperbot_controller/share/bumperbot_controller/environment/ament_prefix_path.sh
[1.095s] -- Symlinking: /root/ros2_ws/install/bumperbot_controller/share/bumperbot_controller/environment/ament_prefix_path.dsv
[1.111s] -- Symlinking: /root/ros2_ws/install/bumperbot_controller/share/bumperbot_controller/environment/path.sh
[1.125s] -- Symlinking: /root/ros2_ws/install/bumperbot_controller/share/bumperbot_controller/environment/path.dsv
[1.140s] -- Symlinking: /root/ros2_ws/install/bumperbot_controller/share/bumperbot_controller/local_setup.bash
[1.156s] -- Symlinking: /root/ros2_ws/install/bumperbot_controller/share/bumperbot_controller/local_setup.sh
[1.173s] -- Symlinking: /root/ros2_ws/install/bumperbot_controller/share/bumperbot_controller/local_setup.zsh
[1.187s] -- Symlinking: /root/ros2_ws/install/bumperbot_controller/share/bumperbot_controller/local_setup.dsv
[1.203s] -- Symlinking: /root/ros2_ws/install/bumperbot_controller/share/bumperbot_controller/package.dsv
[1.220s] -- Symlinking: /root/ros2_ws/install/bumperbot_controller/share/ament_index/resource_index/packages/bumperbot_controller
[1.236s] -- Symlinking: /root/ros2_ws/install/bumperbot_controller/share/bumperbot_controller/cmake/bumperbot_controllerConfig.cmake
[1.251s] -- Symlinking: /root/ros2_ws/install/bumperbot_controller/share/bumperbot_controller/cmake/bumperbot_controllerConfig-version.cmake
[1.266s] -- Symlinking: /root/ros2_ws/install/bumperbot_controller/share/bumperbot_controller/package.xml
[1.283s] Invoked command in '/root/ros2_ws/build/bumperbot_controller' returned '0': CMAKE_PREFIX_PATH=/opt/ros/humble /usr/bin/cmake --install /root/ros2_ws/build/bumperbot_controller
