[1.367s] Invoking command in '/root/ros2_ws/src/bumperbot': PYTHONPATH=/root/ros2_ws/build/bumperbot/prefix_override:/usr/lib/python3/dist-packages/colcon_core/task/python/colcon_distutils_commands:/root/ros2_ws/install/bumperbot/lib/python3.10/site-packages:${PYTHONPATH} /usr/bin/python3 -W ignore:setup.py install is deprecated setup.py egg_info --egg-base ../../build/bumperbot build --build-base /root/ros2_ws/build/bumperbot/build install --record /root/ros2_ws/build/bumperbot/install.log --single-version-externally-managed install_data
[1.738s] running egg_info
[1.740s] writing ../../build/bumperbot/bumperbot.egg-info/PKG-INFO
[1.740s] writing dependency_links to ../../build/bumperbot/bumperbot.egg-info/dependency_links.txt
[1.741s] writing entry points to ../../build/bumperbot/bumperbot.egg-info/entry_points.txt
[1.741s] writing requirements to ../../build/bumperbot/bumperbot.egg-info/requires.txt
[1.742s] writing top-level names to ../../build/bumperbot/bumperbot.egg-info/top_level.txt
[1.745s] reading manifest file '../../build/bumperbot/bumperbot.egg-info/SOURCES.txt'
[1.754s] writing manifest file '../../build/bumperbot/bumperbot.egg-info/SOURCES.txt'
[1.754s] running build
[1.754s] running build_py
[1.754s] copying bumperbot/simple_publisher.py -> /root/ros2_ws/build/bumperbot/build/lib/bumperbot
[1.756s] running install
[1.756s] running install_lib
[1.758s] copying /root/ros2_ws/build/bumperbot/build/lib/bumperbot/simple_publisher.py -> /root/ros2_ws/install/bumperbot/lib/python3.10/site-packages/bumperbot
[1.759s] byte-compiling /root/ros2_ws/install/bumperbot/lib/python3.10/site-packages/bumperbot/simple_publisher.py to simple_publisher.cpython-310.pyc
[1.761s] running install_data
[1.761s] running install_egg_info
[1.764s] removing '/root/ros2_ws/install/bumperbot/lib/python3.10/site-packages/bumperbot-0.0.0-py3.10.egg-info' (and everything under it)
[1.765s] Copying ../../build/bumperbot/bumperbot.egg-info to /root/ros2_ws/install/bumperbot/lib/python3.10/site-packages/bumperbot-0.0.0-py3.10.egg-info
[1.769s] running install_scripts
[1.802s] Installing simple_publisher script to /root/ros2_ws/install/bumperbot/lib/bumperbot
[1.802s] writing list of installed files to '/root/ros2_ws/build/bumperbot/install.log'
[1.838s] Invoked command in '/root/ros2_ws/src/bumperbot' returned '0': PYTHONPATH=/root/ros2_ws/build/bumperbot/prefix_override:/usr/lib/python3/dist-packages/colcon_core/task/python/colcon_distutils_commands:/root/ros2_ws/install/bumperbot/lib/python3.10/site-packages:${PYTHONPATH} /usr/bin/python3 -W ignore:setup.py install is deprecated setup.py egg_info --egg-base ../../build/bumperbot build --build-base /root/ros2_ws/build/bumperbot/build install --record /root/ros2_ws/build/bumperbot/install.log --single-version-externally-managed install_data
