[1.145s] Invoking command in '/root/ros2_ws/build/bumperbot_description': CMAKE_PREFIX_PATH=${CMAKE_PREFIX_PATH}:/root/ros2_ws/install/bumperbot:/opt/ros/humble /usr/bin/cmake /root/ros2_ws/src/bumperbot_description -DCMAKE_INSTALL_PREFIX=/root/ros2_ws/install/bumperbot_description
[1.164s] -- Found ament_cmake: 1.3.10 (/opt/ros/humble/share/ament_cmake/cmake)
[1.683s] -- Override CMake install command with custom implementation using symlinks instead of copying resources
[1.713s] -- Found ament_lint_auto: 0.12.11 (/opt/ros/humble/share/ament_lint_auto/cmake)
[2.023s] -- Added test 'flake8' to check Python code syntax and style conventions
[2.025s] -- Added test 'lint_cmake' to check CMake code style
[2.027s] -- Added test 'pep257' to check Python code against some of the docstring style conventions in PEP 257
[2.035s] -- Added test 'xmllint' to check XML markup files
[2.039s] -- Configuring done
[2.055s] -- Generating done
[2.060s] -- Build files have been written to: /root/ros2_ws/build/bumperbot_description
[2.074s] Invoked command in '/root/ros2_ws/build/bumperbot_description' returned '0': CMAKE_PREFIX_PATH=${CMAKE_PREFIX_PATH}:/root/ros2_ws/install/bumperbot:/opt/ros/humble /usr/bin/cmake /root/ros2_ws/src/bumperbot_description -DCMAKE_INSTALL_PREFIX=/root/ros2_ws/install/bumperbot_description
[2.084s] Invoking command in '/root/ros2_ws/build/bumperbot_description': CMAKE_PREFIX_PATH=${CMAKE_PREFIX_PATH}:/root/ros2_ws/install/bumperbot:/opt/ros/humble /usr/bin/cmake --build /root/ros2_ws/build/bumperbot_description -- -j16 -l16
[2.246s] Invoked command in '/root/ros2_ws/build/bumperbot_description' returned '0': CMAKE_PREFIX_PATH=${CMAKE_PREFIX_PATH}:/root/ros2_ws/install/bumperbot:/opt/ros/humble /usr/bin/cmake --build /root/ros2_ws/build/bumperbot_description -- -j16 -l16
[2.366s] Invoking command in '/root/ros2_ws/build/bumperbot_description': CMAKE_PREFIX_PATH=${CMAKE_PREFIX_PATH}:/root/ros2_ws/install/bumperbot:/opt/ros/humble /usr/bin/cmake --install /root/ros2_ws/build/bumperbot_description
[2.382s] -- Install configuration: ""
[2.383s] -- Execute custom install script
[2.385s] -- Up-to-date symlink: /root/ros2_ws/install/bumperbot_description/share/bumperbot_description/meshes/base_link.STL
[2.385s] -- Up-to-date symlink: /root/ros2_ws/install/bumperbot_description/share/bumperbot_description/meshes/caster_front_link.STL
[2.387s] -- Up-to-date symlink: /root/ros2_ws/install/bumperbot_description/share/bumperbot_description/meshes/caster_rear_link.STL
[2.387s] -- Up-to-date symlink: /root/ros2_ws/install/bumperbot_description/share/bumperbot_description/meshes/imu_link.STL
[2.388s] -- Up-to-date symlink: /root/ros2_ws/install/bumperbot_description/share/bumperbot_description/meshes/wheel_left_link.STL
[2.389s] -- Up-to-date symlink: /root/ros2_ws/install/bumperbot_description/share/bumperbot_description/meshes/wheel_right_link.STL
[2.390s] -- Up-to-date symlink: /root/ros2_ws/install/bumperbot_description/share/bumperbot_description/urdf/bumperbot.urdf.xacro
[2.390s] -- Up-to-date symlink: /root/ros2_ws/install/bumperbot_description/share/bumperbot_description/urdf/bumperbot_gazebo.xacro
[2.391s] -- Up-to-date symlink: /root/ros2_ws/install/bumperbot_description/share/bumperbot_description/urdf/bumperbot_ros2_control.xacro
[2.392s] -- Up-to-date symlink: /root/ros2_ws/install/bumperbot_description/share/bumperbot_description/launch/display.launch.py
[2.393s] -- Up-to-date symlink: /root/ros2_ws/install/bumperbot_description/share/bumperbot_description/launch/gazebo.launch.py
[2.394s] -- Up-to-date symlink: /root/ros2_ws/install/bumperbot_description/share/bumperbot_description/rviz/display.rviz
[2.395s] -- Up-to-date symlink: /root/ros2_ws/install/bumperbot_description/share/ament_index/resource_index/package_run_dependencies/bumperbot_description
[2.395s] -- Up-to-date symlink: /root/ros2_ws/install/bumperbot_description/share/ament_index/resource_index/parent_prefix_path/bumperbot_description
[2.396s] -- Up-to-date symlink: /root/ros2_ws/install/bumperbot_description/share/bumperbot_description/environment/ament_prefix_path.sh
[2.397s] -- Up-to-date symlink: /root/ros2_ws/install/bumperbot_description/share/bumperbot_description/environment/ament_prefix_path.dsv
[2.397s] -- Up-to-date symlink: /root/ros2_ws/install/bumperbot_description/share/bumperbot_description/environment/path.sh
[2.398s] -- Up-to-date symlink: /root/ros2_ws/install/bumperbot_description/share/bumperbot_description/environment/path.dsv
[2.399s] -- Up-to-date symlink: /root/ros2_ws/install/bumperbot_description/share/bumperbot_description/local_setup.bash
[2.400s] -- Up-to-date symlink: /root/ros2_ws/install/bumperbot_description/share/bumperbot_description/local_setup.sh
[2.401s] -- Up-to-date symlink: /root/ros2_ws/install/bumperbot_description/share/bumperbot_description/local_setup.zsh
[2.402s] -- Up-to-date symlink: /root/ros2_ws/install/bumperbot_description/share/bumperbot_description/local_setup.dsv
[2.402s] -- Symlinking: /root/ros2_ws/install/bumperbot_description/share/bumperbot_description/package.dsv
[2.430s] -- Up-to-date symlink: /root/ros2_ws/install/bumperbot_description/share/ament_index/resource_index/packages/bumperbot_description
[2.431s] -- Up-to-date symlink: /root/ros2_ws/install/bumperbot_description/share/bumperbot_description/cmake/bumperbot_descriptionConfig.cmake
[2.432s] -- Up-to-date symlink: /root/ros2_ws/install/bumperbot_description/share/bumperbot_description/cmake/bumperbot_descriptionConfig-version.cmake
[2.432s] -- Up-to-date symlink: /root/ros2_ws/install/bumperbot_description/share/bumperbot_description/package.xml
[2.439s] Invoked command in '/root/ros2_ws/build/bumperbot_description' returned '0': CMAKE_PREFIX_PATH=${CMAKE_PREFIX_PATH}:/root/ros2_ws/install/bumperbot:/opt/ros/humble /usr/bin/cmake --install /root/ros2_ws/build/bumperbot_description
