[1.174s] Invoking command in '/root/ros2_ws/src/bumperbot': PYTHONPATH=/root/ros2_ws/build/bumperbot/prefix_override:/usr/lib/python3/dist-packages/colcon_core/task/python/colcon_distutils_commands:/root/ros2_ws/install/bumperbot/lib/python3.10/site-packages:${PYTHONPATH} /usr/bin/python3 -W ignore:setup.py install is deprecated setup.py egg_info --egg-base ../../build/bumperbot build --build-base /root/ros2_ws/build/bumperbot/build install --record /root/ros2_ws/build/bumperbot/install.log --single-version-externally-managed install_data
[1.570s] running egg_info
[1.571s] writing ../../build/bumperbot/bumperbot.egg-info/PKG-INFO
[1.571s] writing dependency_links to ../../build/bumperbot/bumperbot.egg-info/dependency_links.txt
[1.571s] writing entry points to ../../build/bumperbot/bumperbot.egg-info/entry_points.txt
[1.572s] writing requirements to ../../build/bumperbot/bumperbot.egg-info/requires.txt
[1.572s] writing top-level names to ../../build/bumperbot/bumperbot.egg-info/top_level.txt
[1.575s] reading manifest file '../../build/bumperbot/bumperbot.egg-info/SOURCES.txt'
[1.576s] writing manifest file '../../build/bumperbot/bumperbot.egg-info/SOURCES.txt'
[1.577s] running build
[1.577s] running build_py
[1.578s] running install
[1.578s] running install_lib
[1.580s] running install_data
[1.581s] running install_egg_info
[1.583s] removing '/root/ros2_ws/install/bumperbot/lib/python3.10/site-packages/bumperbot-0.0.0-py3.10.egg-info' (and everything under it)
[1.584s] Copying ../../build/bumperbot/bumperbot.egg-info to /root/ros2_ws/install/bumperbot/lib/python3.10/site-packages/bumperbot-0.0.0-py3.10.egg-info
[1.587s] running install_scripts
[1.621s] Installing simple_parameter script to /root/ros2_ws/install/bumperbot/lib/bumperbot
[1.622s] Installing simple_publisher script to /root/ros2_ws/install/bumperbot/lib/bumperbot
[1.622s] Installing simple_subscriber script to /root/ros2_ws/install/bumperbot/lib/bumperbot
[1.622s] writing list of installed files to '/root/ros2_ws/build/bumperbot/install.log'
[1.660s] Invoked command in '/root/ros2_ws/src/bumperbot' returned '0': PYTHONPATH=/root/ros2_ws/build/bumperbot/prefix_override:/usr/lib/python3/dist-packages/colcon_core/task/python/colcon_distutils_commands:/root/ros2_ws/install/bumperbot/lib/python3.10/site-packages:${PYTHONPATH} /usr/bin/python3 -W ignore:setup.py install is deprecated setup.py egg_info --egg-base ../../build/bumperbot build --build-base /root/ros2_ws/build/bumperbot/build install --record /root/ros2_ws/build/bumperbot/install.log --single-version-externally-managed install_data
