[1.351s] Invoking command in '/root/ros2_ws/src/bumperbot': PYTHONPATH=/root/ros2_ws/build/bumperbot/prefix_override:/usr/lib/python3/dist-packages/colcon_core/task/python/colcon_distutils_commands:/root/ros2_ws/install/bumperbot/lib/python3.10/site-packages:${PYTHONPATH} /usr/bin/python3 -W ignore:setup.py install is deprecated setup.py egg_info --egg-base ../../build/bumperbot build --build-base /root/ros2_ws/build/bumperbot/build install --record /root/ros2_ws/build/bumperbot/install.log --single-version-externally-managed install_data
[1.733s] running egg_info
[1.734s] writing ../../build/bumperbot/bumperbot.egg-info/PKG-INFO
[1.735s] writing dependency_links to ../../build/bumperbot/bumperbot.egg-info/dependency_links.txt
[1.735s] writing entry points to ../../build/bumperbot/bumperbot.egg-info/entry_points.txt
[1.736s] writing requirements to ../../build/bumperbot/bumperbot.egg-info/requires.txt
[1.736s] writing top-level names to ../../build/bumperbot/bumperbot.egg-info/top_level.txt
[1.742s] reading manifest file '../../build/bumperbot/bumperbot.egg-info/SOURCES.txt'
[1.748s] writing manifest file '../../build/bumperbot/bumperbot.egg-info/SOURCES.txt'
[1.748s] running build
[1.749s] running build_py
[1.749s] copying bumperbot/simple_publisher.py -> /root/ros2_ws/build/bumperbot/build/lib/bumperbot
[1.749s] running install
[1.750s] running install_lib
[1.751s] copying /root/ros2_ws/build/bumperbot/build/lib/bumperbot/simple_publisher.py -> /root/ros2_ws/install/bumperbot/lib/python3.10/site-packages/bumperbot
[1.752s] byte-compiling /root/ros2_ws/install/bumperbot/lib/python3.10/site-packages/bumperbot/simple_publisher.py to simple_publisher.cpython-310.pyc
[1.753s] running install_data
[1.753s] copying package.xml -> /root/ros2_ws/install/bumperbot/share/bumperbot
[1.753s] running install_egg_info
[1.757s] removing '/root/ros2_ws/install/bumperbot/lib/python3.10/site-packages/bumperbot-0.0.0-py3.10.egg-info' (and everything under it)
[1.758s] Copying ../../build/bumperbot/bumperbot.egg-info to /root/ros2_ws/install/bumperbot/lib/python3.10/site-packages/bumperbot-0.0.0-py3.10.egg-info
[1.761s] running install_scripts
[1.794s] Installing simple_publisher script to /root/ros2_ws/install/bumperbot/lib/bumperbot
[1.795s] writing list of installed files to '/root/ros2_ws/build/bumperbot/install.log'
[1.830s] Invoked command in '/root/ros2_ws/src/bumperbot' returned '0': PYTHONPATH=/root/ros2_ws/build/bumperbot/prefix_override:/usr/lib/python3/dist-packages/colcon_core/task/python/colcon_distutils_commands:/root/ros2_ws/install/bumperbot/lib/python3.10/site-packages:${PYTHONPATH} /usr/bin/python3 -W ignore:setup.py install is deprecated setup.py egg_info --egg-base ../../build/bumperbot build --build-base /root/ros2_ws/build/bumperbot/build install --record /root/ros2_ws/build/bumperbot/install.log --single-version-externally-managed install_data
