[2.891s] Invoking command in '/root/ros2_ws/build/bumperbot': PYTHONPATH=/root/ros2_ws/build/bumperbot/prefix_override:/usr/lib/python3/dist-packages/colcon_core/task/python/colcon_distutils_commands:/root/ros2_ws/install/bumperbot/lib/python3.10/site-packages:${PYTHONPATH} /usr/bin/python3 -W ignore:setup.py install is deprecated setup.py develop --uninstall --editable --build-directory /root/ros2_ws/build/bumperbot/build
[4.110s] running develop
[4.111s] /usr/lib/python3/dist-packages/setuptools/command/easy_install.py:158: EasyInstallDeprecationWarning: easy_install command is deprecated. Use build and pip and other standards-based tools.
[4.111s]   warnings.warn(
[4.834s] Removing /root/ros2_ws/install/bumperbot/lib/python3.10/site-packages/bumperbot.egg-link (link to .)
[4.949s] Invoked command in '/root/ros2_ws/build/bumperbot' returned '0': PYTHONPATH=/root/ros2_ws/build/bumperbot/prefix_override:/usr/lib/python3/dist-packages/colcon_core/task/python/colcon_distutils_commands:/root/ros2_ws/install/bumperbot/lib/python3.10/site-packages:${PYTHONPATH} /usr/bin/python3 -W ignore:setup.py install is deprecated setup.py develop --uninstall --editable --build-directory /root/ros2_ws/build/bumperbot/build
[4.956s] Invoking command in '/root/ros2_ws/src/bumperbot': PYTHONPATH=/root/ros2_ws/build/bumperbot/prefix_override:/usr/lib/python3/dist-packages/colcon_core/task/python/colcon_distutils_commands:/root/ros2_ws/install/bumperbot/lib/python3.10/site-packages:${PYTHONPATH} /usr/bin/python3 -W ignore:setup.py install is deprecated setup.py egg_info --egg-base ../../build/bumperbot build --build-base /root/ros2_ws/build/bumperbot/build install --record /root/ros2_ws/build/bumperbot/install.log --single-version-externally-managed install_data --force
[6.060s] running egg_info
[6.063s] writing ../../build/bumperbot/bumperbot.egg-info/PKG-INFO
[6.064s] writing dependency_links to ../../build/bumperbot/bumperbot.egg-info/dependency_links.txt
[6.065s] writing entry points to ../../build/bumperbot/bumperbot.egg-info/entry_points.txt
[6.066s] writing requirements to ../../build/bumperbot/bumperbot.egg-info/requires.txt
[6.066s] writing top-level names to ../../build/bumperbot/bumperbot.egg-info/top_level.txt
[6.073s] reading manifest file '../../build/bumperbot/bumperbot.egg-info/SOURCES.txt'
[6.077s] writing manifest file '../../build/bumperbot/bumperbot.egg-info/SOURCES.txt'
[6.077s] running build
[6.077s] running build_py
[6.079s] running install
[6.080s] running install_lib
[6.083s] creating /root/ros2_ws/install/bumperbot/lib/python3.10/site-packages/bumperbot
[6.085s] copying /root/ros2_ws/build/bumperbot/build/lib/bumperbot/simple_subscriber.py -> /root/ros2_ws/install/bumperbot/lib/python3.10/site-packages/bumperbot
[6.085s] copying /root/ros2_ws/build/bumperbot/build/lib/bumperbot/simple_publisher.py -> /root/ros2_ws/install/bumperbot/lib/python3.10/site-packages/bumperbot
[6.086s] copying /root/ros2_ws/build/bumperbot/build/lib/bumperbot/__init__.py -> /root/ros2_ws/install/bumperbot/lib/python3.10/site-packages/bumperbot
[6.088s] copying /root/ros2_ws/build/bumperbot/build/lib/bumperbot/simple_parameter.py -> /root/ros2_ws/install/bumperbot/lib/python3.10/site-packages/bumperbot
[6.089s] copying /root/ros2_ws/build/bumperbot/build/lib/bumperbot/simple_turtlesim_kinematics.py -> /root/ros2_ws/install/bumperbot/lib/python3.10/site-packages/bumperbot
[6.094s] byte-compiling /root/ros2_ws/install/bumperbot/lib/python3.10/site-packages/bumperbot/simple_subscriber.py to simple_subscriber.cpython-310.pyc
[6.098s] byte-compiling /root/ros2_ws/install/bumperbot/lib/python3.10/site-packages/bumperbot/simple_publisher.py to simple_publisher.cpython-310.pyc
[6.100s] byte-compiling /root/ros2_ws/install/bumperbot/lib/python3.10/site-packages/bumperbot/__init__.py to __init__.cpython-310.pyc
[6.104s] byte-compiling /root/ros2_ws/install/bumperbot/lib/python3.10/site-packages/bumperbot/simple_parameter.py to simple_parameter.cpython-310.pyc
[6.105s] byte-compiling /root/ros2_ws/install/bumperbot/lib/python3.10/site-packages/bumperbot/simple_turtlesim_kinematics.py to simple_turtlesim_kinematics.cpython-310.pyc
[6.106s] running install_data
[6.107s] copying resource/bumperbot -> /root/ros2_ws/install/bumperbot/share/ament_index/resource_index/packages
[6.108s] copying package.xml -> /root/ros2_ws/install/bumperbot/share/bumperbot
[6.109s] running install_egg_info
[6.120s] Copying ../../build/bumperbot/bumperbot.egg-info to /root/ros2_ws/install/bumperbot/lib/python3.10/site-packages/bumperbot-0.0.0-py3.10.egg-info
[6.127s] running install_scripts
[6.203s] Installing simple_parameter script to /root/ros2_ws/install/bumperbot/lib/bumperbot
[6.204s] Installing simple_publisher script to /root/ros2_ws/install/bumperbot/lib/bumperbot
[6.205s] Installing simple_subscriber script to /root/ros2_ws/install/bumperbot/lib/bumperbot
[6.205s] Installing simple_turtlesim_kinematics script to /root/ros2_ws/install/bumperbot/lib/bumperbot
[6.206s] writing list of installed files to '/root/ros2_ws/build/bumperbot/install.log'
[6.292s] Invoked command in '/root/ros2_ws/src/bumperbot' returned '0': PYTHONPATH=/root/ros2_ws/build/bumperbot/prefix_override:/usr/lib/python3/dist-packages/colcon_core/task/python/colcon_distutils_commands:/root/ros2_ws/install/bumperbot/lib/python3.10/site-packages:${PYTHONPATH} /usr/bin/python3 -W ignore:setup.py install is deprecated setup.py egg_info --egg-base ../../build/bumperbot build --build-base /root/ros2_ws/build/bumperbot/build install --record /root/ros2_ws/build/bumperbot/install.log --single-version-externally-managed install_data --force
