[0.479s] Invoking command in '/root/ros2_ws/build/bumperbot_description': CMAKE_PREFIX_PATH=/opt/ros/humble /usr/bin/cmake /root/ros2_ws/src/bumperbot_description -DAMENT_CMAKE_SYMLINK_INSTALL=1 -DCMAKE_INSTALL_PREFIX=/root/ros2_ws/install/bumperbot_description
[0.503s] -- Found ament_cmake: 1.3.10 (/opt/ros/humble/share/ament_cmake/cmake)
[0.722s] -- Override CMake install command with custom implementation using symlinks instead of copying resources
[0.736s] -- Found ament_lint_auto: 0.12.11 (/opt/ros/humble/share/ament_lint_auto/cmake)
[0.886s] -- Added test 'flake8' to check Python code syntax and style conventions
[0.888s] -- Added test 'lint_cmake' to check CMake code style
[0.888s] -- Added test 'pep257' to check Python code against some of the docstring style conventions in PEP 257
[0.892s] -- Added test 'xmllint' to check XML markup files
[0.895s] -- Configuring done
[0.907s] -- Generating done
[0.910s] -- Build files have been written to: /root/ros2_ws/build/bumperbot_description
[0.916s] Invoked command in '/root/ros2_ws/build/bumperbot_description' returned '0': CMAKE_PREFIX_PATH=/opt/ros/humble /usr/bin/cmake /root/ros2_ws/src/bumperbot_description -DAMENT_CMAKE_SYMLINK_INSTALL=1 -DCMAKE_INSTALL_PREFIX=/root/ros2_ws/install/bumperbot_description
[0.919s] Invoking command in '/root/ros2_ws/build/bumperbot_description': CMAKE_PREFIX_PATH=/opt/ros/humble /usr/bin/cmake --build /root/ros2_ws/build/bumperbot_description -- -j16 -l16
[0.987s] Invoked command in '/root/ros2_ws/build/bumperbot_description' returned '0': CMAKE_PREFIX_PATH=/opt/ros/humble /usr/bin/cmake --build /root/ros2_ws/build/bumperbot_description -- -j16 -l16
[1.029s] Invoking command in '/root/ros2_ws/build/bumperbot_description': CMAKE_PREFIX_PATH=/opt/ros/humble /usr/bin/cmake --install /root/ros2_ws/build/bumperbot_description
[1.040s] -- Install configuration: ""
[1.041s] -- Execute custom install script
[1.042s] -- Symlinking: /root/ros2_ws/install/bumperbot_description/share/bumperbot_description/meshes/base_link.STL
[1.058s] -- Symlinking: /root/ros2_ws/install/bumperbot_description/share/bumperbot_description/meshes/caster_front_link.STL
[1.072s] -- Symlinking: /root/ros2_ws/install/bumperbot_description/share/bumperbot_description/meshes/caster_rear_link.STL
[1.091s] -- Symlinking: /root/ros2_ws/install/bumperbot_description/share/bumperbot_description/meshes/imu_link.STL
[1.106s] -- Symlinking: /root/ros2_ws/install/bumperbot_description/share/bumperbot_description/meshes/wheel_left_link.STL
[1.120s] -- Symlinking: /root/ros2_ws/install/bumperbot_description/share/bumperbot_description/meshes/wheel_right_link.STL
[1.137s] -- Symlinking: /root/ros2_ws/install/bumperbot_description/share/bumperbot_description/urdf/bumperbot.urdf.xacro
[1.150s] -- Symlinking: /root/ros2_ws/install/bumperbot_description/share/bumperbot_description/urdf/bumperbot_gazebo.xacro
[1.167s] -- Symlinking: /root/ros2_ws/install/bumperbot_description/share/bumperbot_description/urdf/bumperbot_ros2_control.xacro
[1.182s] -- Symlinking: /root/ros2_ws/install/bumperbot_description/share/bumperbot_description/launch/display.launch.py
[1.195s] -- Symlinking: /root/ros2_ws/install/bumperbot_description/share/bumperbot_description/launch/gazebo.launch.py
[1.212s] -- Symlinking: /root/ros2_ws/install/bumperbot_description/share/bumperbot_description/rviz/display.rviz
[1.228s] -- Symlinking: /root/ros2_ws/install/bumperbot_description/share/ament_index/resource_index/package_run_dependencies/bumperbot_description
[1.242s] -- Symlinking: /root/ros2_ws/install/bumperbot_description/share/ament_index/resource_index/parent_prefix_path/bumperbot_description
[1.257s] -- Symlinking: /root/ros2_ws/install/bumperbot_description/share/bumperbot_description/environment/ament_prefix_path.sh
[1.276s] -- Symlinking: /root/ros2_ws/install/bumperbot_description/share/bumperbot_description/environment/ament_prefix_path.dsv
[1.293s] -- Symlinking: /root/ros2_ws/install/bumperbot_description/share/bumperbot_description/environment/path.sh
[1.310s] -- Symlinking: /root/ros2_ws/install/bumperbot_description/share/bumperbot_description/environment/path.dsv
[1.328s] -- Symlinking: /root/ros2_ws/install/bumperbot_description/share/bumperbot_description/local_setup.bash
[1.345s] -- Symlinking: /root/ros2_ws/install/bumperbot_description/share/bumperbot_description/local_setup.sh
[1.363s] -- Symlinking: /root/ros2_ws/install/bumperbot_description/share/bumperbot_description/local_setup.zsh
[1.379s] -- Symlinking: /root/ros2_ws/install/bumperbot_description/share/bumperbot_description/local_setup.dsv
[1.397s] -- Symlinking: /root/ros2_ws/install/bumperbot_description/share/bumperbot_description/package.dsv
[1.414s] -- Symlinking: /root/ros2_ws/install/bumperbot_description/share/ament_index/resource_index/packages/bumperbot_description
[1.430s] -- Symlinking: /root/ros2_ws/install/bumperbot_description/share/bumperbot_description/cmake/bumperbot_descriptionConfig.cmake
[1.443s] -- Symlinking: /root/ros2_ws/install/bumperbot_description/share/bumperbot_description/cmake/bumperbot_descriptionConfig-version.cmake
[1.457s] -- Symlinking: /root/ros2_ws/install/bumperbot_description/share/bumperbot_description/package.xml
[1.476s] Invoked command in '/root/ros2_ws/build/bumperbot_description' returned '0': CMAKE_PREFIX_PATH=/opt/ros/humble /usr/bin/cmake --install /root/ros2_ws/build/bumperbot_description
