[0.459s] DEBUG:colcon:Command line arguments: ['/usr/bin/colcon', 'build']
[0.460s] DEBUG:colcon:Parsed command line arguments: Namespace(log_base=None, log_level=None, verb_name='build', build_base='build', install_base='install', merge_install=False, symlink_install=False, test_result_base=None, continue_on_error=False, executor='parallel', parallel_workers=16, event_handlers=None, ignore_user_meta=False, metas=['./colcon.meta'], base_paths=['.'], packages_ignore=None, packages_ignore_regex=None, paths=None, packages_up_to=None, packages_up_to_regex=None, packages_above=None, packages_above_and_dependencies=None, packages_above_depth=None, packages_select_by_dep=None, packages_skip_by_dep=None, packages_skip_up_to=None, packages_select_build_failed=False, packages_skip_build_finished=False, packages_select_test_failures=False, packages_skip_test_passed=False, packages_select=None, packages_skip=None, packages_select_regex=None, packages_skip_regex=None, packages_start=None, packages_end=None, cmake_args=None, cmake_target=None, cmake_target_skip_unavailable=False, cmake_clean_cache=False, cmake_clean_first=False, cmake_force_configure=False, ament_cmake_args=None, catkin_cmake_args=None, catkin_skip_building_tests=False, mixin_files=None, mixin=None, verb_parser=<colcon_mixin.mixin.mixin_argument.MixinArgumentDecorator object at 0x7fa061cd0580>, verb_extension=<colcon_core.verb.build.BuildVerb object at 0x7fa061ca78e0>, main=<bound method BuildVerb.main of <colcon_core.verb.build.BuildVerb object at 0x7fa061ca78e0>>, mixin_verb=('build',))
[1.073s] Level 1:colcon.colcon_core.package_discovery:discover_packages(colcon_meta) check parameters
[1.075s] INFO:colcon.colcon_metadata.package_discovery.colcon_meta:Using configuration from '/root/.colcon/metadata/default/Gazebo.meta'
[1.077s] INFO:colcon.colcon_metadata.package_discovery.colcon_meta:Using configuration from '/root/.colcon/metadata/default/fastrtps.meta'
[1.077s] Level 1:colcon.colcon_core.package_discovery:discover_packages(recursive) check parameters
[1.077s] Level 1:colcon.colcon_core.package_discovery:discover_packages(ignore) check parameters
[1.078s] Level 1:colcon.colcon_core.package_discovery:discover_packages(path) check parameters
[1.078s] Level 1:colcon.colcon_core.package_discovery:discover_packages(colcon_meta) discover
[1.078s] Level 1:colcon.colcon_core.package_discovery:discover_packages(recursive) discover
[1.078s] INFO:colcon.colcon_core.package_discovery:Crawling recursively for packages in '/root/ros2_ws'
[1.078s] Level 1:colcon.colcon_core.package_identification:_identify(.) by extensions ['ignore', 'ignore_ament_install']
[1.079s] Level 1:colcon.colcon_core.package_identification:_identify(.) by extension 'ignore'
[1.079s] Level 1:colcon.colcon_core.package_identification:_identify(.) by extension 'ignore_ament_install'
[1.080s] Level 1:colcon.colcon_core.package_identification:_identify(.) by extensions ['colcon_pkg']
[1.080s] Level 1:colcon.colcon_core.package_identification:_identify(.) by extension 'colcon_pkg'
[1.080s] Level 1:colcon.colcon_core.package_identification:_identify(.) by extensions ['colcon_meta']
[1.080s] Level 1:colcon.colcon_core.package_identification:_identify(.) by extension 'colcon_meta'
[1.080s] Level 1:colcon.colcon_core.package_identification:_identify(.) by extensions ['ros']
[1.081s] Level 1:colcon.colcon_core.package_identification:_identify(.) by extension 'ros'
[1.122s] Level 1:colcon.colcon_core.package_identification:_identify(.) by extensions ['cmake', 'python']
[1.122s] Level 1:colcon.colcon_core.package_identification:_identify(.) by extension 'cmake'
[1.122s] Level 1:colcon.colcon_core.package_identification:_identify(.) by extension 'python'
[1.122s] Level 1:colcon.colcon_core.package_identification:_identify(.) by extensions ['python_setup_py']
[1.123s] Level 1:colcon.colcon_core.package_identification:_identify(.) by extension 'python_setup_py'
[1.123s] Level 1:colcon.colcon_core.package_identification:_identify(build) by extensions ['ignore', 'ignore_ament_install']
[1.124s] Level 1:colcon.colcon_core.package_identification:_identify(build) by extension 'ignore'
[1.124s] Level 1:colcon.colcon_core.package_identification:_identify(build) ignored
[1.125s] Level 1:colcon.colcon_core.package_identification:_identify(install) by extensions ['ignore', 'ignore_ament_install']
[1.125s] Level 1:colcon.colcon_core.package_identification:_identify(install) by extension 'ignore'
[1.125s] Level 1:colcon.colcon_core.package_identification:_identify(install) ignored
[1.126s] Level 1:colcon.colcon_core.package_identification:_identify(log) by extensions ['ignore', 'ignore_ament_install']
[1.126s] Level 1:colcon.colcon_core.package_identification:_identify(log) by extension 'ignore'
[1.127s] Level 1:colcon.colcon_core.package_identification:_identify(log) ignored
[1.127s] Level 1:colcon.colcon_core.package_identification:_identify(src) by extensions ['ignore', 'ignore_ament_install']
[1.127s] Level 1:colcon.colcon_core.package_identification:_identify(src) by extension 'ignore'
[1.128s] Level 1:colcon.colcon_core.package_identification:_identify(src) by extension 'ignore_ament_install'
[1.128s] Level 1:colcon.colcon_core.package_identification:_identify(src) by extensions ['colcon_pkg']
[1.128s] Level 1:colcon.colcon_core.package_identification:_identify(src) by extension 'colcon_pkg'
[1.128s] Level 1:colcon.colcon_core.package_identification:_identify(src) by extensions ['colcon_meta']
[1.129s] Level 1:colcon.colcon_core.package_identification:_identify(src) by extension 'colcon_meta'
[1.129s] Level 1:colcon.colcon_core.package_identification:_identify(src) by extensions ['ros']
[1.129s] Level 1:colcon.colcon_core.package_identification:_identify(src) by extension 'ros'
[1.129s] Level 1:colcon.colcon_core.package_identification:_identify(src) by extensions ['cmake', 'python']
[1.129s] Level 1:colcon.colcon_core.package_identification:_identify(src) by extension 'cmake'
[1.130s] Level 1:colcon.colcon_core.package_identification:_identify(src) by extension 'python'
[1.130s] Level 1:colcon.colcon_core.package_identification:_identify(src) by extensions ['python_setup_py']
[1.130s] Level 1:colcon.colcon_core.package_identification:_identify(src) by extension 'python_setup_py'
[1.131s] Level 1:colcon.colcon_core.package_identification:_identify(src/bumperbot) by extensions ['ignore', 'ignore_ament_install']
[1.131s] Level 1:colcon.colcon_core.package_identification:_identify(src/bumperbot) by extension 'ignore'
[1.132s] Level 1:colcon.colcon_core.package_identification:_identify(src/bumperbot) by extension 'ignore_ament_install'
[1.132s] Level 1:colcon.colcon_core.package_identification:_identify(src/bumperbot) by extensions ['colcon_pkg']
[1.132s] Level 1:colcon.colcon_core.package_identification:_identify(src/bumperbot) by extension 'colcon_pkg'
[1.132s] Level 1:colcon.colcon_core.package_identification:_identify(src/bumperbot) by extensions ['colcon_meta']
[1.133s] Level 1:colcon.colcon_core.package_identification:_identify(src/bumperbot) by extension 'colcon_meta'
[1.133s] Level 1:colcon.colcon_core.package_identification:_identify(src/bumperbot) by extensions ['ros']
[1.133s] Level 1:colcon.colcon_core.package_identification:_identify(src/bumperbot) by extension 'ros'
[1.148s] DEBUG:colcon.colcon_core.package_identification:Package 'src/bumperbot' with type 'ros.ament_python' and name 'bumperbot'
[1.149s] Level 1:colcon.colcon_core.package_identification:_identify(src/bumperbot_controller) by extensions ['ignore', 'ignore_ament_install']
[1.149s] Level 1:colcon.colcon_core.package_identification:_identify(src/bumperbot_controller) by extension 'ignore'
[1.149s] Level 1:colcon.colcon_core.package_identification:_identify(src/bumperbot_controller) by extension 'ignore_ament_install'
[1.150s] Level 1:colcon.colcon_core.package_identification:_identify(src/bumperbot_controller) by extensions ['colcon_pkg']
[1.150s] Level 1:colcon.colcon_core.package_identification:_identify(src/bumperbot_controller) by extension 'colcon_pkg'
[1.150s] Level 1:colcon.colcon_core.package_identification:_identify(src/bumperbot_controller) by extensions ['colcon_meta']
[1.151s] Level 1:colcon.colcon_core.package_identification:_identify(src/bumperbot_controller) by extension 'colcon_meta'
[1.151s] Level 1:colcon.colcon_core.package_identification:_identify(src/bumperbot_controller) by extensions ['ros']
[1.151s] Level 1:colcon.colcon_core.package_identification:_identify(src/bumperbot_controller) by extension 'ros'
[1.159s] DEBUG:colcon.colcon_core.package_identification:Package 'src/bumperbot_controller' with type 'ros.ament_cmake' and name 'bumperbot_controller'
[1.160s] Level 1:colcon.colcon_core.package_identification:_identify(src/bumperbot_description) by extensions ['ignore', 'ignore_ament_install']
[1.160s] Level 1:colcon.colcon_core.package_identification:_identify(src/bumperbot_description) by extension 'ignore'
[1.161s] Level 1:colcon.colcon_core.package_identification:_identify(src/bumperbot_description) by extension 'ignore_ament_install'
[1.162s] Level 1:colcon.colcon_core.package_identification:_identify(src/bumperbot_description) by extensions ['colcon_pkg']
[1.162s] Level 1:colcon.colcon_core.package_identification:_identify(src/bumperbot_description) by extension 'colcon_pkg'
[1.163s] Level 1:colcon.colcon_core.package_identification:_identify(src/bumperbot_description) by extensions ['colcon_meta']
[1.163s] Level 1:colcon.colcon_core.package_identification:_identify(src/bumperbot_description) by extension 'colcon_meta'
[1.164s] Level 1:colcon.colcon_core.package_identification:_identify(src/bumperbot_description) by extensions ['ros']
[1.164s] Level 1:colcon.colcon_core.package_identification:_identify(src/bumperbot_description) by extension 'ros'
[1.190s] DEBUG:colcon.colcon_core.package_identification:Package 'src/bumperbot_description' with type 'ros.ament_cmake' and name 'bumperbot_description'
[1.190s] Level 1:colcon.colcon_core.package_discovery:discover_packages(recursive) using defaults
[1.191s] Level 1:colcon.colcon_core.package_discovery:discover_packages(ignore) discover
[1.191s] Level 1:colcon.colcon_core.package_discovery:discover_packages(ignore) using defaults
[1.191s] Level 1:colcon.colcon_core.package_discovery:discover_packages(path) discover
[1.191s] Level 1:colcon.colcon_core.package_discovery:discover_packages(path) using defaults
[1.303s] Level 5:colcon.colcon_core.verb:set package 'bumperbot' build argument 'cmake_args' from command line to 'None'
[1.303s] Level 5:colcon.colcon_core.verb:set package 'bumperbot' build argument 'cmake_target' from command line to 'None'
[1.303s] Level 5:colcon.colcon_core.verb:set package 'bumperbot' build argument 'cmake_target_skip_unavailable' from command line to 'False'
[1.303s] Level 5:colcon.colcon_core.verb:set package 'bumperbot' build argument 'cmake_clean_cache' from command line to 'False'
[1.304s] Level 5:colcon.colcon_core.verb:set package 'bumperbot' build argument 'cmake_clean_first' from command line to 'False'
[1.304s] Level 5:colcon.colcon_core.verb:set package 'bumperbot' build argument 'cmake_force_configure' from command line to 'False'
[1.304s] Level 5:colcon.colcon_core.verb:set package 'bumperbot' build argument 'ament_cmake_args' from command line to 'None'
[1.304s] Level 5:colcon.colcon_core.verb:set package 'bumperbot' build argument 'catkin_cmake_args' from command line to 'None'
[1.305s] Level 5:colcon.colcon_core.verb:set package 'bumperbot' build argument 'catkin_skip_building_tests' from command line to 'False'
[1.305s] DEBUG:colcon.colcon_core.verb:Building package 'bumperbot' with the following arguments: {'ament_cmake_args': None, 'build_base': '/root/ros2_ws/build/bumperbot', 'catkin_cmake_args': None, 'catkin_skip_building_tests': False, 'cmake_args': None, 'cmake_clean_cache': False, 'cmake_clean_first': False, 'cmake_force_configure': False, 'cmake_target': None, 'cmake_target_skip_unavailable': False, 'install_base': '/root/ros2_ws/install/bumperbot', 'merge_install': False, 'path': '/root/ros2_ws/src/bumperbot', 'symlink_install': False, 'test_result_base': None}
[1.308s] Level 5:colcon.colcon_core.verb:set package 'bumperbot_controller' build argument 'cmake_args' from command line to 'None'
[1.308s] Level 5:colcon.colcon_core.verb:set package 'bumperbot_controller' build argument 'cmake_target' from command line to 'None'
[1.308s] Level 5:colcon.colcon_core.verb:set package 'bumperbot_controller' build argument 'cmake_target_skip_unavailable' from command line to 'False'
[1.308s] Level 5:colcon.colcon_core.verb:set package 'bumperbot_controller' build argument 'cmake_clean_cache' from command line to 'False'
[1.309s] Level 5:colcon.colcon_core.verb:set package 'bumperbot_controller' build argument 'cmake_clean_first' from command line to 'False'
[1.310s] Level 5:colcon.colcon_core.verb:set package 'bumperbot_controller' build argument 'cmake_force_configure' from command line to 'False'
[1.310s] Level 5:colcon.colcon_core.verb:set package 'bumperbot_controller' build argument 'ament_cmake_args' from command line to 'None'
[1.311s] Level 5:colcon.colcon_core.verb:set package 'bumperbot_controller' build argument 'catkin_cmake_args' from command line to 'None'
[1.311s] Level 5:colcon.colcon_core.verb:set package 'bumperbot_controller' build argument 'catkin_skip_building_tests' from command line to 'False'
[1.312s] DEBUG:colcon.colcon_core.verb:Building package 'bumperbot_controller' with the following arguments: {'ament_cmake_args': None, 'build_base': '/root/ros2_ws/build/bumperbot_controller', 'catkin_cmake_args': None, 'catkin_skip_building_tests': False, 'cmake_args': None, 'cmake_clean_cache': False, 'cmake_clean_first': False, 'cmake_force_configure': False, 'cmake_target': None, 'cmake_target_skip_unavailable': False, 'install_base': '/root/ros2_ws/install/bumperbot_controller', 'merge_install': False, 'path': '/root/ros2_ws/src/bumperbot_controller', 'symlink_install': False, 'test_result_base': None}
[1.314s] Level 5:colcon.colcon_core.verb:set package 'bumperbot_description' build argument 'cmake_args' from command line to 'None'
[1.314s] Level 5:colcon.colcon_core.verb:set package 'bumperbot_description' build argument 'cmake_target' from command line to 'None'
[1.314s] Level 5:colcon.colcon_core.verb:set package 'bumperbot_description' build argument 'cmake_target_skip_unavailable' from command line to 'False'
[1.314s] Level 5:colcon.colcon_core.verb:set package 'bumperbot_description' build argument 'cmake_clean_cache' from command line to 'False'
[1.315s] Level 5:colcon.colcon_core.verb:set package 'bumperbot_description' build argument 'cmake_clean_first' from command line to 'False'
[1.315s] Level 5:colcon.colcon_core.verb:set package 'bumperbot_description' build argument 'cmake_force_configure' from command line to 'False'
[1.315s] Level 5:colcon.colcon_core.verb:set package 'bumperbot_description' build argument 'ament_cmake_args' from command line to 'None'
[1.315s] Level 5:colcon.colcon_core.verb:set package 'bumperbot_description' build argument 'catkin_cmake_args' from command line to 'None'
[1.315s] Level 5:colcon.colcon_core.verb:set package 'bumperbot_description' build argument 'catkin_skip_building_tests' from command line to 'False'
[1.316s] DEBUG:colcon.colcon_core.verb:Building package 'bumperbot_description' with the following arguments: {'ament_cmake_args': None, 'build_base': '/root/ros2_ws/build/bumperbot_description', 'catkin_cmake_args': None, 'catkin_skip_building_tests': False, 'cmake_args': None, 'cmake_clean_cache': False, 'cmake_clean_first': False, 'cmake_force_configure': False, 'cmake_target': None, 'cmake_target_skip_unavailable': False, 'install_base': '/root/ros2_ws/install/bumperbot_description', 'merge_install': False, 'path': '/root/ros2_ws/src/bumperbot_description', 'symlink_install': False, 'test_result_base': None}
[1.316s] INFO:colcon.colcon_core.executor:Executing jobs using 'parallel' executor
[1.321s] DEBUG:colcon.colcon_parallel_executor.executor.parallel:run_until_complete
[1.322s] INFO:colcon.colcon_ros.task.ament_python.build:Building ROS package in '/root/ros2_ws/src/bumperbot' with build type 'ament_python'
[1.324s] Level 1:colcon.colcon_core.shell:create_environment_hook('bumperbot', 'ament_prefix_path')
[1.338s] INFO:colcon.colcon_core.plugin_system:Skipping extension 'colcon_core.shell.bat': Not used on non-Windows systems
[1.340s] INFO:colcon.colcon_core.shell:Creating environment hook '/root/ros2_ws/install/bumperbot/share/bumperbot/hook/ament_prefix_path.ps1'
[1.344s] INFO:colcon.colcon_core.shell:Creating environment descriptor '/root/ros2_ws/install/bumperbot/share/bumperbot/hook/ament_prefix_path.dsv'
[1.347s] INFO:colcon.colcon_core.shell:Creating environment hook '/root/ros2_ws/install/bumperbot/share/bumperbot/hook/ament_prefix_path.sh'
[1.352s] INFO:colcon.colcon_core.shell:Skip shell extension 'powershell' for command environment: Not usable outside of PowerShell
[1.352s] DEBUG:colcon.colcon_core.shell:Skip shell extension 'dsv' for command environment
[1.374s] INFO:colcon.colcon_ros.task.ament_cmake.build:Building ROS package in '/root/ros2_ws/src/bumperbot_controller' with build type 'ament_cmake'
[1.375s] INFO:colcon.colcon_cmake.task.cmake.build:Building CMake package in '/root/ros2_ws/src/bumperbot_controller'
[1.377s] INFO:colcon.colcon_core.shell:Skip shell extension 'powershell' for command environment: Not usable outside of PowerShell
[1.378s] DEBUG:colcon.colcon_core.shell:Skip shell extension 'dsv' for command environment
[1.396s] INFO:colcon.colcon_ros.task.ament_cmake.build:Building ROS package in '/root/ros2_ws/src/bumperbot_description' with build type 'ament_cmake'
[1.397s] INFO:colcon.colcon_cmake.task.cmake.build:Building CMake package in '/root/ros2_ws/src/bumperbot_description'
[1.402s] INFO:colcon.colcon_core.shell:Skip shell extension 'powershell' for command environment: Not usable outside of PowerShell
[1.403s] DEBUG:colcon.colcon_core.shell:Skip shell extension 'dsv' for command environment
[2.606s] INFO:colcon.colcon_core.task.python.build:Building Python package in '/root/ros2_ws/src/bumperbot'
[2.607s] INFO:colcon.colcon_core.shell:Skip shell extension 'powershell' for command environment: Not usable outside of PowerShell
[2.607s] DEBUG:colcon.colcon_core.shell:Skip shell extension 'dsv' for command environment
[2.649s] DEBUG:colcon.colcon_core.event_handler.log_command:Invoking command in '/root/ros2_ws/build/bumperbot_controller': CMAKE_PREFIX_PATH=/opt/ros/humble /usr/bin/cmake --build /root/ros2_ws/build/bumperbot_controller -- -j16 -l16
[2.674s] DEBUG:colcon.colcon_core.event_handler.log_command:Invoking command in '/root/ros2_ws/build/bumperbot_description': CMAKE_PREFIX_PATH=/opt/ros/humble /usr/bin/cmake --build /root/ros2_ws/build/bumperbot_description -- -j16 -l16
[2.846s] DEBUG:colcon.colcon_core.event_handler.log_command:Invoked command in '/root/ros2_ws/build/bumperbot_description' returned '0': CMAKE_PREFIX_PATH=/opt/ros/humble /usr/bin/cmake --build /root/ros2_ws/build/bumperbot_description -- -j16 -l16
[2.952s] DEBUG:colcon.colcon_core.event_handler.log_command:Invoking command in '/root/ros2_ws/build/bumperbot_description': CMAKE_PREFIX_PATH=/opt/ros/humble /usr/bin/cmake --install /root/ros2_ws/build/bumperbot_description
[3.035s] Level 1:colcon.colcon_core.environment:create_environment_scripts_only(bumperbot_description)
[3.039s] DEBUG:colcon.colcon_core.event_handler.log_command:Invoked command in '/root/ros2_ws/build/bumperbot_description' returned '0': CMAKE_PREFIX_PATH=/opt/ros/humble /usr/bin/cmake --install /root/ros2_ws/build/bumperbot_description
[3.049s] Level 1:colcon.colcon_core.environment:checking '/root/ros2_ws/install/bumperbot_description' for CMake module files
[3.051s] Level 1:colcon.colcon_core.environment:checking '/root/ros2_ws/install/bumperbot_description' for CMake config files
[3.053s] Level 1:colcon.colcon_core.shell:create_environment_hook('bumperbot_description', 'cmake_prefix_path')
[3.055s] INFO:colcon.colcon_core.shell:Creating environment hook '/root/ros2_ws/install/bumperbot_description/share/bumperbot_description/hook/cmake_prefix_path.ps1'
[3.057s] INFO:colcon.colcon_core.shell:Creating environment descriptor '/root/ros2_ws/install/bumperbot_description/share/bumperbot_description/hook/cmake_prefix_path.dsv'
[3.058s] INFO:colcon.colcon_core.shell:Creating environment hook '/root/ros2_ws/install/bumperbot_description/share/bumperbot_description/hook/cmake_prefix_path.sh'
[3.063s] Level 1:colcon.colcon_core.environment:checking '/root/ros2_ws/install/bumperbot_description/bin'
[3.063s] Level 1:colcon.colcon_core.environment:checking '/root/ros2_ws/install/bumperbot_description/lib/pkgconfig/bumperbot_description.pc'
[3.065s] Level 1:colcon.colcon_core.environment:checking '/root/ros2_ws/install/bumperbot_description/lib/python3.10/site-packages'
[3.066s] Level 1:colcon.colcon_core.environment:checking '/root/ros2_ws/install/bumperbot_description/bin'
[3.067s] INFO:colcon.colcon_core.shell:Creating package script '/root/ros2_ws/install/bumperbot_description/share/bumperbot_description/package.ps1'
[3.071s] INFO:colcon.colcon_core.shell:Creating package descriptor '/root/ros2_ws/install/bumperbot_description/share/bumperbot_description/package.dsv'
[3.075s] INFO:colcon.colcon_core.shell:Creating package script '/root/ros2_ws/install/bumperbot_description/share/bumperbot_description/package.sh'
[3.078s] INFO:colcon.colcon_core.shell:Creating package script '/root/ros2_ws/install/bumperbot_description/share/bumperbot_description/package.bash'
[3.081s] INFO:colcon.colcon_core.shell:Creating package script '/root/ros2_ws/install/bumperbot_description/share/bumperbot_description/package.zsh'
[3.084s] Level 1:colcon.colcon_core.environment:create_file_with_runtime_dependencies(/root/ros2_ws/install/bumperbot_description/share/colcon-core/packages/bumperbot_description)
[3.212s] Level 1:colcon.colcon_core.environment:create_environment_scripts_only(bumperbot_description)
[3.213s] Level 1:colcon.colcon_core.environment:checking '/root/ros2_ws/install/bumperbot_description' for CMake module files
[3.216s] Level 1:colcon.colcon_core.environment:checking '/root/ros2_ws/install/bumperbot_description' for CMake config files
[3.219s] Level 1:colcon.colcon_core.shell:create_environment_hook('bumperbot_description', 'cmake_prefix_path')
[3.221s] INFO:colcon.colcon_core.shell:Creating environment hook '/root/ros2_ws/install/bumperbot_description/share/bumperbot_description/hook/cmake_prefix_path.ps1'
[3.224s] INFO:colcon.colcon_core.shell:Creating environment descriptor '/root/ros2_ws/install/bumperbot_description/share/bumperbot_description/hook/cmake_prefix_path.dsv'
[3.226s] INFO:colcon.colcon_core.shell:Creating environment hook '/root/ros2_ws/install/bumperbot_description/share/bumperbot_description/hook/cmake_prefix_path.sh'
[3.229s] Level 1:colcon.colcon_core.environment:checking '/root/ros2_ws/install/bumperbot_description/bin'
[3.229s] Level 1:colcon.colcon_core.environment:checking '/root/ros2_ws/install/bumperbot_description/lib/pkgconfig/bumperbot_description.pc'
[3.231s] Level 1:colcon.colcon_core.environment:checking '/root/ros2_ws/install/bumperbot_description/lib/python3.10/site-packages'
[3.232s] Level 1:colcon.colcon_core.environment:checking '/root/ros2_ws/install/bumperbot_description/bin'
[3.233s] INFO:colcon.colcon_core.shell:Creating package script '/root/ros2_ws/install/bumperbot_description/share/bumperbot_description/package.ps1'
[3.236s] INFO:colcon.colcon_core.shell:Creating package descriptor '/root/ros2_ws/install/bumperbot_description/share/bumperbot_description/package.dsv'
[3.239s] INFO:colcon.colcon_core.shell:Creating package script '/root/ros2_ws/install/bumperbot_description/share/bumperbot_description/package.sh'
[3.241s] INFO:colcon.colcon_core.shell:Creating package script '/root/ros2_ws/install/bumperbot_description/share/bumperbot_description/package.bash'
[3.244s] INFO:colcon.colcon_core.shell:Creating package script '/root/ros2_ws/install/bumperbot_description/share/bumperbot_description/package.zsh'
[3.246s] Level 1:colcon.colcon_core.environment:create_file_with_runtime_dependencies(/root/ros2_ws/install/bumperbot_description/share/colcon-core/packages/bumperbot_description)
[4.233s] DEBUG:colcon.colcon_core.event_handler.log_command:Invoked command in '/root/ros2_ws/build/bumperbot_controller' returned '0': CMAKE_PREFIX_PATH=/opt/ros/humble /usr/bin/cmake --build /root/ros2_ws/build/bumperbot_controller -- -j16 -l16
[4.340s] DEBUG:colcon.colcon_core.event_handler.log_command:Invoking command in '/root/ros2_ws/build/bumperbot_controller': CMAKE_PREFIX_PATH=/opt/ros/humble /usr/bin/cmake --install /root/ros2_ws/build/bumperbot_controller
[4.425s] DEBUG:colcon.colcon_core.event_handler.log_command:Invoking command in '/root/ros2_ws/src/bumperbot': PYTHONPATH=/root/ros2_ws/build/bumperbot/prefix_override:/usr/lib/python3/dist-packages/colcon_core/task/python/colcon_distutils_commands:/root/ros2_ws/install/bumperbot/lib/python3.10/site-packages:${PYTHONPATH} /usr/bin/python3 -W ignore:setup.py install is deprecated setup.py egg_info --egg-base ../../build/bumperbot build --build-base /root/ros2_ws/build/bumperbot/build install --record /root/ros2_ws/build/bumperbot/install.log --single-version-externally-managed install_data
[4.633s] Level 1:colcon.colcon_core.environment:create_environment_scripts_only(bumperbot_controller)
[4.635s] Level 1:colcon.colcon_core.environment:checking '/root/ros2_ws/install/bumperbot_controller' for CMake module files
[4.638s] DEBUG:colcon.colcon_core.event_handler.log_command:Invoked command in '/root/ros2_ws/build/bumperbot_controller' returned '0': CMAKE_PREFIX_PATH=/opt/ros/humble /usr/bin/cmake --install /root/ros2_ws/build/bumperbot_controller
[4.641s] Level 1:colcon.colcon_core.environment:checking '/root/ros2_ws/install/bumperbot_controller' for CMake config files
[4.643s] Level 1:colcon.colcon_core.shell:create_environment_hook('bumperbot_controller', 'cmake_prefix_path')
[4.644s] INFO:colcon.colcon_core.shell:Creating environment hook '/root/ros2_ws/install/bumperbot_controller/share/bumperbot_controller/hook/cmake_prefix_path.ps1'
[4.646s] INFO:colcon.colcon_core.shell:Creating environment descriptor '/root/ros2_ws/install/bumperbot_controller/share/bumperbot_controller/hook/cmake_prefix_path.dsv'
[4.649s] INFO:colcon.colcon_core.shell:Creating environment hook '/root/ros2_ws/install/bumperbot_controller/share/bumperbot_controller/hook/cmake_prefix_path.sh'
[4.653s] Level 1:colcon.colcon_core.environment:checking '/root/ros2_ws/install/bumperbot_controller/lib'
[4.654s] Level 1:colcon.colcon_core.environment:checking '/root/ros2_ws/install/bumperbot_controller/bin'
[4.655s] Level 1:colcon.colcon_core.environment:checking '/root/ros2_ws/install/bumperbot_controller/lib/pkgconfig/bumperbot_controller.pc'
[4.656s] Level 1:colcon.colcon_core.environment:checking '/root/ros2_ws/install/bumperbot_controller/lib/python3.10/site-packages'
[4.657s] Level 1:colcon.colcon_core.environment:checking '/root/ros2_ws/install/bumperbot_controller/bin'
[4.659s] INFO:colcon.colcon_core.shell:Creating package script '/root/ros2_ws/install/bumperbot_controller/share/bumperbot_controller/package.ps1'
[4.661s] INFO:colcon.colcon_core.shell:Creating package descriptor '/root/ros2_ws/install/bumperbot_controller/share/bumperbot_controller/package.dsv'
[4.664s] INFO:colcon.colcon_core.shell:Creating package script '/root/ros2_ws/install/bumperbot_controller/share/bumperbot_controller/package.sh'
[4.666s] INFO:colcon.colcon_core.shell:Creating package script '/root/ros2_ws/install/bumperbot_controller/share/bumperbot_controller/package.bash'
[4.667s] INFO:colcon.colcon_core.shell:Creating package script '/root/ros2_ws/install/bumperbot_controller/share/bumperbot_controller/package.zsh'
[4.669s] Level 1:colcon.colcon_core.environment:create_file_with_runtime_dependencies(/root/ros2_ws/install/bumperbot_controller/share/colcon-core/packages/bumperbot_controller)
[4.792s] Level 1:colcon.colcon_core.environment:create_environment_scripts_only(bumperbot_controller)
[4.794s] Level 1:colcon.colcon_core.environment:checking '/root/ros2_ws/install/bumperbot_controller' for CMake module files
[4.796s] Level 1:colcon.colcon_core.environment:checking '/root/ros2_ws/install/bumperbot_controller' for CMake config files
[4.798s] Level 1:colcon.colcon_core.shell:create_environment_hook('bumperbot_controller', 'cmake_prefix_path')
[4.802s] INFO:colcon.colcon_core.shell:Creating environment hook '/root/ros2_ws/install/bumperbot_controller/share/bumperbot_controller/hook/cmake_prefix_path.ps1'
[4.807s] INFO:colcon.colcon_core.shell:Creating environment descriptor '/root/ros2_ws/install/bumperbot_controller/share/bumperbot_controller/hook/cmake_prefix_path.dsv'
[4.810s] INFO:colcon.colcon_core.shell:Creating environment hook '/root/ros2_ws/install/bumperbot_controller/share/bumperbot_controller/hook/cmake_prefix_path.sh'
[4.812s] Level 1:colcon.colcon_core.environment:checking '/root/ros2_ws/install/bumperbot_controller/lib'
[4.813s] Level 1:colcon.colcon_core.environment:checking '/root/ros2_ws/install/bumperbot_controller/bin'
[4.814s] Level 1:colcon.colcon_core.environment:checking '/root/ros2_ws/install/bumperbot_controller/lib/pkgconfig/bumperbot_controller.pc'
[4.815s] Level 1:colcon.colcon_core.environment:checking '/root/ros2_ws/install/bumperbot_controller/lib/python3.10/site-packages'
[4.816s] Level 1:colcon.colcon_core.environment:checking '/root/ros2_ws/install/bumperbot_controller/bin'
[4.818s] INFO:colcon.colcon_core.shell:Creating package script '/root/ros2_ws/install/bumperbot_controller/share/bumperbot_controller/package.ps1'
[4.822s] INFO:colcon.colcon_core.shell:Creating package descriptor '/root/ros2_ws/install/bumperbot_controller/share/bumperbot_controller/package.dsv'
[4.829s] INFO:colcon.colcon_core.shell:Creating package script '/root/ros2_ws/install/bumperbot_controller/share/bumperbot_controller/package.sh'
[4.832s] INFO:colcon.colcon_core.shell:Creating package script '/root/ros2_ws/install/bumperbot_controller/share/bumperbot_controller/package.bash'
[4.834s] INFO:colcon.colcon_core.shell:Creating package script '/root/ros2_ws/install/bumperbot_controller/share/bumperbot_controller/package.zsh'
[4.836s] Level 1:colcon.colcon_core.environment:create_file_with_runtime_dependencies(/root/ros2_ws/install/bumperbot_controller/share/colcon-core/packages/bumperbot_controller)
[5.801s] Level 1:colcon.colcon_core.environment:checking '/root/ros2_ws/install/bumperbot' for CMake module files
[5.803s] DEBUG:colcon.colcon_core.event_handler.log_command:Invoked command in '/root/ros2_ws/src/bumperbot' returned '0': PYTHONPATH=/root/ros2_ws/build/bumperbot/prefix_override:/usr/lib/python3/dist-packages/colcon_core/task/python/colcon_distutils_commands:/root/ros2_ws/install/bumperbot/lib/python3.10/site-packages:${PYTHONPATH} /usr/bin/python3 -W ignore:setup.py install is deprecated setup.py egg_info --egg-base ../../build/bumperbot build --build-base /root/ros2_ws/build/bumperbot/build install --record /root/ros2_ws/build/bumperbot/install.log --single-version-externally-managed install_data
[5.805s] Level 1:colcon.colcon_core.environment:checking '/root/ros2_ws/install/bumperbot' for CMake config files
[5.807s] Level 1:colcon.colcon_core.environment:checking '/root/ros2_ws/install/bumperbot/lib'
[5.807s] Level 1:colcon.colcon_core.environment:checking '/root/ros2_ws/install/bumperbot/bin'
[5.808s] Level 1:colcon.colcon_core.environment:checking '/root/ros2_ws/install/bumperbot/lib/pkgconfig/bumperbot.pc'
[5.808s] Level 1:colcon.colcon_core.environment:checking '/root/ros2_ws/install/bumperbot/lib/python3.10/site-packages'
[5.809s] Level 1:colcon.colcon_core.shell:create_environment_hook('bumperbot', 'pythonpath')
[5.810s] INFO:colcon.colcon_core.shell:Creating environment hook '/root/ros2_ws/install/bumperbot/share/bumperbot/hook/pythonpath.ps1'
[5.812s] INFO:colcon.colcon_core.shell:Creating environment descriptor '/root/ros2_ws/install/bumperbot/share/bumperbot/hook/pythonpath.dsv'
[5.814s] INFO:colcon.colcon_core.shell:Creating environment hook '/root/ros2_ws/install/bumperbot/share/bumperbot/hook/pythonpath.sh'
[5.817s] Level 1:colcon.colcon_core.environment:checking '/root/ros2_ws/install/bumperbot/bin'
[5.817s] Level 1:colcon.colcon_core.environment:create_environment_scripts_only(bumperbot)
[5.818s] INFO:colcon.colcon_core.shell:Creating package script '/root/ros2_ws/install/bumperbot/share/bumperbot/package.ps1'
[5.820s] INFO:colcon.colcon_core.shell:Creating package descriptor '/root/ros2_ws/install/bumperbot/share/bumperbot/package.dsv'
[5.823s] INFO:colcon.colcon_core.shell:Creating package script '/root/ros2_ws/install/bumperbot/share/bumperbot/package.sh'
[5.827s] INFO:colcon.colcon_core.shell:Creating package script '/root/ros2_ws/install/bumperbot/share/bumperbot/package.bash'
[5.828s] INFO:colcon.colcon_core.shell:Creating package script '/root/ros2_ws/install/bumperbot/share/bumperbot/package.zsh'
[5.830s] Level 1:colcon.colcon_core.environment:create_file_with_runtime_dependencies(/root/ros2_ws/install/bumperbot/share/colcon-core/packages/bumperbot)
[5.832s] DEBUG:colcon.colcon_parallel_executor.executor.parallel:closing loop
[5.835s] DEBUG:colcon.colcon_parallel_executor.executor.parallel:loop closed
[5.835s] DEBUG:colcon.colcon_parallel_executor.executor.parallel:run_until_complete finished with '0'
[5.836s] DEBUG:colcon.colcon_core.event_reactor:joining thread
[5.857s] INFO:colcon.colcon_core.plugin_system:Skipping extension 'colcon_notification.desktop_notification.notify_send': Could not find 'notify-send'
[5.858s] INFO:colcon.colcon_core.plugin_system:Skipping extension 'colcon_notification.desktop_notification.terminal_notifier': Not used on non-Darwin systems
[5.858s] INFO:colcon.colcon_core.plugin_system:Skipping extension 'colcon_notification.desktop_notification.win32': Not used on non-Windows systems
[5.858s] INFO:colcon.colcon_notification.desktop_notification:Sending desktop notification using 'notify2'
[5.868s] DEBUG:colcon.colcon_notification.desktop_notification.notify2:Failed to initialize notify2: org.freedesktop.DBus.Error.Spawn.ExecFailed: /usr/bin/dbus-launch terminated abnormally without any error message
[5.869s] DEBUG:colcon.colcon_core.event_reactor:joined thread
[5.872s] INFO:colcon.colcon_core.shell:Creating prefix script '/root/ros2_ws/install/local_setup.ps1'
[5.877s] INFO:colcon.colcon_core.shell:Creating prefix util module '/root/ros2_ws/install/_local_setup_util_ps1.py'
[5.883s] INFO:colcon.colcon_core.shell:Creating prefix chain script '/root/ros2_ws/install/setup.ps1'
[5.888s] INFO:colcon.colcon_core.shell:Creating prefix script '/root/ros2_ws/install/local_setup.sh'
[5.891s] INFO:colcon.colcon_core.shell:Creating prefix util module '/root/ros2_ws/install/_local_setup_util_sh.py'
[5.893s] INFO:colcon.colcon_core.shell:Creating prefix chain script '/root/ros2_ws/install/setup.sh'
[5.899s] INFO:colcon.colcon_core.shell:Creating prefix script '/root/ros2_ws/install/local_setup.bash'
[5.902s] INFO:colcon.colcon_core.shell:Creating prefix chain script '/root/ros2_ws/install/setup.bash'
[5.914s] INFO:colcon.colcon_core.shell:Creating prefix script '/root/ros2_ws/install/local_setup.zsh'
[5.917s] INFO:colcon.colcon_core.shell:Creating prefix chain script '/root/ros2_ws/install/setup.zsh'
