[0.861s] Invoking command in '/root/ros2_ws/build/bumperbot_controller': CMAKE_PREFIX_PATH=/opt/ros/humble /usr/bin/cmake --build /root/ros2_ws/build/bumperbot_controller -- -j16 -l16
[1.014s] Invoked command in '/root/ros2_ws/build/bumperbot_controller' returned '0': CMAKE_PREFIX_PATH=/opt/ros/humble /usr/bin/cmake --build /root/ros2_ws/build/bumperbot_controller -- -j16 -l16
[1.116s] Invoking command in '/root/ros2_ws/build/bumperbot_controller': CMAKE_PREFIX_PATH=/opt/ros/humble /usr/bin/cmake --install /root/ros2_ws/build/bumperbot_controller
[1.135s] -- Install configuration: ""
[1.137s] -- Execute custom install script
[1.138s] -- Up-to-date symlink: /root/ros2_ws/install/bumperbot_controller/share/bumperbot_controller/config/bumperbot_controller.yaml
[1.139s] -- Up-to-date symlink: /root/ros2_ws/install/bumperbot_controller/share/bumperbot_controller/launch/contoller_launch.py
[1.140s] -- Up-to-date symlink: /root/ros2_ws/install/bumperbot_controller/share/ament_index/resource_index/package_run_dependencies/bumperbot_controller
[1.141s] -- Up-to-date symlink: /root/ros2_ws/install/bumperbot_controller/share/ament_index/resource_index/parent_prefix_path/bumperbot_controller
[1.141s] -- Up-to-date symlink: /root/ros2_ws/install/bumperbot_controller/share/bumperbot_controller/environment/ament_prefix_path.sh
[1.143s] -- Up-to-date symlink: /root/ros2_ws/install/bumperbot_controller/share/bumperbot_controller/environment/ament_prefix_path.dsv
[1.144s] -- Up-to-date symlink: /root/ros2_ws/install/bumperbot_controller/share/bumperbot_controller/environment/path.sh
[1.145s] -- Up-to-date symlink: /root/ros2_ws/install/bumperbot_controller/share/bumperbot_controller/environment/path.dsv
[1.146s] -- Up-to-date symlink: /root/ros2_ws/install/bumperbot_controller/share/bumperbot_controller/local_setup.bash
[1.147s] -- Up-to-date symlink: /root/ros2_ws/install/bumperbot_controller/share/bumperbot_controller/local_setup.sh
[1.148s] -- Up-to-date symlink: /root/ros2_ws/install/bumperbot_controller/share/bumperbot_controller/local_setup.zsh
[1.149s] -- Up-to-date symlink: /root/ros2_ws/install/bumperbot_controller/share/bumperbot_controller/local_setup.dsv
[1.149s] -- Symlinking: /root/ros2_ws/install/bumperbot_controller/share/bumperbot_controller/package.dsv
[1.182s] -- Up-to-date symlink: /root/ros2_ws/install/bumperbot_controller/share/ament_index/resource_index/packages/bumperbot_controller
[1.183s] -- Up-to-date symlink: /root/ros2_ws/install/bumperbot_controller/share/bumperbot_controller/cmake/bumperbot_controllerConfig.cmake
[1.183s] -- Up-to-date symlink: /root/ros2_ws/install/bumperbot_controller/share/bumperbot_controller/cmake/bumperbot_controllerConfig-version.cmake
[1.184s] -- Up-to-date symlink: /root/ros2_ws/install/bumperbot_controller/share/bumperbot_controller/package.xml
[1.193s] Invoked command in '/root/ros2_ws/build/bumperbot_controller' returned '0': CMAKE_PREFIX_PATH=/opt/ros/humble /usr/bin/cmake --install /root/ros2_ws/build/bumperbot_controller
