[0.507s] Invoking command in '/root/ros2_ws/build/bumperbot_controller': CMAKE_PREFIX_PATH=${CMAKE_PREFIX_PATH}:/root/ros2_ws/install/bumperbot:/opt/ros/humble /usr/bin/cmake --build /root/ros2_ws/build/bumperbot_controller -- -j16 -l16
[0.573s] Invoked command in '/root/ros2_ws/build/bumperbot_controller' returned '0': CMAKE_PREFIX_PATH=${CMAKE_PREFIX_PATH}:/root/ros2_ws/install/bumperbot:/opt/ros/humble /usr/bin/cmake --build /root/ros2_ws/build/bumperbot_controller -- -j16 -l16
[0.627s] Invoking command in '/root/ros2_ws/build/bumperbot_controller': CMAKE_PREFIX_PATH=${CMAKE_PREFIX_PATH}:/root/ros2_ws/install/bumperbot:/opt/ros/humble /usr/bin/cmake --install /root/ros2_ws/build/bumperbot_controller
[0.637s] -- Install configuration: ""
[0.638s] -- Execute custom install script
[0.639s] -- Up-to-date symlink: /root/ros2_ws/install/bumperbot_controller/share/bumperbot_controller/config/bumperbot_controller.yaml
[0.640s] -- Up-to-date symlink: /root/ros2_ws/install/bumperbot_controller/share/bumperbot_controller/launch/contoller.launch.py
[0.641s] -- Up-to-date symlink: /root/ros2_ws/install/bumperbot_controller/share/ament_index/resource_index/package_run_dependencies/bumperbot_controller
[0.642s] -- Up-to-date symlink: /root/ros2_ws/install/bumperbot_controller/share/ament_index/resource_index/parent_prefix_path/bumperbot_controller
[0.645s] -- Up-to-date symlink: /root/ros2_ws/install/bumperbot_controller/share/bumperbot_controller/environment/ament_prefix_path.sh
[0.645s] -- Up-to-date symlink: /root/ros2_ws/install/bumperbot_controller/share/bumperbot_controller/environment/ament_prefix_path.dsv
[0.645s] -- Up-to-date symlink: /root/ros2_ws/install/bumperbot_controller/share/bumperbot_controller/environment/path.sh
[0.646s] -- Up-to-date symlink: /root/ros2_ws/install/bumperbot_controller/share/bumperbot_controller/environment/path.dsv
[0.646s] -- Up-to-date symlink: /root/ros2_ws/install/bumperbot_controller/share/bumperbot_controller/local_setup.bash
[0.646s] -- Up-to-date symlink: /root/ros2_ws/install/bumperbot_controller/share/bumperbot_controller/local_setup.sh
[0.647s] -- Up-to-date symlink: /root/ros2_ws/install/bumperbot_controller/share/bumperbot_controller/local_setup.zsh
[0.648s] -- Up-to-date symlink: /root/ros2_ws/install/bumperbot_controller/share/bumperbot_controller/local_setup.dsv
[0.648s] -- Symlinking: /root/ros2_ws/install/bumperbot_controller/share/bumperbot_controller/package.dsv
[0.661s] -- Up-to-date symlink: /root/ros2_ws/install/bumperbot_controller/share/ament_index/resource_index/packages/bumperbot_controller
[0.662s] -- Up-to-date symlink: /root/ros2_ws/install/bumperbot_controller/share/bumperbot_controller/cmake/bumperbot_controllerConfig.cmake
[0.663s] -- Up-to-date symlink: /root/ros2_ws/install/bumperbot_controller/share/bumperbot_controller/cmake/bumperbot_controllerConfig-version.cmake
[0.664s] -- Up-to-date symlink: /root/ros2_ws/install/bumperbot_controller/share/bumperbot_controller/package.xml
[0.693s] Invoked command in '/root/ros2_ws/build/bumperbot_controller' returned '0': CMAKE_PREFIX_PATH=${CMAKE_PREFIX_PATH}:/root/ros2_ws/install/bumperbot:/opt/ros/humble /usr/bin/cmake --install /root/ros2_ws/build/bumperbot_controller
