[1.145s] Invoking command in '/root/ros2_ws/build/bumperbot': PYTHONPATH=/root/ros2_ws/build/bumperbot/prefix_override:/usr/lib/python3/dist-packages/colcon_core/task/python/colcon_distutils_commands:/root/ros2_ws/install/bumperbot/lib/python3.10/site-packages:${PYTHONPATH} /usr/bin/python3 -W ignore:setup.py install is deprecated setup.py develop --uninstall --editable --build-directory /root/ros2_ws/build/bumperbot/build
[1.575s] running develop
[1.575s] /usr/lib/python3/dist-packages/setuptools/command/easy_install.py:158: EasyInstallDeprecationWarning: easy_install command is deprecated. Use build and pip and other standards-based tools.
[1.575s]   warnings.warn(
[1.846s] Removing /root/ros2_ws/install/bumperbot/lib/python3.10/site-packages/bumperbot.egg-link (link to .)
[1.894s] Invoked command in '/root/ros2_ws/build/bumperbot' returned '0': PYTHONPATH=/root/ros2_ws/build/bumperbot/prefix_override:/usr/lib/python3/dist-packages/colcon_core/task/python/colcon_distutils_commands:/root/ros2_ws/install/bumperbot/lib/python3.10/site-packages:${PYTHONPATH} /usr/bin/python3 -W ignore:setup.py install is deprecated setup.py develop --uninstall --editable --build-directory /root/ros2_ws/build/bumperbot/build
[1.898s] Invoking command in '/root/ros2_ws/src/bumperbot': PYTHONPATH=/root/ros2_ws/build/bumperbot/prefix_override:/usr/lib/python3/dist-packages/colcon_core/task/python/colcon_distutils_commands:/root/ros2_ws/install/bumperbot/lib/python3.10/site-packages:${PYTHONPATH} /usr/bin/python3 -W ignore:setup.py install is deprecated setup.py egg_info --egg-base ../../build/bumperbot build --build-base /root/ros2_ws/build/bumperbot/build install --record /root/ros2_ws/build/bumperbot/install.log --single-version-externally-managed install_data --force
[2.321s] running egg_info
[2.323s] writing ../../build/bumperbot/bumperbot.egg-info/PKG-INFO
[2.323s] writing dependency_links to ../../build/bumperbot/bumperbot.egg-info/dependency_links.txt
[2.324s] writing entry points to ../../build/bumperbot/bumperbot.egg-info/entry_points.txt
[2.324s] writing requirements to ../../build/bumperbot/bumperbot.egg-info/requires.txt
[2.324s] writing top-level names to ../../build/bumperbot/bumperbot.egg-info/top_level.txt
[2.327s] reading manifest file '../../build/bumperbot/bumperbot.egg-info/SOURCES.txt'
[2.329s] writing manifest file '../../build/bumperbot/bumperbot.egg-info/SOURCES.txt'
[2.330s] running build
[2.330s] running build_py
[2.331s] running install
[2.332s] running install_lib
[2.333s] creating /root/ros2_ws/install/bumperbot/lib/python3.10/site-packages/bumperbot
[2.334s] copying /root/ros2_ws/build/bumperbot/build/lib/bumperbot/simple_subscriber.py -> /root/ros2_ws/install/bumperbot/lib/python3.10/site-packages/bumperbot
[2.335s] copying /root/ros2_ws/build/bumperbot/build/lib/bumperbot/simple_publisher.py -> /root/ros2_ws/install/bumperbot/lib/python3.10/site-packages/bumperbot
[2.335s] copying /root/ros2_ws/build/bumperbot/build/lib/bumperbot/__init__.py -> /root/ros2_ws/install/bumperbot/lib/python3.10/site-packages/bumperbot
[2.336s] copying /root/ros2_ws/build/bumperbot/build/lib/bumperbot/simple_parameter.py -> /root/ros2_ws/install/bumperbot/lib/python3.10/site-packages/bumperbot
[2.337s] byte-compiling /root/ros2_ws/install/bumperbot/lib/python3.10/site-packages/bumperbot/simple_subscriber.py to simple_subscriber.cpython-310.pyc
[2.339s] byte-compiling /root/ros2_ws/install/bumperbot/lib/python3.10/site-packages/bumperbot/simple_publisher.py to simple_publisher.cpython-310.pyc
[2.339s] byte-compiling /root/ros2_ws/install/bumperbot/lib/python3.10/site-packages/bumperbot/__init__.py to __init__.cpython-310.pyc
[2.340s] byte-compiling /root/ros2_ws/install/bumperbot/lib/python3.10/site-packages/bumperbot/simple_parameter.py to simple_parameter.cpython-310.pyc
[2.341s] running install_data
[2.341s] copying resource/bumperbot -> /root/ros2_ws/install/bumperbot/share/ament_index/resource_index/packages
[2.341s] copying package.xml -> /root/ros2_ws/install/bumperbot/share/bumperbot
[2.342s] running install_egg_info
[2.345s] Copying ../../build/bumperbot/bumperbot.egg-info to /root/ros2_ws/install/bumperbot/lib/python3.10/site-packages/bumperbot-0.0.0-py3.10.egg-info
[2.348s] running install_scripts
[2.383s] Installing simple_parameter script to /root/ros2_ws/install/bumperbot/lib/bumperbot
[2.383s] Installing simple_publisher script to /root/ros2_ws/install/bumperbot/lib/bumperbot
[2.384s] Installing simple_subscriber script to /root/ros2_ws/install/bumperbot/lib/bumperbot
[2.384s] writing list of installed files to '/root/ros2_ws/build/bumperbot/install.log'
[2.422s] Invoked command in '/root/ros2_ws/src/bumperbot' returned '0': PYTHONPATH=/root/ros2_ws/build/bumperbot/prefix_override:/usr/lib/python3/dist-packages/colcon_core/task/python/colcon_distutils_commands:/root/ros2_ws/install/bumperbot/lib/python3.10/site-packages:${PYTHONPATH} /usr/bin/python3 -W ignore:setup.py install is deprecated setup.py egg_info --egg-base ../../build/bumperbot build --build-base /root/ros2_ws/build/bumperbot/build install --record /root/ros2_ws/build/bumperbot/install.log --single-version-externally-managed install_data --force
