[0.972s] Invoking command in '/root/ros2_ws/src/bumperbot': PYTHONPATH=/root/ros2_ws/build/bumperbot/prefix_override:/usr/lib/python3/dist-packages/colcon_core/task/python/colcon_distutils_commands:/root/ros2_ws/install/bumperbot/lib/python3.10/site-packages:${PYTHONPATH} /usr/bin/python3 -W ignore:setup.py install is deprecated setup.py egg_info --egg-base ../../build/bumperbot build --build-base /root/ros2_ws/build/bumperbot/build install --record /root/ros2_ws/build/bumperbot/install.log --single-version-externally-managed install_data
[1.232s] running egg_info
[1.233s] creating ../../build/bumperbot/bumperbot.egg-info
[1.233s] writing ../../build/bumperbot/bumperbot.egg-info/PKG-INFO
[1.234s] writing dependency_links to ../../build/bumperbot/bumperbot.egg-info/dependency_links.txt
[1.234s] writing entry points to ../../build/bumperbot/bumperbot.egg-info/entry_points.txt
[1.234s] writing requirements to ../../build/bumperbot/bumperbot.egg-info/requires.txt
[1.235s] writing top-level names to ../../build/bumperbot/bumperbot.egg-info/top_level.txt
[1.235s] writing manifest file '../../build/bumperbot/bumperbot.egg-info/SOURCES.txt'
[1.236s] reading manifest file '../../build/bumperbot/bumperbot.egg-info/SOURCES.txt'
[1.237s] writing manifest file '../../build/bumperbot/bumperbot.egg-info/SOURCES.txt'
[1.248s] running build
[1.248s] running build_py
[1.248s] creating /root/ros2_ws/build/bumperbot/build
[1.248s] creating /root/ros2_ws/build/bumperbot/build/lib
[1.249s] creating /root/ros2_ws/build/bumperbot/build/lib/bumperbot
[1.249s] copying bumperbot/__init__.py -> /root/ros2_ws/build/bumperbot/build/lib/bumperbot
[1.249s] running install
[1.250s] running install_lib
[1.250s] creating /root/ros2_ws/install/bumperbot/lib/python3.10/site-packages/bumperbot
[1.251s] copying /root/ros2_ws/build/bumperbot/build/lib/bumperbot/__init__.py -> /root/ros2_ws/install/bumperbot/lib/python3.10/site-packages/bumperbot
[1.251s] byte-compiling /root/ros2_ws/install/bumperbot/lib/python3.10/site-packages/bumperbot/__init__.py to __init__.cpython-310.pyc
[1.252s] running install_data
[1.252s] creating /root/ros2_ws/install/bumperbot/share/ament_index
[1.252s] creating /root/ros2_ws/install/bumperbot/share/ament_index/resource_index
[1.253s] creating /root/ros2_ws/install/bumperbot/share/ament_index/resource_index/packages
[1.253s] copying resource/bumperbot -> /root/ros2_ws/install/bumperbot/share/ament_index/resource_index/packages
[1.253s] copying package.xml -> /root/ros2_ws/install/bumperbot/share/bumperbot
[1.253s] running install_egg_info
[1.255s] Copying ../../build/bumperbot/bumperbot.egg-info to /root/ros2_ws/install/bumperbot/lib/python3.10/site-packages/bumperbot-0.0.0-py3.10.egg-info
[1.256s] running install_scripts
[1.279s] writing list of installed files to '/root/ros2_ws/build/bumperbot/install.log'
[1.302s] Invoked command in '/root/ros2_ws/src/bumperbot' returned '0': PYTHONPATH=/root/ros2_ws/build/bumperbot/prefix_override:/usr/lib/python3/dist-packages/colcon_core/task/python/colcon_distutils_commands:/root/ros2_ws/install/bumperbot/lib/python3.10/site-packages:${PYTHONPATH} /usr/bin/python3 -W ignore:setup.py install is deprecated setup.py egg_info --egg-base ../../build/bumperbot build --build-base /root/ros2_ws/build/bumperbot/build install --record /root/ros2_ws/build/bumperbot/install.log --single-version-externally-managed install_data
