[0.376s] Invoking command in '/root/ros2_ws/build/bumperbot_description': CMAKE_PREFIX_PATH=${CMAKE_PREFIX_PATH}:/root/ros2_ws/install/bumperbot:/opt/ros/humble /usr/bin/cmake --build /root/ros2_ws/build/bumperbot_description -- -j16 -l16
[0.491s] Invoked command in '/root/ros2_ws/build/bumperbot_description' returned '0': CMAKE_PREFIX_PATH=${CMAKE_PREFIX_PATH}:/root/ros2_ws/install/bumperbot:/opt/ros/humble /usr/bin/cmake --build /root/ros2_ws/build/bumperbot_description -- -j16 -l16
[0.535s] Invoking command in '/root/ros2_ws/build/bumperbot_description': CMAKE_PREFIX_PATH=${CMAKE_PREFIX_PATH}:/root/ros2_ws/install/bumperbot:/opt/ros/humble /usr/bin/cmake --install /root/ros2_ws/build/bumperbot_description
[0.546s] -- Install configuration: ""
[0.546s] -- Up-to-date: /root/ros2_ws/install/bumperbot_description/share/bumperbot_description/meshes
[0.547s] -- Up-to-date: /root/ros2_ws/install/bumperbot_description/share/bumperbot_description/meshes/caster_rear_link.STL
[0.547s] -- Up-to-date: /root/ros2_ws/install/bumperbot_description/share/bumperbot_description/meshes/base_link.STL
[0.547s] -- Up-to-date: /root/ros2_ws/install/bumperbot_description/share/bumperbot_description/meshes/caster_front_link.STL
[0.547s] -- Up-to-date: /root/ros2_ws/install/bumperbot_description/share/bumperbot_description/meshes/wheel_left_link.STL
[0.548s] -- Up-to-date: /root/ros2_ws/install/bumperbot_description/share/bumperbot_description/meshes/wheel_right_link.STL
[0.548s] -- Up-to-date: /root/ros2_ws/install/bumperbot_description/share/bumperbot_description/meshes/imu_link.STL
[0.548s] -- Up-to-date: /root/ros2_ws/install/bumperbot_description/share/bumperbot_description/urdf
[0.549s] -- Up-to-date: /root/ros2_ws/install/bumperbot_description/share/bumperbot_description/urdf/bumperbot.urdf.xacro
[0.549s] -- Up-to-date: /root/ros2_ws/install/bumperbot_description/share/bumperbot_description/launch
[0.549s] -- Installing: /root/ros2_ws/install/bumperbot_description/share/bumperbot_description/launch/display.launch.py
[0.551s] -- Up-to-date: /root/ros2_ws/install/bumperbot_description/share/bumperbot_description/rviz
[0.551s] -- Up-to-date: /root/ros2_ws/install/bumperbot_description/share/bumperbot_description/rviz/display.rviz
[0.552s] -- Up-to-date: /root/ros2_ws/install/bumperbot_description/share/ament_index/resource_index/package_run_dependencies/bumperbot_description
[0.552s] -- Up-to-date: /root/ros2_ws/install/bumperbot_description/share/ament_index/resource_index/parent_prefix_path/bumperbot_description
[0.553s] -- Up-to-date: /root/ros2_ws/install/bumperbot_description/share/bumperbot_description/environment/ament_prefix_path.sh
[0.553s] -- Up-to-date: /root/ros2_ws/install/bumperbot_description/share/bumperbot_description/environment/ament_prefix_path.dsv
[0.553s] -- Up-to-date: /root/ros2_ws/install/bumperbot_description/share/bumperbot_description/environment/path.sh
[0.553s] -- Up-to-date: /root/ros2_ws/install/bumperbot_description/share/bumperbot_description/environment/path.dsv
[0.554s] -- Up-to-date: /root/ros2_ws/install/bumperbot_description/share/bumperbot_description/local_setup.bash
[0.554s] -- Up-to-date: /root/ros2_ws/install/bumperbot_description/share/bumperbot_description/local_setup.sh
[0.554s] -- Up-to-date: /root/ros2_ws/install/bumperbot_description/share/bumperbot_description/local_setup.zsh
[0.554s] -- Up-to-date: /root/ros2_ws/install/bumperbot_description/share/bumperbot_description/local_setup.dsv
[0.554s] -- Installing: /root/ros2_ws/install/bumperbot_description/share/bumperbot_description/package.dsv
[0.555s] -- Up-to-date: /root/ros2_ws/install/bumperbot_description/share/ament_index/resource_index/packages/bumperbot_description
[0.555s] -- Up-to-date: /root/ros2_ws/install/bumperbot_description/share/bumperbot_description/cmake/bumperbot_descriptionConfig.cmake
[0.555s] -- Up-to-date: /root/ros2_ws/install/bumperbot_description/share/bumperbot_description/cmake/bumperbot_descriptionConfig-version.cmake
[0.556s] -- Up-to-date: /root/ros2_ws/install/bumperbot_description/share/bumperbot_description/package.xml
[0.560s] Invoked command in '/root/ros2_ws/build/bumperbot_description' returned '0': CMAKE_PREFIX_PATH=${CMAKE_PREFIX_PATH}:/root/ros2_ws/install/bumperbot:/opt/ros/humble /usr/bin/cmake --install /root/ros2_ws/build/bumperbot_description
