[0.378s] Invoking command in '/root/ros2_ws/build/bumperbot_description': CMAKE_PREFIX_PATH=${CMAKE_PREFIX_PATH}:/root/ros2_ws/install/bumperbot:/opt/ros/humble /usr/bin/cmake --build /root/ros2_ws/build/bumperbot_description -- -j16 -l16
[0.483s] Invoked command in '/root/ros2_ws/build/bumperbot_description' returned '0': CMAKE_PREFIX_PATH=${CMAKE_PREFIX_PATH}:/root/ros2_ws/install/bumperbot:/opt/ros/humble /usr/bin/cmake --build /root/ros2_ws/build/bumperbot_description -- -j16 -l16
[0.527s] Invoking command in '/root/ros2_ws/build/bumperbot_description': CMAKE_PREFIX_PATH=${CMAKE_PREFIX_PATH}:/root/ros2_ws/install/bumperbot:/opt/ros/humble /usr/bin/cmake --install /root/ros2_ws/build/bumperbot_description
[0.535s] -- Install configuration: ""
[0.536s] -- Up-to-date: /root/ros2_ws/install/bumperbot_description/share/bumperbot_description/meshes
[0.537s] -- Up-to-date: /root/ros2_ws/install/bumperbot_description/share/bumperbot_description/meshes/caster_rear_link.STL
[0.537s] -- Up-to-date: /root/ros2_ws/install/bumperbot_description/share/bumperbot_description/meshes/base_link.STL
[0.537s] -- Up-to-date: /root/ros2_ws/install/bumperbot_description/share/bumperbot_description/meshes/caster_front_link.STL
[0.538s] -- Up-to-date: /root/ros2_ws/install/bumperbot_description/share/bumperbot_description/meshes/wheel_left_link.STL
[0.538s] -- Up-to-date: /root/ros2_ws/install/bumperbot_description/share/bumperbot_description/meshes/wheel_right_link.STL
[0.539s] -- Up-to-date: /root/ros2_ws/install/bumperbot_description/share/bumperbot_description/meshes/imu_link.STL
[0.539s] -- Up-to-date: /root/ros2_ws/install/bumperbot_description/share/bumperbot_description/urdf
[0.539s] -- Up-to-date: /root/ros2_ws/install/bumperbot_description/share/bumperbot_description/urdf/bumperbot.urdf.xacro
[0.540s] -- Up-to-date: /root/ros2_ws/install/bumperbot_description/share/bumperbot_description/launch
[0.540s] -- Installing: /root/ros2_ws/install/bumperbot_description/share/bumperbot_description/launch/display.launch.py
[0.540s] -- Up-to-date: /root/ros2_ws/install/bumperbot_description/share/bumperbot_description/rviz
[0.541s] -- Up-to-date: /root/ros2_ws/install/bumperbot_description/share/bumperbot_description/rviz/display.rviz
[0.541s] -- Up-to-date: /root/ros2_ws/install/bumperbot_description/share/ament_index/resource_index/package_run_dependencies/bumperbot_description
[0.541s] -- Up-to-date: /root/ros2_ws/install/bumperbot_description/share/ament_index/resource_index/parent_prefix_path/bumperbot_description
[0.542s] -- Up-to-date: /root/ros2_ws/install/bumperbot_description/share/bumperbot_description/environment/ament_prefix_path.sh
[0.542s] -- Up-to-date: /root/ros2_ws/install/bumperbot_description/share/bumperbot_description/environment/ament_prefix_path.dsv
[0.542s] -- Up-to-date: /root/ros2_ws/install/bumperbot_description/share/bumperbot_description/environment/path.sh
[0.542s] -- Up-to-date: /root/ros2_ws/install/bumperbot_description/share/bumperbot_description/environment/path.dsv
[0.543s] -- Up-to-date: /root/ros2_ws/install/bumperbot_description/share/bumperbot_description/local_setup.bash
[0.543s] -- Up-to-date: /root/ros2_ws/install/bumperbot_description/share/bumperbot_description/local_setup.sh
[0.543s] -- Up-to-date: /root/ros2_ws/install/bumperbot_description/share/bumperbot_description/local_setup.zsh
[0.543s] -- Up-to-date: /root/ros2_ws/install/bumperbot_description/share/bumperbot_description/local_setup.dsv
[0.543s] -- Installing: /root/ros2_ws/install/bumperbot_description/share/bumperbot_description/package.dsv
[0.544s] -- Up-to-date: /root/ros2_ws/install/bumperbot_description/share/ament_index/resource_index/packages/bumperbot_description
[0.544s] -- Up-to-date: /root/ros2_ws/install/bumperbot_description/share/bumperbot_description/cmake/bumperbot_descriptionConfig.cmake
[0.544s] -- Up-to-date: /root/ros2_ws/install/bumperbot_description/share/bumperbot_description/cmake/bumperbot_descriptionConfig-version.cmake
[0.545s] -- Up-to-date: /root/ros2_ws/install/bumperbot_description/share/bumperbot_description/package.xml
[0.550s] Invoked command in '/root/ros2_ws/build/bumperbot_description' returned '0': CMAKE_PREFIX_PATH=${CMAKE_PREFIX_PATH}:/root/ros2_ws/install/bumperbot:/opt/ros/humble /usr/bin/cmake --install /root/ros2_ws/build/bumperbot_description
