[2.827s] Invoking command in '/root/ros2_ws/build/bumperbot': PYTHONPATH=/root/ros2_ws/build/bumperbot/prefix_override:/usr/lib/python3/dist-packages/colcon_core/task/python/colcon_distutils_commands:/root/ros2_ws/install/bumperbot/lib/python3.10/site-packages:${PYTHONPATH} /usr/bin/python3 -W ignore:setup.py install is deprecated setup.py develop --editable --build-directory /root/ros2_ws/build/bumperbot/build --no-deps symlink_data --force
[3.991s] running develop
[3.994s] /usr/lib/python3/dist-packages/setuptools/command/easy_install.py:158: EasyInstallDeprecationWarning: easy_install command is deprecated. Use build and pip and other standards-based tools.
[3.994s]   warnings.warn(
[4.707s] running egg_info
[4.708s] writing bumperbot.egg-info/PKG-INFO
[4.712s] writing dependency_links to bumperbot.egg-info/dependency_links.txt
[4.713s] writing entry points to bumperbot.egg-info/entry_points.txt
[4.714s] writing requirements to bumperbot.egg-info/requires.txt
[4.714s] writing top-level names to bumperbot.egg-info/top_level.txt
[4.730s] reading manifest file 'bumperbot.egg-info/SOURCES.txt'
[4.734s] writing manifest file 'bumperbot.egg-info/SOURCES.txt'
[4.741s] running build_ext
[4.742s] Creating /root/ros2_ws/install/bumperbot/lib/python3.10/site-packages/bumperbot.egg-link (link to .)
[4.746s] Installing simple_parameter script to /root/ros2_ws/install/bumperbot/lib/bumperbot
[4.748s] Installing simple_publisher script to /root/ros2_ws/install/bumperbot/lib/bumperbot
[4.749s] Installing simple_subscriber script to /root/ros2_ws/install/bumperbot/lib/bumperbot
[4.750s] Installing simple_turtlesim_kinematics script to /root/ros2_ws/install/bumperbot/lib/bumperbot
[4.751s] 
[4.752s] Installed /root/ros2_ws/build/bumperbot
[4.753s] running symlink_data
[4.753s] symbolically linking /root/ros2_ws/build/bumperbot/resource/bumperbot -> /root/ros2_ws/install/bumperbot/share/ament_index/resource_index/packages
[4.755s] symbolically linking /root/ros2_ws/build/bumperbot/package.xml -> /root/ros2_ws/install/bumperbot/share/bumperbot
[4.890s] Invoked command in '/root/ros2_ws/build/bumperbot' returned '0': PYTHONPATH=/root/ros2_ws/build/bumperbot/prefix_override:/usr/lib/python3/dist-packages/colcon_core/task/python/colcon_distutils_commands:/root/ros2_ws/install/bumperbot/lib/python3.10/site-packages:${PYTHONPATH} /usr/bin/python3 -W ignore:setup.py install is deprecated setup.py develop --editable --build-directory /root/ros2_ws/build/bumperbot/build --no-deps symlink_data --force
