[2.737s] Invoking command in '/root/ros2_ws/build/bumperbot': PYTHONPATH=/root/ros2_ws/build/bumperbot/prefix_override:/usr/lib/python3/dist-packages/colcon_core/task/python/colcon_distutils_commands:/root/ros2_ws/install/bumperbot/lib/python3.10/site-packages:${PYTHONPATH} /usr/bin/python3 -W ignore:setup.py install is deprecated setup.py develop --uninstall --editable --build-directory /root/ros2_ws/build/bumperbot/build
[3.918s] running develop
[3.920s] /usr/lib/python3/dist-packages/setuptools/command/easy_install.py:158: EasyInstallDeprecationWarning: easy_install command is deprecated. Use build and pip and other standards-based tools.
[3.920s]   warnings.warn(
[4.536s] Removing /root/ros2_ws/install/bumperbot/lib/python3.10/site-packages/bumperbot.egg-link (link to .)
[4.639s] Invoked command in '/root/ros2_ws/build/bumperbot' returned '0': PYTHONPATH=/root/ros2_ws/build/bumperbot/prefix_override:/usr/lib/python3/dist-packages/colcon_core/task/python/colcon_distutils_commands:/root/ros2_ws/install/bumperbot/lib/python3.10/site-packages:${PYTHONPATH} /usr/bin/python3 -W ignore:setup.py install is deprecated setup.py develop --uninstall --editable --build-directory /root/ros2_ws/build/bumperbot/build
[4.647s] Invoking command in '/root/ros2_ws/src/bumperbot': PYTHONPATH=/root/ros2_ws/build/bumperbot/prefix_override:/usr/lib/python3/dist-packages/colcon_core/task/python/colcon_distutils_commands:/root/ros2_ws/install/bumperbot/lib/python3.10/site-packages:${PYTHONPATH} /usr/bin/python3 -W ignore:setup.py install is deprecated setup.py egg_info --egg-base ../../build/bumperbot build --build-base /root/ros2_ws/build/bumperbot/build install --record /root/ros2_ws/build/bumperbot/install.log --single-version-externally-managed install_data --force
[5.552s] running egg_info
[5.554s] writing ../../build/bumperbot/bumperbot.egg-info/PKG-INFO
[5.555s] writing dependency_links to ../../build/bumperbot/bumperbot.egg-info/dependency_links.txt
[5.556s] writing entry points to ../../build/bumperbot/bumperbot.egg-info/entry_points.txt
[5.557s] writing requirements to ../../build/bumperbot/bumperbot.egg-info/requires.txt
[5.558s] writing top-level names to ../../build/bumperbot/bumperbot.egg-info/top_level.txt
[5.563s] reading manifest file '../../build/bumperbot/bumperbot.egg-info/SOURCES.txt'
[5.565s] writing manifest file '../../build/bumperbot/bumperbot.egg-info/SOURCES.txt'
[5.566s] running build
[5.566s] running build_py
[5.567s] running install
[5.569s] running install_lib
[5.571s] creating /root/ros2_ws/install/bumperbot/lib/python3.10/site-packages/bumperbot
[5.572s] copying /root/ros2_ws/build/bumperbot/build/lib/bumperbot/simple_subscriber.py -> /root/ros2_ws/install/bumperbot/lib/python3.10/site-packages/bumperbot
[5.573s] copying /root/ros2_ws/build/bumperbot/build/lib/bumperbot/simple_publisher.py -> /root/ros2_ws/install/bumperbot/lib/python3.10/site-packages/bumperbot
[5.574s] copying /root/ros2_ws/build/bumperbot/build/lib/bumperbot/__init__.py -> /root/ros2_ws/install/bumperbot/lib/python3.10/site-packages/bumperbot
[5.574s] copying /root/ros2_ws/build/bumperbot/build/lib/bumperbot/simple_parameter.py -> /root/ros2_ws/install/bumperbot/lib/python3.10/site-packages/bumperbot
[5.575s] copying /root/ros2_ws/build/bumperbot/build/lib/bumperbot/simple_turtlesim_kinematics.py -> /root/ros2_ws/install/bumperbot/lib/python3.10/site-packages/bumperbot
[5.578s] byte-compiling /root/ros2_ws/install/bumperbot/lib/python3.10/site-packages/bumperbot/simple_subscriber.py to simple_subscriber.cpython-310.pyc
[5.582s] byte-compiling /root/ros2_ws/install/bumperbot/lib/python3.10/site-packages/bumperbot/simple_publisher.py to simple_publisher.cpython-310.pyc
[5.584s] byte-compiling /root/ros2_ws/install/bumperbot/lib/python3.10/site-packages/bumperbot/__init__.py to __init__.cpython-310.pyc
[5.585s] byte-compiling /root/ros2_ws/install/bumperbot/lib/python3.10/site-packages/bumperbot/simple_parameter.py to simple_parameter.cpython-310.pyc
[5.587s] byte-compiling /root/ros2_ws/install/bumperbot/lib/python3.10/site-packages/bumperbot/simple_turtlesim_kinematics.py to simple_turtlesim_kinematics.cpython-310.pyc
[5.590s] running install_data
[5.591s] copying resource/bumperbot -> /root/ros2_ws/install/bumperbot/share/ament_index/resource_index/packages
[5.592s] copying package.xml -> /root/ros2_ws/install/bumperbot/share/bumperbot
[5.592s] running install_egg_info
[5.599s] Copying ../../build/bumperbot/bumperbot.egg-info to /root/ros2_ws/install/bumperbot/lib/python3.10/site-packages/bumperbot-0.0.0-py3.10.egg-info
[5.604s] running install_scripts
[5.672s] Installing simple_parameter script to /root/ros2_ws/install/bumperbot/lib/bumperbot
[5.673s] Installing simple_publisher script to /root/ros2_ws/install/bumperbot/lib/bumperbot
[5.674s] Installing simple_subscriber script to /root/ros2_ws/install/bumperbot/lib/bumperbot
[5.674s] Installing simple_turtlesim_kinematics script to /root/ros2_ws/install/bumperbot/lib/bumperbot
[5.676s] writing list of installed files to '/root/ros2_ws/build/bumperbot/install.log'
[5.745s] Invoked command in '/root/ros2_ws/src/bumperbot' returned '0': PYTHONPATH=/root/ros2_ws/build/bumperbot/prefix_override:/usr/lib/python3/dist-packages/colcon_core/task/python/colcon_distutils_commands:/root/ros2_ws/install/bumperbot/lib/python3.10/site-packages:${PYTHONPATH} /usr/bin/python3 -W ignore:setup.py install is deprecated setup.py egg_info --egg-base ../../build/bumperbot build --build-base /root/ros2_ws/build/bumperbot/build install --record /root/ros2_ws/build/bumperbot/install.log --single-version-externally-managed install_data --force
