[1.450s] Invoking command in '/root/ros2_ws/build/bumperbot_controller': CMAKE_PREFIX_PATH=/opt/ros/humble /usr/bin/cmake --build /root/ros2_ws/build/bumperbot_controller -- -j16 -l16
[1.544s] -- Found ament_cmake: 1.3.10 (/opt/ros/humble/share/ament_cmake/cmake)
[2.178s] -- Override CMake install command with custom implementation using symlinks instead of copying resources
[2.215s] -- Found rclcpp: 16.0.10 (/opt/ros/humble/share/rclcpp/cmake)
[2.330s] -- Found rosidl_generator_c: 3.1.5 (/opt/ros/humble/share/rosidl_generator_c/cmake)
[2.338s] -- Found rosidl_adapter: 3.1.5 (/opt/ros/humble/share/rosidl_adapter/cmake)
[2.375s] -- Found rosidl_generator_cpp: 3.1.5 (/opt/ros/humble/share/rosidl_generator_cpp/cmake)
[2.418s] -- Using all available rosidl_typesupport_c: rosidl_typesupport_fastrtps_c;rosidl_typesupport_introspection_c
[2.500s] -- Using all available rosidl_typesupport_cpp: rosidl_typesupport_fastrtps_cpp;rosidl_typesupport_introspection_cpp
[2.732s] -- Found rmw_implementation_cmake: 6.1.2 (/opt/ros/humble/share/rmw_implementation_cmake/cmake)
[2.740s] -- Found rmw_fastrtps_cpp: 6.2.7 (/opt/ros/humble/share/rmw_fastrtps_cpp/cmake)
[3.432s] -- Using RMW implementation 'rmw_fastrtps_cpp' as default
[3.711s] -- Found geometry_msgs: 4.2.4 (/opt/ros/humble/share/geometry_msgs/cmake)
[4.073s] -- Found ament_lint_auto: 0.12.11 (/opt/ros/humble/share/ament_lint_auto/cmake)
[4.411s] -- Added test 'flake8' to check Python code syntax and style conventions
[4.413s] -- Added test 'lint_cmake' to check CMake code style
[4.414s] -- Added test 'pep257' to check Python code against some of the docstring style conventions in PEP 257
[4.421s] -- Added test 'xmllint' to check XML markup files
[4.426s] -- Configuring done
[4.458s] -- Generating done
[4.469s] -- Build files have been written to: /root/ros2_ws/build/bumperbot_controller
[4.620s] Built target ament_cmake_python_symlink_bumperbot_controller
[5.817s] running egg_info
[5.819s] writing bumperbot_controller.egg-info/PKG-INFO
[5.822s] writing dependency_links to bumperbot_controller.egg-info/dependency_links.txt
[5.822s] writing top-level names to bumperbot_controller.egg-info/top_level.txt
[5.831s] reading manifest file 'bumperbot_controller.egg-info/SOURCES.txt'
[5.834s] writing manifest file 'bumperbot_controller.egg-info/SOURCES.txt'
[5.982s] Built target ament_cmake_python_build_bumperbot_controller_egg
[6.051s] Invoked command in '/root/ros2_ws/build/bumperbot_controller' returned '0': CMAKE_PREFIX_PATH=/opt/ros/humble /usr/bin/cmake --build /root/ros2_ws/build/bumperbot_controller -- -j16 -l16
[6.145s] Invoking command in '/root/ros2_ws/build/bumperbot_controller': CMAKE_PREFIX_PATH=/opt/ros/humble /usr/bin/cmake --install /root/ros2_ws/build/bumperbot_controller
[6.169s] -- Install configuration: ""
[6.171s] -- Execute custom install script
[6.172s] -- Up-to-date symlink: /root/ros2_ws/install/bumperbot_controller/share/bumperbot_controller/environment/pythonpath.sh
[6.173s] -- Up-to-date symlink: /root/ros2_ws/install/bumperbot_controller/share/bumperbot_controller/environment/pythonpath.dsv
[6.174s] -- Up-to-date symlink: /root/ros2_ws/install/bumperbot_controller/local/lib/python3.10/dist-packages/bumperbot_controller-0.0.0-py3.10.egg-info/PKG-INFO
[6.175s] -- Up-to-date symlink: /root/ros2_ws/install/bumperbot_controller/local/lib/python3.10/dist-packages/bumperbot_controller-0.0.0-py3.10.egg-info/SOURCES.txt
[6.176s] -- Up-to-date symlink: /root/ros2_ws/install/bumperbot_controller/local/lib/python3.10/dist-packages/bumperbot_controller-0.0.0-py3.10.egg-info/dependency_links.txt
[6.177s] -- Up-to-date symlink: /root/ros2_ws/install/bumperbot_controller/local/lib/python3.10/dist-packages/bumperbot_controller-0.0.0-py3.10.egg-info/top_level.txt
[6.177s] -- Up-to-date symlink: /root/ros2_ws/install/bumperbot_controller/local/lib/python3.10/dist-packages/bumperbot_controller/__init__.py
[6.178s] -- Up-to-date symlink: /root/ros2_ws/install/bumperbot_controller/local/lib/python3.10/dist-packages/bumperbot_controller/simple_controller.py
[6.179s] -- Up-to-date symlink: /root/ros2_ws/install/bumperbot_controller/share/bumperbot_controller/config/bumperbot_controller.yaml
[6.180s] -- Up-to-date symlink: /root/ros2_ws/install/bumperbot_controller/share/bumperbot_controller/launch/contoller.launch.py
[6.181s] -- Up-to-date symlink: /root/ros2_ws/install/bumperbot_controller/lib/bumperbot_controller/simple_controller.py
[6.182s] -- Up-to-date symlink: /root/ros2_ws/install/bumperbot_controller/share/ament_index/resource_index/package_run_dependencies/bumperbot_controller
[6.183s] -- Up-to-date symlink: /root/ros2_ws/install/bumperbot_controller/share/ament_index/resource_index/parent_prefix_path/bumperbot_controller
[6.184s] -- Up-to-date symlink: /root/ros2_ws/install/bumperbot_controller/share/bumperbot_controller/environment/ament_prefix_path.sh
[6.184s] -- Up-to-date symlink: /root/ros2_ws/install/bumperbot_controller/share/bumperbot_controller/environment/ament_prefix_path.dsv
[6.186s] -- Up-to-date symlink: /root/ros2_ws/install/bumperbot_controller/share/bumperbot_controller/environment/path.sh
[6.186s] -- Up-to-date symlink: /root/ros2_ws/install/bumperbot_controller/share/bumperbot_controller/environment/path.dsv
[6.187s] -- Up-to-date symlink: /root/ros2_ws/install/bumperbot_controller/share/bumperbot_controller/local_setup.bash
[6.188s] -- Up-to-date symlink: /root/ros2_ws/install/bumperbot_controller/share/bumperbot_controller/local_setup.sh
[6.189s] -- Up-to-date symlink: /root/ros2_ws/install/bumperbot_controller/share/bumperbot_controller/local_setup.zsh
[6.189s] -- Up-to-date symlink: /root/ros2_ws/install/bumperbot_controller/share/bumperbot_controller/local_setup.dsv
[6.190s] -- Symlinking: /root/ros2_ws/install/bumperbot_controller/share/bumperbot_controller/package.dsv
[6.219s] -- Up-to-date symlink: /root/ros2_ws/install/bumperbot_controller/share/ament_index/resource_index/packages/bumperbot_controller
[6.220s] -- Up-to-date symlink: /root/ros2_ws/install/bumperbot_controller/share/bumperbot_controller/cmake/bumperbot_controllerConfig.cmake
[6.220s] -- Up-to-date symlink: /root/ros2_ws/install/bumperbot_controller/share/bumperbot_controller/cmake/bumperbot_controllerConfig-version.cmake
[6.221s] -- Up-to-date symlink: /root/ros2_ws/install/bumperbot_controller/share/bumperbot_controller/package.xml
[6.368s] Listing '/root/ros2_ws/install/bumperbot_controller/local/lib/python3.10/dist-packages/bumperbot_controller'...
[6.412s] Invoked command in '/root/ros2_ws/build/bumperbot_controller' returned '0': CMAKE_PREFIX_PATH=/opt/ros/humble /usr/bin/cmake --install /root/ros2_ws/build/bumperbot_controller
