[0.371s] DEBUG:colcon:Command line arguments: ['/usr/bin/colcon', 'build']
[0.372s] DEBUG:colcon:Parsed command line arguments: Namespace(log_base=None, log_level=None, verb_name='build', build_base='build', install_base='install', merge_install=False, symlink_install=False, test_result_base=None, continue_on_error=False, executor='parallel', parallel_workers=16, event_handlers=None, ignore_user_meta=False, metas=['./colcon.meta'], base_paths=['.'], packages_ignore=None, packages_ignore_regex=None, paths=None, packages_up_to=None, packages_up_to_regex=None, packages_above=None, packages_above_and_dependencies=None, packages_above_depth=None, packages_select_by_dep=None, packages_skip_by_dep=None, packages_skip_up_to=None, packages_select_build_failed=False, packages_skip_build_finished=False, packages_select_test_failures=False, packages_skip_test_passed=False, packages_select=None, packages_skip=None, packages_select_regex=None, packages_skip_regex=None, packages_start=None, packages_end=None, cmake_args=None, cmake_target=None, cmake_target_skip_unavailable=False, cmake_clean_cache=False, cmake_clean_first=False, cmake_force_configure=False, ament_cmake_args=None, catkin_cmake_args=None, catkin_skip_building_tests=False, mixin_files=None, mixin=None, verb_parser=<colcon_mixin.mixin.mixin_argument.MixinArgumentDecorator object at 0x7f380663c580>, verb_extension=<colcon_core.verb.build.BuildVerb object at 0x7f38066138e0>, main=<bound method BuildVerb.main of <colcon_core.verb.build.BuildVerb object at 0x7f38066138e0>>, mixin_verb=('build',))
[0.893s] Level 1:colcon.colcon_core.package_discovery:discover_packages(colcon_meta) check parameters
[0.896s] INFO:colcon.colcon_metadata.package_discovery.colcon_meta:Using configuration from '/root/.colcon/metadata/default/Gazebo.meta'
[0.899s] INFO:colcon.colcon_metadata.package_discovery.colcon_meta:Using configuration from '/root/.colcon/metadata/default/fastrtps.meta'
[0.899s] Level 1:colcon.colcon_core.package_discovery:discover_packages(recursive) check parameters
[0.899s] Level 1:colcon.colcon_core.package_discovery:discover_packages(ignore) check parameters
[0.899s] Level 1:colcon.colcon_core.package_discovery:discover_packages(path) check parameters
[0.899s] Level 1:colcon.colcon_core.package_discovery:discover_packages(colcon_meta) discover
[0.900s] Level 1:colcon.colcon_core.package_discovery:discover_packages(recursive) discover
[0.900s] INFO:colcon.colcon_core.package_discovery:Crawling recursively for packages in '/root/ros2_ws'
[0.900s] Level 1:colcon.colcon_core.package_identification:_identify(.) by extensions ['ignore', 'ignore_ament_install']
[0.900s] Level 1:colcon.colcon_core.package_identification:_identify(.) by extension 'ignore'
[0.901s] Level 1:colcon.colcon_core.package_identification:_identify(.) by extension 'ignore_ament_install'
[0.901s] Level 1:colcon.colcon_core.package_identification:_identify(.) by extensions ['colcon_pkg']
[0.901s] Level 1:colcon.colcon_core.package_identification:_identify(.) by extension 'colcon_pkg'
[0.901s] Level 1:colcon.colcon_core.package_identification:_identify(.) by extensions ['colcon_meta']
[0.901s] Level 1:colcon.colcon_core.package_identification:_identify(.) by extension 'colcon_meta'
[0.901s] Level 1:colcon.colcon_core.package_identification:_identify(.) by extensions ['ros']
[0.902s] Level 1:colcon.colcon_core.package_identification:_identify(.) by extension 'ros'
[0.933s] Level 1:colcon.colcon_core.package_identification:_identify(.) by extensions ['cmake', 'python']
[0.933s] Level 1:colcon.colcon_core.package_identification:_identify(.) by extension 'cmake'
[0.933s] Level 1:colcon.colcon_core.package_identification:_identify(.) by extension 'python'
[0.933s] Level 1:colcon.colcon_core.package_identification:_identify(.) by extensions ['python_setup_py']
[0.933s] Level 1:colcon.colcon_core.package_identification:_identify(.) by extension 'python_setup_py'
[0.934s] Level 1:colcon.colcon_core.package_identification:_identify(build) by extensions ['ignore', 'ignore_ament_install']
[0.934s] Level 1:colcon.colcon_core.package_identification:_identify(build) by extension 'ignore'
[0.934s] Level 1:colcon.colcon_core.package_identification:_identify(build) ignored
[0.934s] Level 1:colcon.colcon_core.package_identification:_identify(install) by extensions ['ignore', 'ignore_ament_install']
[0.935s] Level 1:colcon.colcon_core.package_identification:_identify(install) by extension 'ignore'
[0.935s] Level 1:colcon.colcon_core.package_identification:_identify(install) ignored
[0.935s] Level 1:colcon.colcon_core.package_identification:_identify(log) by extensions ['ignore', 'ignore_ament_install']
[0.936s] Level 1:colcon.colcon_core.package_identification:_identify(log) by extension 'ignore'
[0.936s] Level 1:colcon.colcon_core.package_identification:_identify(log) ignored
[0.936s] Level 1:colcon.colcon_core.package_identification:_identify(src) by extensions ['ignore', 'ignore_ament_install']
[0.936s] Level 1:colcon.colcon_core.package_identification:_identify(src) by extension 'ignore'
[0.936s] Level 1:colcon.colcon_core.package_identification:_identify(src) by extension 'ignore_ament_install'
[0.937s] Level 1:colcon.colcon_core.package_identification:_identify(src) by extensions ['colcon_pkg']
[0.937s] Level 1:colcon.colcon_core.package_identification:_identify(src) by extension 'colcon_pkg'
[0.937s] Level 1:colcon.colcon_core.package_identification:_identify(src) by extensions ['colcon_meta']
[0.937s] Level 1:colcon.colcon_core.package_identification:_identify(src) by extension 'colcon_meta'
[0.937s] Level 1:colcon.colcon_core.package_identification:_identify(src) by extensions ['ros']
[0.937s] Level 1:colcon.colcon_core.package_identification:_identify(src) by extension 'ros'
[0.938s] Level 1:colcon.colcon_core.package_identification:_identify(src) by extensions ['cmake', 'python']
[0.938s] Level 1:colcon.colcon_core.package_identification:_identify(src) by extension 'cmake'
[0.938s] Level 1:colcon.colcon_core.package_identification:_identify(src) by extension 'python'
[0.938s] Level 1:colcon.colcon_core.package_identification:_identify(src) by extensions ['python_setup_py']
[0.938s] Level 1:colcon.colcon_core.package_identification:_identify(src) by extension 'python_setup_py'
[0.938s] Level 1:colcon.colcon_core.package_identification:_identify(src/bumperbot) by extensions ['ignore', 'ignore_ament_install']
[0.939s] Level 1:colcon.colcon_core.package_identification:_identify(src/bumperbot) by extension 'ignore'
[0.939s] Level 1:colcon.colcon_core.package_identification:_identify(src/bumperbot) by extension 'ignore_ament_install'
[0.939s] Level 1:colcon.colcon_core.package_identification:_identify(src/bumperbot) by extensions ['colcon_pkg']
[0.939s] Level 1:colcon.colcon_core.package_identification:_identify(src/bumperbot) by extension 'colcon_pkg'
[0.939s] Level 1:colcon.colcon_core.package_identification:_identify(src/bumperbot) by extensions ['colcon_meta']
[0.939s] Level 1:colcon.colcon_core.package_identification:_identify(src/bumperbot) by extension 'colcon_meta'
[0.940s] Level 1:colcon.colcon_core.package_identification:_identify(src/bumperbot) by extensions ['ros']
[0.940s] Level 1:colcon.colcon_core.package_identification:_identify(src/bumperbot) by extension 'ros'
[0.947s] DEBUG:colcon.colcon_core.package_identification:Package 'src/bumperbot' with type 'ros.ament_python' and name 'bumperbot'
[0.948s] Level 1:colcon.colcon_core.package_identification:_identify(src/bumperbot_controller) by extensions ['ignore', 'ignore_ament_install']
[0.948s] Level 1:colcon.colcon_core.package_identification:_identify(src/bumperbot_controller) by extension 'ignore'
[0.949s] Level 1:colcon.colcon_core.package_identification:_identify(src/bumperbot_controller) by extension 'ignore_ament_install'
[0.949s] Level 1:colcon.colcon_core.package_identification:_identify(src/bumperbot_controller) by extensions ['colcon_pkg']
[0.949s] Level 1:colcon.colcon_core.package_identification:_identify(src/bumperbot_controller) by extension 'colcon_pkg'
[0.950s] Level 1:colcon.colcon_core.package_identification:_identify(src/bumperbot_controller) by extensions ['colcon_meta']
[0.950s] Level 1:colcon.colcon_core.package_identification:_identify(src/bumperbot_controller) by extension 'colcon_meta'
[0.950s] Level 1:colcon.colcon_core.package_identification:_identify(src/bumperbot_controller) by extensions ['ros']
[0.950s] Level 1:colcon.colcon_core.package_identification:_identify(src/bumperbot_controller) by extension 'ros'
[0.954s] DEBUG:colcon.colcon_core.package_identification:Package 'src/bumperbot_controller' with type 'ros.ament_cmake' and name 'bumperbot_controller'
[0.954s] Level 1:colcon.colcon_core.package_identification:_identify(src/bumperbot_description) by extensions ['ignore', 'ignore_ament_install']
[0.955s] Level 1:colcon.colcon_core.package_identification:_identify(src/bumperbot_description) by extension 'ignore'
[0.955s] Level 1:colcon.colcon_core.package_identification:_identify(src/bumperbot_description) by extension 'ignore_ament_install'
[0.955s] Level 1:colcon.colcon_core.package_identification:_identify(src/bumperbot_description) by extensions ['colcon_pkg']
[0.955s] Level 1:colcon.colcon_core.package_identification:_identify(src/bumperbot_description) by extension 'colcon_pkg'
[0.956s] Level 1:colcon.colcon_core.package_identification:_identify(src/bumperbot_description) by extensions ['colcon_meta']
[0.956s] Level 1:colcon.colcon_core.package_identification:_identify(src/bumperbot_description) by extension 'colcon_meta'
[0.956s] Level 1:colcon.colcon_core.package_identification:_identify(src/bumperbot_description) by extensions ['ros']
[0.956s] Level 1:colcon.colcon_core.package_identification:_identify(src/bumperbot_description) by extension 'ros'
[0.973s] DEBUG:colcon.colcon_core.package_identification:Package 'src/bumperbot_description' with type 'ros.ament_cmake' and name 'bumperbot_description'
[0.974s] Level 1:colcon.colcon_core.package_discovery:discover_packages(recursive) using defaults
[0.974s] Level 1:colcon.colcon_core.package_discovery:discover_packages(ignore) discover
[0.974s] Level 1:colcon.colcon_core.package_discovery:discover_packages(ignore) using defaults
[0.974s] Level 1:colcon.colcon_core.package_discovery:discover_packages(path) discover
[0.975s] Level 1:colcon.colcon_core.package_discovery:discover_packages(path) using defaults
[1.096s] Level 5:colcon.colcon_core.verb:set package 'bumperbot' build argument 'cmake_args' from command line to 'None'
[1.097s] Level 5:colcon.colcon_core.verb:set package 'bumperbot' build argument 'cmake_target' from command line to 'None'
[1.097s] Level 5:colcon.colcon_core.verb:set package 'bumperbot' build argument 'cmake_target_skip_unavailable' from command line to 'False'
[1.097s] Level 5:colcon.colcon_core.verb:set package 'bumperbot' build argument 'cmake_clean_cache' from command line to 'False'
[1.097s] Level 5:colcon.colcon_core.verb:set package 'bumperbot' build argument 'cmake_clean_first' from command line to 'False'
[1.097s] Level 5:colcon.colcon_core.verb:set package 'bumperbot' build argument 'cmake_force_configure' from command line to 'False'
[1.098s] Level 5:colcon.colcon_core.verb:set package 'bumperbot' build argument 'ament_cmake_args' from command line to 'None'
[1.098s] Level 5:colcon.colcon_core.verb:set package 'bumperbot' build argument 'catkin_cmake_args' from command line to 'None'
[1.098s] Level 5:colcon.colcon_core.verb:set package 'bumperbot' build argument 'catkin_skip_building_tests' from command line to 'False'
[1.098s] DEBUG:colcon.colcon_core.verb:Building package 'bumperbot' with the following arguments: {'ament_cmake_args': None, 'build_base': '/root/ros2_ws/build/bumperbot', 'catkin_cmake_args': None, 'catkin_skip_building_tests': False, 'cmake_args': None, 'cmake_clean_cache': False, 'cmake_clean_first': False, 'cmake_force_configure': False, 'cmake_target': None, 'cmake_target_skip_unavailable': False, 'install_base': '/root/ros2_ws/install/bumperbot', 'merge_install': False, 'path': '/root/ros2_ws/src/bumperbot', 'symlink_install': False, 'test_result_base': None}
[1.100s] Level 5:colcon.colcon_core.verb:set package 'bumperbot_controller' build argument 'cmake_args' from command line to 'None'
[1.100s] Level 5:colcon.colcon_core.verb:set package 'bumperbot_controller' build argument 'cmake_target' from command line to 'None'
[1.100s] Level 5:colcon.colcon_core.verb:set package 'bumperbot_controller' build argument 'cmake_target_skip_unavailable' from command line to 'False'
[1.100s] Level 5:colcon.colcon_core.verb:set package 'bumperbot_controller' build argument 'cmake_clean_cache' from command line to 'False'
[1.100s] Level 5:colcon.colcon_core.verb:set package 'bumperbot_controller' build argument 'cmake_clean_first' from command line to 'False'
[1.100s] Level 5:colcon.colcon_core.verb:set package 'bumperbot_controller' build argument 'cmake_force_configure' from command line to 'False'
[1.101s] Level 5:colcon.colcon_core.verb:set package 'bumperbot_controller' build argument 'ament_cmake_args' from command line to 'None'
[1.101s] Level 5:colcon.colcon_core.verb:set package 'bumperbot_controller' build argument 'catkin_cmake_args' from command line to 'None'
[1.101s] Level 5:colcon.colcon_core.verb:set package 'bumperbot_controller' build argument 'catkin_skip_building_tests' from command line to 'False'
[1.101s] DEBUG:colcon.colcon_core.verb:Building package 'bumperbot_controller' with the following arguments: {'ament_cmake_args': None, 'build_base': '/root/ros2_ws/build/bumperbot_controller', 'catkin_cmake_args': None, 'catkin_skip_building_tests': False, 'cmake_args': None, 'cmake_clean_cache': False, 'cmake_clean_first': False, 'cmake_force_configure': False, 'cmake_target': None, 'cmake_target_skip_unavailable': False, 'install_base': '/root/ros2_ws/install/bumperbot_controller', 'merge_install': False, 'path': '/root/ros2_ws/src/bumperbot_controller', 'symlink_install': False, 'test_result_base': None}
[1.103s] Level 5:colcon.colcon_core.verb:set package 'bumperbot_description' build argument 'cmake_args' from command line to 'None'
[1.103s] Level 5:colcon.colcon_core.verb:set package 'bumperbot_description' build argument 'cmake_target' from command line to 'None'
[1.104s] Level 5:colcon.colcon_core.verb:set package 'bumperbot_description' build argument 'cmake_target_skip_unavailable' from command line to 'False'
[1.104s] Level 5:colcon.colcon_core.verb:set package 'bumperbot_description' build argument 'cmake_clean_cache' from command line to 'False'
[1.104s] Level 5:colcon.colcon_core.verb:set package 'bumperbot_description' build argument 'cmake_clean_first' from command line to 'False'
[1.104s] Level 5:colcon.colcon_core.verb:set package 'bumperbot_description' build argument 'cmake_force_configure' from command line to 'False'
[1.104s] Level 5:colcon.colcon_core.verb:set package 'bumperbot_description' build argument 'ament_cmake_args' from command line to 'None'
[1.104s] Level 5:colcon.colcon_core.verb:set package 'bumperbot_description' build argument 'catkin_cmake_args' from command line to 'None'
[1.105s] Level 5:colcon.colcon_core.verb:set package 'bumperbot_description' build argument 'catkin_skip_building_tests' from command line to 'False'
[1.105s] DEBUG:colcon.colcon_core.verb:Building package 'bumperbot_description' with the following arguments: {'ament_cmake_args': None, 'build_base': '/root/ros2_ws/build/bumperbot_description', 'catkin_cmake_args': None, 'catkin_skip_building_tests': False, 'cmake_args': None, 'cmake_clean_cache': False, 'cmake_clean_first': False, 'cmake_force_configure': False, 'cmake_target': None, 'cmake_target_skip_unavailable': False, 'install_base': '/root/ros2_ws/install/bumperbot_description', 'merge_install': False, 'path': '/root/ros2_ws/src/bumperbot_description', 'symlink_install': False, 'test_result_base': None}
[1.105s] INFO:colcon.colcon_core.executor:Executing jobs using 'parallel' executor
[1.110s] DEBUG:colcon.colcon_parallel_executor.executor.parallel:run_until_complete
[1.111s] INFO:colcon.colcon_ros.task.ament_python.build:Building ROS package in '/root/ros2_ws/src/bumperbot' with build type 'ament_python'
[1.112s] Level 1:colcon.colcon_core.shell:create_environment_hook('bumperbot', 'ament_prefix_path')
[1.124s] INFO:colcon.colcon_core.plugin_system:Skipping extension 'colcon_core.shell.bat': Not used on non-Windows systems
[1.125s] INFO:colcon.colcon_core.shell:Creating environment hook '/root/ros2_ws/install/bumperbot/share/bumperbot/hook/ament_prefix_path.ps1'
[1.127s] INFO:colcon.colcon_core.shell:Creating environment descriptor '/root/ros2_ws/install/bumperbot/share/bumperbot/hook/ament_prefix_path.dsv'
[1.129s] INFO:colcon.colcon_core.shell:Creating environment hook '/root/ros2_ws/install/bumperbot/share/bumperbot/hook/ament_prefix_path.sh'
[1.132s] INFO:colcon.colcon_core.shell:Skip shell extension 'powershell' for command environment: Not usable outside of PowerShell
[1.132s] DEBUG:colcon.colcon_core.shell:Skip shell extension 'dsv' for command environment
[1.147s] INFO:colcon.colcon_ros.task.ament_cmake.build:Building ROS package in '/root/ros2_ws/src/bumperbot_controller' with build type 'ament_cmake'
[1.148s] INFO:colcon.colcon_cmake.task.cmake.build:Building CMake package in '/root/ros2_ws/src/bumperbot_controller'
[1.149s] INFO:colcon.colcon_core.shell:Skip shell extension 'powershell' for command environment: Not usable outside of PowerShell
[1.150s] DEBUG:colcon.colcon_core.shell:Skip shell extension 'dsv' for command environment
[1.163s] INFO:colcon.colcon_ros.task.ament_cmake.build:Building ROS package in '/root/ros2_ws/src/bumperbot_description' with build type 'ament_cmake'
[1.163s] INFO:colcon.colcon_cmake.task.cmake.build:Building CMake package in '/root/ros2_ws/src/bumperbot_description'
[1.169s] INFO:colcon.colcon_core.shell:Skip shell extension 'powershell' for command environment: Not usable outside of PowerShell
[1.169s] DEBUG:colcon.colcon_core.shell:Skip shell extension 'dsv' for command environment
[2.116s] INFO:colcon.colcon_core.task.python.build:Building Python package in '/root/ros2_ws/src/bumperbot'
[2.117s] INFO:colcon.colcon_core.shell:Skip shell extension 'powershell' for command environment: Not usable outside of PowerShell
[2.118s] DEBUG:colcon.colcon_core.shell:Skip shell extension 'dsv' for command environment
[2.161s] DEBUG:colcon.colcon_core.event_handler.log_command:Invoking command in '/root/ros2_ws/build/bumperbot_controller': CMAKE_PREFIX_PATH=/opt/ros/humble /usr/bin/cmake --build /root/ros2_ws/build/bumperbot_controller -- -j16 -l16
[2.187s] DEBUG:colcon.colcon_core.event_handler.log_command:Invoking command in '/root/ros2_ws/build/bumperbot_description': CMAKE_PREFIX_PATH=/opt/ros/humble /usr/bin/cmake --build /root/ros2_ws/build/bumperbot_description -- -j16 -l16
[2.288s] DEBUG:colcon.colcon_core.event_handler.log_command:Invoked command in '/root/ros2_ws/build/bumperbot_description' returned '0': CMAKE_PREFIX_PATH=/opt/ros/humble /usr/bin/cmake --build /root/ros2_ws/build/bumperbot_description -- -j16 -l16
[2.429s] DEBUG:colcon.colcon_core.event_handler.log_command:Invoking command in '/root/ros2_ws/build/bumperbot_description': CMAKE_PREFIX_PATH=/opt/ros/humble /usr/bin/cmake --install /root/ros2_ws/build/bumperbot_description
[2.505s] Level 1:colcon.colcon_core.environment:create_environment_scripts_only(bumperbot_description)
[2.508s] DEBUG:colcon.colcon_core.event_handler.log_command:Invoked command in '/root/ros2_ws/build/bumperbot_description' returned '0': CMAKE_PREFIX_PATH=/opt/ros/humble /usr/bin/cmake --install /root/ros2_ws/build/bumperbot_description
[2.520s] Level 1:colcon.colcon_core.environment:checking '/root/ros2_ws/install/bumperbot_description' for CMake module files
[2.524s] Level 1:colcon.colcon_core.environment:checking '/root/ros2_ws/install/bumperbot_description' for CMake config files
[2.526s] Level 1:colcon.colcon_core.shell:create_environment_hook('bumperbot_description', 'cmake_prefix_path')
[2.528s] INFO:colcon.colcon_core.shell:Creating environment hook '/root/ros2_ws/install/bumperbot_description/share/bumperbot_description/hook/cmake_prefix_path.ps1'
[2.530s] INFO:colcon.colcon_core.shell:Creating environment descriptor '/root/ros2_ws/install/bumperbot_description/share/bumperbot_description/hook/cmake_prefix_path.dsv'
[2.531s] INFO:colcon.colcon_core.shell:Creating environment hook '/root/ros2_ws/install/bumperbot_description/share/bumperbot_description/hook/cmake_prefix_path.sh'
[2.534s] Level 1:colcon.colcon_core.environment:checking '/root/ros2_ws/install/bumperbot_description/bin'
[2.534s] Level 1:colcon.colcon_core.environment:checking '/root/ros2_ws/install/bumperbot_description/lib/pkgconfig/bumperbot_description.pc'
[2.535s] Level 1:colcon.colcon_core.environment:checking '/root/ros2_ws/install/bumperbot_description/lib/python3.10/site-packages'
[2.536s] Level 1:colcon.colcon_core.environment:checking '/root/ros2_ws/install/bumperbot_description/bin'
[2.538s] INFO:colcon.colcon_core.shell:Creating package script '/root/ros2_ws/install/bumperbot_description/share/bumperbot_description/package.ps1'
[2.540s] INFO:colcon.colcon_core.shell:Creating package descriptor '/root/ros2_ws/install/bumperbot_description/share/bumperbot_description/package.dsv'
[2.543s] INFO:colcon.colcon_core.shell:Creating package script '/root/ros2_ws/install/bumperbot_description/share/bumperbot_description/package.sh'
[2.546s] INFO:colcon.colcon_core.shell:Creating package script '/root/ros2_ws/install/bumperbot_description/share/bumperbot_description/package.bash'
[2.549s] INFO:colcon.colcon_core.shell:Creating package script '/root/ros2_ws/install/bumperbot_description/share/bumperbot_description/package.zsh'
[2.552s] Level 1:colcon.colcon_core.environment:create_file_with_runtime_dependencies(/root/ros2_ws/install/bumperbot_description/share/colcon-core/packages/bumperbot_description)
[2.638s] Level 1:colcon.colcon_core.environment:create_environment_scripts_only(bumperbot_description)
[2.639s] Level 1:colcon.colcon_core.environment:checking '/root/ros2_ws/install/bumperbot_description' for CMake module files
[2.642s] Level 1:colcon.colcon_core.environment:checking '/root/ros2_ws/install/bumperbot_description' for CMake config files
[2.644s] Level 1:colcon.colcon_core.shell:create_environment_hook('bumperbot_description', 'cmake_prefix_path')
[2.646s] INFO:colcon.colcon_core.shell:Creating environment hook '/root/ros2_ws/install/bumperbot_description/share/bumperbot_description/hook/cmake_prefix_path.ps1'
[2.648s] INFO:colcon.colcon_core.shell:Creating environment descriptor '/root/ros2_ws/install/bumperbot_description/share/bumperbot_description/hook/cmake_prefix_path.dsv'
[2.650s] INFO:colcon.colcon_core.shell:Creating environment hook '/root/ros2_ws/install/bumperbot_description/share/bumperbot_description/hook/cmake_prefix_path.sh'
[2.652s] Level 1:colcon.colcon_core.environment:checking '/root/ros2_ws/install/bumperbot_description/bin'
[2.652s] Level 1:colcon.colcon_core.environment:checking '/root/ros2_ws/install/bumperbot_description/lib/pkgconfig/bumperbot_description.pc'
[2.653s] Level 1:colcon.colcon_core.environment:checking '/root/ros2_ws/install/bumperbot_description/lib/python3.10/site-packages'
[2.654s] Level 1:colcon.colcon_core.environment:checking '/root/ros2_ws/install/bumperbot_description/bin'
[2.655s] INFO:colcon.colcon_core.shell:Creating package script '/root/ros2_ws/install/bumperbot_description/share/bumperbot_description/package.ps1'
[2.657s] INFO:colcon.colcon_core.shell:Creating package descriptor '/root/ros2_ws/install/bumperbot_description/share/bumperbot_description/package.dsv'
[2.659s] INFO:colcon.colcon_core.shell:Creating package script '/root/ros2_ws/install/bumperbot_description/share/bumperbot_description/package.sh'
[2.661s] INFO:colcon.colcon_core.shell:Creating package script '/root/ros2_ws/install/bumperbot_description/share/bumperbot_description/package.bash'
[2.663s] INFO:colcon.colcon_core.shell:Creating package script '/root/ros2_ws/install/bumperbot_description/share/bumperbot_description/package.zsh'
[2.665s] Level 1:colcon.colcon_core.environment:create_file_with_runtime_dependencies(/root/ros2_ws/install/bumperbot_description/share/colcon-core/packages/bumperbot_description)
[3.719s] DEBUG:colcon.colcon_core.event_handler.log_command:Invoked command in '/root/ros2_ws/build/bumperbot_controller' returned '0': CMAKE_PREFIX_PATH=/opt/ros/humble /usr/bin/cmake --build /root/ros2_ws/build/bumperbot_controller -- -j16 -l16
[3.812s] DEBUG:colcon.colcon_core.event_handler.log_command:Invoking command in '/root/ros2_ws/build/bumperbot_controller': CMAKE_PREFIX_PATH=/opt/ros/humble /usr/bin/cmake --install /root/ros2_ws/build/bumperbot_controller
[3.918s] DEBUG:colcon.colcon_core.event_handler.log_command:Invoking command in '/root/ros2_ws/src/bumperbot': PYTHONPATH=/root/ros2_ws/build/bumperbot/prefix_override:/usr/lib/python3/dist-packages/colcon_core/task/python/colcon_distutils_commands:/root/ros2_ws/install/bumperbot/lib/python3.10/site-packages:${PYTHONPATH} /usr/bin/python3 -W ignore:setup.py install is deprecated setup.py egg_info --egg-base ../../build/bumperbot build --build-base /root/ros2_ws/build/bumperbot/build install --record /root/ros2_ws/build/bumperbot/install.log --single-version-externally-managed install_data
[4.084s] Level 1:colcon.colcon_core.environment:create_environment_scripts_only(bumperbot_controller)
[4.086s] Level 1:colcon.colcon_core.environment:checking '/root/ros2_ws/install/bumperbot_controller' for CMake module files
[4.088s] DEBUG:colcon.colcon_core.event_handler.log_command:Invoked command in '/root/ros2_ws/build/bumperbot_controller' returned '0': CMAKE_PREFIX_PATH=/opt/ros/humble /usr/bin/cmake --install /root/ros2_ws/build/bumperbot_controller
[4.090s] Level 1:colcon.colcon_core.environment:checking '/root/ros2_ws/install/bumperbot_controller' for CMake config files
[4.091s] Level 1:colcon.colcon_core.shell:create_environment_hook('bumperbot_controller', 'cmake_prefix_path')
[4.092s] INFO:colcon.colcon_core.shell:Creating environment hook '/root/ros2_ws/install/bumperbot_controller/share/bumperbot_controller/hook/cmake_prefix_path.ps1'
[4.094s] INFO:colcon.colcon_core.shell:Creating environment descriptor '/root/ros2_ws/install/bumperbot_controller/share/bumperbot_controller/hook/cmake_prefix_path.dsv'
[4.097s] INFO:colcon.colcon_core.shell:Creating environment hook '/root/ros2_ws/install/bumperbot_controller/share/bumperbot_controller/hook/cmake_prefix_path.sh'
[4.100s] Level 1:colcon.colcon_core.environment:checking '/root/ros2_ws/install/bumperbot_controller/lib'
[4.101s] Level 1:colcon.colcon_core.environment:checking '/root/ros2_ws/install/bumperbot_controller/bin'
[4.101s] Level 1:colcon.colcon_core.environment:checking '/root/ros2_ws/install/bumperbot_controller/lib/pkgconfig/bumperbot_controller.pc'
[4.102s] Level 1:colcon.colcon_core.environment:checking '/root/ros2_ws/install/bumperbot_controller/lib/python3.10/site-packages'
[4.103s] Level 1:colcon.colcon_core.environment:checking '/root/ros2_ws/install/bumperbot_controller/bin'
[4.105s] INFO:colcon.colcon_core.shell:Creating package script '/root/ros2_ws/install/bumperbot_controller/share/bumperbot_controller/package.ps1'
[4.107s] INFO:colcon.colcon_core.shell:Creating package descriptor '/root/ros2_ws/install/bumperbot_controller/share/bumperbot_controller/package.dsv'
[4.109s] INFO:colcon.colcon_core.shell:Creating package script '/root/ros2_ws/install/bumperbot_controller/share/bumperbot_controller/package.sh'
[4.111s] INFO:colcon.colcon_core.shell:Creating package script '/root/ros2_ws/install/bumperbot_controller/share/bumperbot_controller/package.bash'
[4.113s] INFO:colcon.colcon_core.shell:Creating package script '/root/ros2_ws/install/bumperbot_controller/share/bumperbot_controller/package.zsh'
[4.115s] Level 1:colcon.colcon_core.environment:create_file_with_runtime_dependencies(/root/ros2_ws/install/bumperbot_controller/share/colcon-core/packages/bumperbot_controller)
[4.206s] Level 1:colcon.colcon_core.environment:create_environment_scripts_only(bumperbot_controller)
[4.207s] Level 1:colcon.colcon_core.environment:checking '/root/ros2_ws/install/bumperbot_controller' for CMake module files
[4.209s] Level 1:colcon.colcon_core.environment:checking '/root/ros2_ws/install/bumperbot_controller' for CMake config files
[4.211s] Level 1:colcon.colcon_core.shell:create_environment_hook('bumperbot_controller', 'cmake_prefix_path')
[4.212s] INFO:colcon.colcon_core.shell:Creating environment hook '/root/ros2_ws/install/bumperbot_controller/share/bumperbot_controller/hook/cmake_prefix_path.ps1'
[4.213s] INFO:colcon.colcon_core.shell:Creating environment descriptor '/root/ros2_ws/install/bumperbot_controller/share/bumperbot_controller/hook/cmake_prefix_path.dsv'
[4.215s] INFO:colcon.colcon_core.shell:Creating environment hook '/root/ros2_ws/install/bumperbot_controller/share/bumperbot_controller/hook/cmake_prefix_path.sh'
[4.217s] Level 1:colcon.colcon_core.environment:checking '/root/ros2_ws/install/bumperbot_controller/lib'
[4.217s] Level 1:colcon.colcon_core.environment:checking '/root/ros2_ws/install/bumperbot_controller/bin'
[4.218s] Level 1:colcon.colcon_core.environment:checking '/root/ros2_ws/install/bumperbot_controller/lib/pkgconfig/bumperbot_controller.pc'
[4.219s] Level 1:colcon.colcon_core.environment:checking '/root/ros2_ws/install/bumperbot_controller/lib/python3.10/site-packages'
[4.220s] Level 1:colcon.colcon_core.environment:checking '/root/ros2_ws/install/bumperbot_controller/bin'
[4.221s] INFO:colcon.colcon_core.shell:Creating package script '/root/ros2_ws/install/bumperbot_controller/share/bumperbot_controller/package.ps1'
[4.224s] INFO:colcon.colcon_core.shell:Creating package descriptor '/root/ros2_ws/install/bumperbot_controller/share/bumperbot_controller/package.dsv'
[4.225s] INFO:colcon.colcon_core.shell:Creating package script '/root/ros2_ws/install/bumperbot_controller/share/bumperbot_controller/package.sh'
[4.227s] INFO:colcon.colcon_core.shell:Creating package script '/root/ros2_ws/install/bumperbot_controller/share/bumperbot_controller/package.bash'
[4.230s] INFO:colcon.colcon_core.shell:Creating package script '/root/ros2_ws/install/bumperbot_controller/share/bumperbot_controller/package.zsh'
[4.232s] Level 1:colcon.colcon_core.environment:create_file_with_runtime_dependencies(/root/ros2_ws/install/bumperbot_controller/share/colcon-core/packages/bumperbot_controller)
[5.412s] Level 1:colcon.colcon_core.environment:checking '/root/ros2_ws/install/bumperbot' for CMake module files
[5.415s] DEBUG:colcon.colcon_core.event_handler.log_command:Invoked command in '/root/ros2_ws/src/bumperbot' returned '0': PYTHONPATH=/root/ros2_ws/build/bumperbot/prefix_override:/usr/lib/python3/dist-packages/colcon_core/task/python/colcon_distutils_commands:/root/ros2_ws/install/bumperbot/lib/python3.10/site-packages:${PYTHONPATH} /usr/bin/python3 -W ignore:setup.py install is deprecated setup.py egg_info --egg-base ../../build/bumperbot build --build-base /root/ros2_ws/build/bumperbot/build install --record /root/ros2_ws/build/bumperbot/install.log --single-version-externally-managed install_data
[5.416s] Level 1:colcon.colcon_core.environment:checking '/root/ros2_ws/install/bumperbot' for CMake config files
[5.419s] Level 1:colcon.colcon_core.environment:checking '/root/ros2_ws/install/bumperbot/lib'
[5.419s] Level 1:colcon.colcon_core.environment:checking '/root/ros2_ws/install/bumperbot/bin'
[5.420s] Level 1:colcon.colcon_core.environment:checking '/root/ros2_ws/install/bumperbot/lib/pkgconfig/bumperbot.pc'
[5.421s] Level 1:colcon.colcon_core.environment:checking '/root/ros2_ws/install/bumperbot/lib/python3.10/site-packages'
[5.422s] Level 1:colcon.colcon_core.shell:create_environment_hook('bumperbot', 'pythonpath')
[5.423s] INFO:colcon.colcon_core.shell:Creating environment hook '/root/ros2_ws/install/bumperbot/share/bumperbot/hook/pythonpath.ps1'
[5.426s] INFO:colcon.colcon_core.shell:Creating environment descriptor '/root/ros2_ws/install/bumperbot/share/bumperbot/hook/pythonpath.dsv'
[5.429s] INFO:colcon.colcon_core.shell:Creating environment hook '/root/ros2_ws/install/bumperbot/share/bumperbot/hook/pythonpath.sh'
[5.432s] Level 1:colcon.colcon_core.environment:checking '/root/ros2_ws/install/bumperbot/bin'
[5.432s] Level 1:colcon.colcon_core.environment:create_environment_scripts_only(bumperbot)
[5.434s] INFO:colcon.colcon_core.shell:Creating package script '/root/ros2_ws/install/bumperbot/share/bumperbot/package.ps1'
[5.436s] INFO:colcon.colcon_core.shell:Creating package descriptor '/root/ros2_ws/install/bumperbot/share/bumperbot/package.dsv'
[5.439s] INFO:colcon.colcon_core.shell:Creating package script '/root/ros2_ws/install/bumperbot/share/bumperbot/package.sh'
[5.441s] INFO:colcon.colcon_core.shell:Creating package script '/root/ros2_ws/install/bumperbot/share/bumperbot/package.bash'
[5.443s] INFO:colcon.colcon_core.shell:Creating package script '/root/ros2_ws/install/bumperbot/share/bumperbot/package.zsh'
[5.444s] Level 1:colcon.colcon_core.environment:create_file_with_runtime_dependencies(/root/ros2_ws/install/bumperbot/share/colcon-core/packages/bumperbot)
[5.446s] DEBUG:colcon.colcon_parallel_executor.executor.parallel:closing loop
[5.449s] DEBUG:colcon.colcon_parallel_executor.executor.parallel:loop closed
[5.449s] DEBUG:colcon.colcon_parallel_executor.executor.parallel:run_until_complete finished with '0'
[5.451s] DEBUG:colcon.colcon_core.event_reactor:joining thread
[5.485s] INFO:colcon.colcon_core.plugin_system:Skipping extension 'colcon_notification.desktop_notification.notify_send': Could not find 'notify-send'
[5.486s] INFO:colcon.colcon_core.plugin_system:Skipping extension 'colcon_notification.desktop_notification.terminal_notifier': Not used on non-Darwin systems
[5.486s] INFO:colcon.colcon_core.plugin_system:Skipping extension 'colcon_notification.desktop_notification.win32': Not used on non-Windows systems
[5.487s] INFO:colcon.colcon_notification.desktop_notification:Sending desktop notification using 'notify2'
[5.497s] DEBUG:colcon.colcon_notification.desktop_notification.notify2:Failed to initialize notify2: org.freedesktop.DBus.Error.Spawn.ExecFailed: /usr/bin/dbus-launch terminated abnormally without any error message
[5.499s] DEBUG:colcon.colcon_core.event_reactor:joined thread
[5.501s] INFO:colcon.colcon_core.shell:Creating prefix script '/root/ros2_ws/install/local_setup.ps1'
[5.506s] INFO:colcon.colcon_core.shell:Creating prefix util module '/root/ros2_ws/install/_local_setup_util_ps1.py'
[5.513s] INFO:colcon.colcon_core.shell:Creating prefix chain script '/root/ros2_ws/install/setup.ps1'
[5.517s] INFO:colcon.colcon_core.shell:Creating prefix script '/root/ros2_ws/install/local_setup.sh'
[5.520s] INFO:colcon.colcon_core.shell:Creating prefix util module '/root/ros2_ws/install/_local_setup_util_sh.py'
[5.523s] INFO:colcon.colcon_core.shell:Creating prefix chain script '/root/ros2_ws/install/setup.sh'
[5.549s] INFO:colcon.colcon_core.shell:Creating prefix script '/root/ros2_ws/install/local_setup.bash'
[5.553s] INFO:colcon.colcon_core.shell:Creating prefix chain script '/root/ros2_ws/install/setup.bash'
[5.565s] INFO:colcon.colcon_core.shell:Creating prefix script '/root/ros2_ws/install/local_setup.zsh'
[5.567s] INFO:colcon.colcon_core.shell:Creating prefix chain script '/root/ros2_ws/install/setup.zsh'
