[0.475s] Invoking command in '/root/ros2_ws/build/bumperbot_controller': CMAKE_PREFIX_PATH=/opt/ros/humble /usr/bin/cmake --build /root/ros2_ws/build/bumperbot_controller -- -j16 -l16
[0.539s] -- Found ament_cmake: 1.3.10 (/opt/ros/humble/share/ament_cmake/cmake)
[0.803s] -- Found ament_lint_auto: 0.12.11 (/opt/ros/humble/share/ament_lint_auto/cmake)
[0.944s] -- Added test 'lint_cmake' to check CMake code style
[0.950s] -- Added test 'xmllint' to check XML markup files
[0.954s] -- Configuring done
[0.968s] -- Generating done
[0.971s] -- Build files have been written to: /root/ros2_ws/build/bumperbot_controller
[1.013s] Invoked command in '/root/ros2_ws/build/bumperbot_controller' returned '0': CMAKE_PREFIX_PATH=/opt/ros/humble /usr/bin/cmake --build /root/ros2_ws/build/bumperbot_controller -- -j16 -l16
[1.051s] Invoking command in '/root/ros2_ws/build/bumperbot_controller': CMAKE_PREFIX_PATH=/opt/ros/humble /usr/bin/cmake --install /root/ros2_ws/build/bumperbot_controller
[1.062s] -- Install configuration: ""
[1.062s] -- Installing: /root/ros2_ws/install/bumperbot_controller/share/bumperbot_controller/config
[1.063s] -- Installing: /root/ros2_ws/install/bumperbot_controller/share/bumperbot_controller/config/bumperbot_controller.yaml
[1.064s] -- Up-to-date: /root/ros2_ws/install/bumperbot_controller/share/ament_index/resource_index/package_run_dependencies/bumperbot_controller
[1.064s] -- Up-to-date: /root/ros2_ws/install/bumperbot_controller/share/ament_index/resource_index/parent_prefix_path/bumperbot_controller
[1.065s] -- Up-to-date: /root/ros2_ws/install/bumperbot_controller/share/bumperbot_controller/environment/ament_prefix_path.sh
[1.065s] -- Installing: /root/ros2_ws/install/bumperbot_controller/share/bumperbot_controller/environment/ament_prefix_path.dsv
[1.066s] -- Up-to-date: /root/ros2_ws/install/bumperbot_controller/share/bumperbot_controller/environment/path.sh
[1.066s] -- Installing: /root/ros2_ws/install/bumperbot_controller/share/bumperbot_controller/environment/path.dsv
[1.067s] -- Up-to-date: /root/ros2_ws/install/bumperbot_controller/share/bumperbot_controller/local_setup.bash
[1.067s] -- Up-to-date: /root/ros2_ws/install/bumperbot_controller/share/bumperbot_controller/local_setup.sh
[1.068s] -- Up-to-date: /root/ros2_ws/install/bumperbot_controller/share/bumperbot_controller/local_setup.zsh
[1.068s] -- Installing: /root/ros2_ws/install/bumperbot_controller/share/bumperbot_controller/local_setup.dsv
[1.069s] -- Installing: /root/ros2_ws/install/bumperbot_controller/share/bumperbot_controller/package.dsv
[1.069s] -- Up-to-date: /root/ros2_ws/install/bumperbot_controller/share/ament_index/resource_index/packages/bumperbot_controller
[1.069s] -- Up-to-date: /root/ros2_ws/install/bumperbot_controller/share/bumperbot_controller/cmake/bumperbot_controllerConfig.cmake
[1.069s] -- Up-to-date: /root/ros2_ws/install/bumperbot_controller/share/bumperbot_controller/cmake/bumperbot_controllerConfig-version.cmake
[1.070s] -- Up-to-date: /root/ros2_ws/install/bumperbot_controller/share/bumperbot_controller/package.xml
[1.075s] Invoked command in '/root/ros2_ws/build/bumperbot_controller' returned '0': CMAKE_PREFIX_PATH=/opt/ros/humble /usr/bin/cmake --install /root/ros2_ws/build/bumperbot_controller
