[1.377s] Invoking command in '/root/ros2_ws/src/bumperbot': PYTHONPATH=/root/ros2_ws/build/bumperbot/prefix_override:/usr/lib/python3/dist-packages/colcon_core/task/python/colcon_distutils_commands:/root/ros2_ws/install/bumperbot/lib/python3.10/site-packages:${PYTHONPATH} /usr/bin/python3 -W ignore:setup.py install is deprecated setup.py egg_info --egg-base ../../build/bumperbot build --build-base /root/ros2_ws/build/bumperbot/build install --record /root/ros2_ws/build/bumperbot/install.log --single-version-externally-managed install_data
[1.780s] running egg_info
[1.781s] writing ../../build/bumperbot/bumperbot.egg-info/PKG-INFO
[1.781s] writing dependency_links to ../../build/bumperbot/bumperbot.egg-info/dependency_links.txt
[1.782s] writing entry points to ../../build/bumperbot/bumperbot.egg-info/entry_points.txt
[1.783s] writing requirements to ../../build/bumperbot/bumperbot.egg-info/requires.txt
[1.783s] writing top-level names to ../../build/bumperbot/bumperbot.egg-info/top_level.txt
[1.794s] reading manifest file '../../build/bumperbot/bumperbot.egg-info/SOURCES.txt'
[1.797s] writing manifest file '../../build/bumperbot/bumperbot.egg-info/SOURCES.txt'
[1.797s] running build
[1.797s] running build_py
[1.798s] running install
[1.798s] running install_lib
[1.801s] running install_data
[1.801s] running install_egg_info
[1.804s] removing '/root/ros2_ws/install/bumperbot/lib/python3.10/site-packages/bumperbot-0.0.0-py3.10.egg-info' (and everything under it)
[1.805s] Copying ../../build/bumperbot/bumperbot.egg-info to /root/ros2_ws/install/bumperbot/lib/python3.10/site-packages/bumperbot-0.0.0-py3.10.egg-info
[1.809s] running install_scripts
[1.842s] Installing simple_publisher script to /root/ros2_ws/install/bumperbot/lib/bumperbot
[1.844s] writing list of installed files to '/root/ros2_ws/build/bumperbot/install.log'
[1.882s] Invoked command in '/root/ros2_ws/src/bumperbot' returned '0': PYTHONPATH=/root/ros2_ws/build/bumperbot/prefix_override:/usr/lib/python3/dist-packages/colcon_core/task/python/colcon_distutils_commands:/root/ros2_ws/install/bumperbot/lib/python3.10/site-packages:${PYTHONPATH} /usr/bin/python3 -W ignore:setup.py install is deprecated setup.py egg_info --egg-base ../../build/bumperbot build --build-base /root/ros2_ws/build/bumperbot/build install --record /root/ros2_ws/build/bumperbot/install.log --single-version-externally-managed install_data
