[0.478s] Invoking command in '/root/ros2_ws/build/bumperbot_description': CMAKE_PREFIX_PATH=/opt/ros/humble /usr/bin/cmake --build /root/ros2_ws/build/bumperbot_description -- -j16 -l16
[0.547s] Invoked command in '/root/ros2_ws/build/bumperbot_description' returned '0': CMAKE_PREFIX_PATH=/opt/ros/humble /usr/bin/cmake --build /root/ros2_ws/build/bumperbot_description -- -j16 -l16
[0.605s] Invoking command in '/root/ros2_ws/build/bumperbot_description': CMAKE_PREFIX_PATH=/opt/ros/humble /usr/bin/cmake --install /root/ros2_ws/build/bumperbot_description
[0.615s] -- Install configuration: ""
[0.616s] -- Up-to-date: /root/ros2_ws/install/bumperbot_description/share/bumperbot_description/meshes
[0.616s] -- Up-to-date: /root/ros2_ws/install/bumperbot_description/share/bumperbot_description/meshes/caster_rear_link.STL
[0.616s] -- Up-to-date: /root/ros2_ws/install/bumperbot_description/share/bumperbot_description/meshes/base_link.STL
[0.617s] -- Up-to-date: /root/ros2_ws/install/bumperbot_description/share/bumperbot_description/meshes/caster_front_link.STL
[0.617s] -- Up-to-date: /root/ros2_ws/install/bumperbot_description/share/bumperbot_description/meshes/wheel_left_link.STL
[0.618s] -- Up-to-date: /root/ros2_ws/install/bumperbot_description/share/bumperbot_description/meshes/wheel_right_link.STL
[0.618s] -- Up-to-date: /root/ros2_ws/install/bumperbot_description/share/bumperbot_description/meshes/imu_link.STL
[0.619s] -- Up-to-date: /root/ros2_ws/install/bumperbot_description/share/bumperbot_description/urdf
[0.619s] -- Up-to-date: /root/ros2_ws/install/bumperbot_description/share/bumperbot_description/urdf/bumperbot_ros2_control.xacro
[0.620s] -- Up-to-date: /root/ros2_ws/install/bumperbot_description/share/bumperbot_description/urdf/bumperbot.urdf.xacro
[0.620s] -- Installing: /root/ros2_ws/install/bumperbot_description/share/bumperbot_description/urdf/bumperbot_gazebo.xacro
[0.621s] -- Up-to-date: /root/ros2_ws/install/bumperbot_description/share/bumperbot_description/launch
[0.621s] -- Installing: /root/ros2_ws/install/bumperbot_description/share/bumperbot_description/launch/gazebo.launch.py
[0.621s] -- Up-to-date: /root/ros2_ws/install/bumperbot_description/share/bumperbot_description/launch/display.launch.py
[0.621s] -- Up-to-date: /root/ros2_ws/install/bumperbot_description/share/bumperbot_description/rviz
[0.622s] -- Up-to-date: /root/ros2_ws/install/bumperbot_description/share/bumperbot_description/rviz/display.rviz
[0.622s] -- Up-to-date: /root/ros2_ws/install/bumperbot_description/share/ament_index/resource_index/package_run_dependencies/bumperbot_description
[0.622s] -- Up-to-date: /root/ros2_ws/install/bumperbot_description/share/ament_index/resource_index/parent_prefix_path/bumperbot_description
[0.622s] -- Up-to-date: /root/ros2_ws/install/bumperbot_description/share/bumperbot_description/environment/ament_prefix_path.sh
[0.623s] -- Up-to-date: /root/ros2_ws/install/bumperbot_description/share/bumperbot_description/environment/ament_prefix_path.dsv
[0.623s] -- Up-to-date: /root/ros2_ws/install/bumperbot_description/share/bumperbot_description/environment/path.sh
[0.623s] -- Up-to-date: /root/ros2_ws/install/bumperbot_description/share/bumperbot_description/environment/path.dsv
[0.623s] -- Up-to-date: /root/ros2_ws/install/bumperbot_description/share/bumperbot_description/local_setup.bash
[0.623s] -- Up-to-date: /root/ros2_ws/install/bumperbot_description/share/bumperbot_description/local_setup.sh
[0.624s] -- Up-to-date: /root/ros2_ws/install/bumperbot_description/share/bumperbot_description/local_setup.zsh
[0.624s] -- Up-to-date: /root/ros2_ws/install/bumperbot_description/share/bumperbot_description/local_setup.dsv
[0.625s] -- Up-to-date: /root/ros2_ws/install/bumperbot_description/share/bumperbot_description/package.dsv
[0.625s] -- Up-to-date: /root/ros2_ws/install/bumperbot_description/share/ament_index/resource_index/packages/bumperbot_description
[0.625s] -- Up-to-date: /root/ros2_ws/install/bumperbot_description/share/bumperbot_description/cmake/bumperbot_descriptionConfig.cmake
[0.625s] -- Up-to-date: /root/ros2_ws/install/bumperbot_description/share/bumperbot_description/cmake/bumperbot_descriptionConfig-version.cmake
[0.626s] -- Up-to-date: /root/ros2_ws/install/bumperbot_description/share/bumperbot_description/package.xml
[0.628s] Invoked command in '/root/ros2_ws/build/bumperbot_description' returned '0': CMAKE_PREFIX_PATH=/opt/ros/humble /usr/bin/cmake --install /root/ros2_ws/build/bumperbot_description
