[0.367s] DEBUG:colcon:Command line arguments: ['/usr/bin/colcon', 'build']
[0.367s] DEBUG:colcon:Parsed command line arguments: Namespace(log_base=None, log_level=None, verb_name='build', build_base='build', install_base='install', merge_install=False, symlink_install=False, test_result_base=None, continue_on_error=False, executor='parallel', parallel_workers=16, event_handlers=None, ignore_user_meta=False, metas=['./colcon.meta'], base_paths=['.'], packages_ignore=None, packages_ignore_regex=None, paths=None, packages_up_to=None, packages_up_to_regex=None, packages_above=None, packages_above_and_dependencies=None, packages_above_depth=None, packages_select_by_dep=None, packages_skip_by_dep=None, packages_skip_up_to=None, packages_select_build_failed=False, packages_skip_build_finished=False, packages_select_test_failures=False, packages_skip_test_passed=False, packages_select=None, packages_skip=None, packages_select_regex=None, packages_skip_regex=None, packages_start=None, packages_end=None, cmake_args=None, cmake_target=None, cmake_target_skip_unavailable=False, cmake_clean_cache=False, cmake_clean_first=False, cmake_force_configure=False, ament_cmake_args=None, catkin_cmake_args=None, catkin_skip_building_tests=False, mixin_files=None, mixin=None, verb_parser=<colcon_mixin.mixin.mixin_argument.MixinArgumentDecorator object at 0x7feda0d3c8b0>, verb_extension=<colcon_core.verb.build.BuildVerb object at 0x7feda0d3c2b0>, main=<bound method BuildVerb.main of <colcon_core.verb.build.BuildVerb object at 0x7feda0d3c2b0>>, mixin_verb=('build',))
[0.822s] Level 1:colcon.colcon_core.package_discovery:discover_packages(colcon_meta) check parameters
[0.824s] INFO:colcon.colcon_metadata.package_discovery.colcon_meta:Using configuration from '/root/.colcon/metadata/default/Gazebo.meta'
[0.825s] INFO:colcon.colcon_metadata.package_discovery.colcon_meta:Using configuration from '/root/.colcon/metadata/default/fastrtps.meta'
[0.825s] Level 1:colcon.colcon_core.package_discovery:discover_packages(recursive) check parameters
[0.825s] Level 1:colcon.colcon_core.package_discovery:discover_packages(ignore) check parameters
[0.825s] Level 1:colcon.colcon_core.package_discovery:discover_packages(path) check parameters
[0.825s] Level 1:colcon.colcon_core.package_discovery:discover_packages(colcon_meta) discover
[0.826s] Level 1:colcon.colcon_core.package_discovery:discover_packages(recursive) discover
[0.826s] INFO:colcon.colcon_core.package_discovery:Crawling recursively for packages in '/root/ros2_ws'
[0.826s] Level 1:colcon.colcon_core.package_identification:_identify(.) by extensions ['ignore', 'ignore_ament_install']
[0.826s] Level 1:colcon.colcon_core.package_identification:_identify(.) by extension 'ignore'
[0.827s] Level 1:colcon.colcon_core.package_identification:_identify(.) by extension 'ignore_ament_install'
[0.827s] Level 1:colcon.colcon_core.package_identification:_identify(.) by extensions ['colcon_pkg']
[0.827s] Level 1:colcon.colcon_core.package_identification:_identify(.) by extension 'colcon_pkg'
[0.827s] Level 1:colcon.colcon_core.package_identification:_identify(.) by extensions ['colcon_meta']
[0.827s] Level 1:colcon.colcon_core.package_identification:_identify(.) by extension 'colcon_meta'
[0.827s] Level 1:colcon.colcon_core.package_identification:_identify(.) by extensions ['ros']
[0.827s] Level 1:colcon.colcon_core.package_identification:_identify(.) by extension 'ros'
[0.848s] Level 1:colcon.colcon_core.package_identification:_identify(.) by extensions ['cmake', 'python']
[0.849s] Level 1:colcon.colcon_core.package_identification:_identify(.) by extension 'cmake'
[0.849s] Level 1:colcon.colcon_core.package_identification:_identify(.) by extension 'python'
[0.849s] Level 1:colcon.colcon_core.package_identification:_identify(.) by extensions ['python_setup_py']
[0.849s] Level 1:colcon.colcon_core.package_identification:_identify(.) by extension 'python_setup_py'
[0.849s] Level 1:colcon.colcon_core.package_identification:_identify(build) by extensions ['ignore', 'ignore_ament_install']
[0.850s] Level 1:colcon.colcon_core.package_identification:_identify(build) by extension 'ignore'
[0.850s] Level 1:colcon.colcon_core.package_identification:_identify(build) ignored
[0.850s] Level 1:colcon.colcon_core.package_identification:_identify(install) by extensions ['ignore', 'ignore_ament_install']
[0.851s] Level 1:colcon.colcon_core.package_identification:_identify(install) by extension 'ignore'
[0.851s] Level 1:colcon.colcon_core.package_identification:_identify(install) ignored
[0.851s] Level 1:colcon.colcon_core.package_identification:_identify(log) by extensions ['ignore', 'ignore_ament_install']
[0.851s] Level 1:colcon.colcon_core.package_identification:_identify(log) by extension 'ignore'
[0.851s] Level 1:colcon.colcon_core.package_identification:_identify(log) ignored
[0.852s] Level 1:colcon.colcon_core.package_identification:_identify(src) by extensions ['ignore', 'ignore_ament_install']
[0.852s] Level 1:colcon.colcon_core.package_identification:_identify(src) by extension 'ignore'
[0.852s] Level 1:colcon.colcon_core.package_identification:_identify(src) by extension 'ignore_ament_install'
[0.852s] Level 1:colcon.colcon_core.package_identification:_identify(src) by extensions ['colcon_pkg']
[0.852s] Level 1:colcon.colcon_core.package_identification:_identify(src) by extension 'colcon_pkg'
[0.852s] Level 1:colcon.colcon_core.package_identification:_identify(src) by extensions ['colcon_meta']
[0.852s] Level 1:colcon.colcon_core.package_identification:_identify(src) by extension 'colcon_meta'
[0.853s] Level 1:colcon.colcon_core.package_identification:_identify(src) by extensions ['ros']
[0.853s] Level 1:colcon.colcon_core.package_identification:_identify(src) by extension 'ros'
[0.853s] Level 1:colcon.colcon_core.package_identification:_identify(src) by extensions ['cmake', 'python']
[0.853s] Level 1:colcon.colcon_core.package_identification:_identify(src) by extension 'cmake'
[0.853s] Level 1:colcon.colcon_core.package_identification:_identify(src) by extension 'python'
[0.853s] Level 1:colcon.colcon_core.package_identification:_identify(src) by extensions ['python_setup_py']
[0.853s] Level 1:colcon.colcon_core.package_identification:_identify(src) by extension 'python_setup_py'
[0.854s] Level 1:colcon.colcon_core.package_identification:_identify(src/bumperbot) by extensions ['ignore', 'ignore_ament_install']
[0.854s] Level 1:colcon.colcon_core.package_identification:_identify(src/bumperbot) by extension 'ignore'
[0.854s] Level 1:colcon.colcon_core.package_identification:_identify(src/bumperbot) by extension 'ignore_ament_install'
[0.854s] Level 1:colcon.colcon_core.package_identification:_identify(src/bumperbot) by extensions ['colcon_pkg']
[0.854s] Level 1:colcon.colcon_core.package_identification:_identify(src/bumperbot) by extension 'colcon_pkg'
[0.854s] Level 1:colcon.colcon_core.package_identification:_identify(src/bumperbot) by extensions ['colcon_meta']
[0.854s] Level 1:colcon.colcon_core.package_identification:_identify(src/bumperbot) by extension 'colcon_meta'
[0.854s] Level 1:colcon.colcon_core.package_identification:_identify(src/bumperbot) by extensions ['ros']
[0.854s] Level 1:colcon.colcon_core.package_identification:_identify(src/bumperbot) by extension 'ros'
[0.860s] DEBUG:colcon.colcon_core.package_identification:Package 'src/bumperbot' with type 'ros.ament_python' and name 'bumperbot'
[0.861s] Level 1:colcon.colcon_core.package_identification:_identify(src/bumperbot_description) by extensions ['ignore', 'ignore_ament_install']
[0.861s] Level 1:colcon.colcon_core.package_identification:_identify(src/bumperbot_description) by extension 'ignore'
[0.862s] Level 1:colcon.colcon_core.package_identification:_identify(src/bumperbot_description) by extension 'ignore_ament_install'
[0.862s] Level 1:colcon.colcon_core.package_identification:_identify(src/bumperbot_description) by extensions ['colcon_pkg']
[0.862s] Level 1:colcon.colcon_core.package_identification:_identify(src/bumperbot_description) by extension 'colcon_pkg'
[0.862s] Level 1:colcon.colcon_core.package_identification:_identify(src/bumperbot_description) by extensions ['colcon_meta']
[0.862s] Level 1:colcon.colcon_core.package_identification:_identify(src/bumperbot_description) by extension 'colcon_meta'
[0.862s] Level 1:colcon.colcon_core.package_identification:_identify(src/bumperbot_description) by extensions ['ros']
[0.862s] Level 1:colcon.colcon_core.package_identification:_identify(src/bumperbot_description) by extension 'ros'
[0.864s] DEBUG:colcon.colcon_core.package_identification:Package 'src/bumperbot_description' with type 'ros.ament_cmake' and name 'bumperbot_description'
[0.864s] Level 1:colcon.colcon_core.package_discovery:discover_packages(recursive) using defaults
[0.864s] Level 1:colcon.colcon_core.package_discovery:discover_packages(ignore) discover
[0.865s] Level 1:colcon.colcon_core.package_discovery:discover_packages(ignore) using defaults
[0.865s] Level 1:colcon.colcon_core.package_discovery:discover_packages(path) discover
[0.865s] Level 1:colcon.colcon_core.package_discovery:discover_packages(path) using defaults
[0.912s] Level 5:colcon.colcon_core.verb:set package 'bumperbot' build argument 'cmake_args' from command line to 'None'
[0.912s] Level 5:colcon.colcon_core.verb:set package 'bumperbot' build argument 'cmake_target' from command line to 'None'
[0.912s] Level 5:colcon.colcon_core.verb:set package 'bumperbot' build argument 'cmake_target_skip_unavailable' from command line to 'False'
[0.912s] Level 5:colcon.colcon_core.verb:set package 'bumperbot' build argument 'cmake_clean_cache' from command line to 'False'
[0.912s] Level 5:colcon.colcon_core.verb:set package 'bumperbot' build argument 'cmake_clean_first' from command line to 'False'
[0.912s] Level 5:colcon.colcon_core.verb:set package 'bumperbot' build argument 'cmake_force_configure' from command line to 'False'
[0.912s] Level 5:colcon.colcon_core.verb:set package 'bumperbot' build argument 'ament_cmake_args' from command line to 'None'
[0.912s] Level 5:colcon.colcon_core.verb:set package 'bumperbot' build argument 'catkin_cmake_args' from command line to 'None'
[0.912s] Level 5:colcon.colcon_core.verb:set package 'bumperbot' build argument 'catkin_skip_building_tests' from command line to 'False'
[0.912s] DEBUG:colcon.colcon_core.verb:Building package 'bumperbot' with the following arguments: {'ament_cmake_args': None, 'build_base': '/root/ros2_ws/build/bumperbot', 'catkin_cmake_args': None, 'catkin_skip_building_tests': False, 'cmake_args': None, 'cmake_clean_cache': False, 'cmake_clean_first': False, 'cmake_force_configure': False, 'cmake_target': None, 'cmake_target_skip_unavailable': False, 'install_base': '/root/ros2_ws/install/bumperbot', 'merge_install': False, 'path': '/root/ros2_ws/src/bumperbot', 'symlink_install': False, 'test_result_base': None}
[0.913s] Level 5:colcon.colcon_core.verb:set package 'bumperbot_description' build argument 'cmake_args' from command line to 'None'
[0.913s] Level 5:colcon.colcon_core.verb:set package 'bumperbot_description' build argument 'cmake_target' from command line to 'None'
[0.913s] Level 5:colcon.colcon_core.verb:set package 'bumperbot_description' build argument 'cmake_target_skip_unavailable' from command line to 'False'
[0.913s] Level 5:colcon.colcon_core.verb:set package 'bumperbot_description' build argument 'cmake_clean_cache' from command line to 'False'
[0.913s] Level 5:colcon.colcon_core.verb:set package 'bumperbot_description' build argument 'cmake_clean_first' from command line to 'False'
[0.913s] Level 5:colcon.colcon_core.verb:set package 'bumperbot_description' build argument 'cmake_force_configure' from command line to 'False'
[0.913s] Level 5:colcon.colcon_core.verb:set package 'bumperbot_description' build argument 'ament_cmake_args' from command line to 'None'
[0.913s] Level 5:colcon.colcon_core.verb:set package 'bumperbot_description' build argument 'catkin_cmake_args' from command line to 'None'
[0.913s] Level 5:colcon.colcon_core.verb:set package 'bumperbot_description' build argument 'catkin_skip_building_tests' from command line to 'False'
[0.913s] DEBUG:colcon.colcon_core.verb:Building package 'bumperbot_description' with the following arguments: {'ament_cmake_args': None, 'build_base': '/root/ros2_ws/build/bumperbot_description', 'catkin_cmake_args': None, 'catkin_skip_building_tests': False, 'cmake_args': None, 'cmake_clean_cache': False, 'cmake_clean_first': False, 'cmake_force_configure': False, 'cmake_target': None, 'cmake_target_skip_unavailable': False, 'install_base': '/root/ros2_ws/install/bumperbot_description', 'merge_install': False, 'path': '/root/ros2_ws/src/bumperbot_description', 'symlink_install': False, 'test_result_base': None}
[0.913s] INFO:colcon.colcon_core.executor:Executing jobs using 'parallel' executor
[0.915s] DEBUG:colcon.colcon_parallel_executor.executor.parallel:run_until_complete
[0.915s] INFO:colcon.colcon_ros.task.ament_python.build:Building ROS package in '/root/ros2_ws/src/bumperbot' with build type 'ament_python'
[0.915s] Level 1:colcon.colcon_core.shell:create_environment_hook('bumperbot', 'ament_prefix_path')
[0.924s] INFO:colcon.colcon_core.plugin_system:Skipping extension 'colcon_core.shell.bat': Not used on non-Windows systems
[0.924s] INFO:colcon.colcon_core.shell:Creating environment hook '/root/ros2_ws/install/bumperbot/share/bumperbot/hook/ament_prefix_path.ps1'
[0.926s] INFO:colcon.colcon_core.shell:Creating environment descriptor '/root/ros2_ws/install/bumperbot/share/bumperbot/hook/ament_prefix_path.dsv'
[0.927s] INFO:colcon.colcon_core.shell:Creating environment hook '/root/ros2_ws/install/bumperbot/share/bumperbot/hook/ament_prefix_path.sh'
[0.929s] INFO:colcon.colcon_core.shell:Skip shell extension 'powershell' for command environment: Not usable outside of PowerShell
[0.929s] DEBUG:colcon.colcon_core.shell:Skip shell extension 'dsv' for command environment
[0.941s] INFO:colcon.colcon_ros.task.ament_cmake.build:Building ROS package in '/root/ros2_ws/src/bumperbot_description' with build type 'ament_cmake'
[0.942s] INFO:colcon.colcon_cmake.task.cmake.build:Building CMake package in '/root/ros2_ws/src/bumperbot_description'
[0.942s] INFO:colcon.colcon_core.shell:Skip shell extension 'powershell' for command environment: Not usable outside of PowerShell
[0.943s] DEBUG:colcon.colcon_core.shell:Skip shell extension 'dsv' for command environment
[1.299s] INFO:colcon.colcon_core.task.python.build:Building Python package in '/root/ros2_ws/src/bumperbot'
[1.299s] INFO:colcon.colcon_core.shell:Skip shell extension 'powershell' for command environment: Not usable outside of PowerShell
[1.300s] DEBUG:colcon.colcon_core.shell:Skip shell extension 'dsv' for command environment
[1.317s] DEBUG:colcon.colcon_core.event_handler.log_command:Invoking command in '/root/ros2_ws/build/bumperbot_description': CMAKE_PREFIX_PATH=${CMAKE_PREFIX_PATH}:/root/ros2_ws/install/bumperbot:/opt/ros/humble /usr/bin/cmake --build /root/ros2_ws/build/bumperbot_description -- -j16 -l16
[1.433s] DEBUG:colcon.colcon_core.event_handler.log_command:Invoked command in '/root/ros2_ws/build/bumperbot_description' returned '0': CMAKE_PREFIX_PATH=${CMAKE_PREFIX_PATH}:/root/ros2_ws/install/bumperbot:/opt/ros/humble /usr/bin/cmake --build /root/ros2_ws/build/bumperbot_description -- -j16 -l16
[1.476s] DEBUG:colcon.colcon_core.event_handler.log_command:Invoking command in '/root/ros2_ws/build/bumperbot_description': CMAKE_PREFIX_PATH=${CMAKE_PREFIX_PATH}:/root/ros2_ws/install/bumperbot:/opt/ros/humble /usr/bin/cmake --install /root/ros2_ws/build/bumperbot_description
[1.500s] Level 1:colcon.colcon_core.environment:create_environment_scripts_only(bumperbot_description)
[1.502s] DEBUG:colcon.colcon_core.event_handler.log_command:Invoked command in '/root/ros2_ws/build/bumperbot_description' returned '0': CMAKE_PREFIX_PATH=${CMAKE_PREFIX_PATH}:/root/ros2_ws/install/bumperbot:/opt/ros/humble /usr/bin/cmake --install /root/ros2_ws/build/bumperbot_description
[1.509s] Level 1:colcon.colcon_core.environment:checking '/root/ros2_ws/install/bumperbot_description' for CMake module files
[1.510s] Level 1:colcon.colcon_core.environment:checking '/root/ros2_ws/install/bumperbot_description' for CMake config files
[1.513s] Level 1:colcon.colcon_core.shell:create_environment_hook('bumperbot_description', 'cmake_prefix_path')
[1.513s] INFO:colcon.colcon_core.shell:Creating environment hook '/root/ros2_ws/install/bumperbot_description/share/bumperbot_description/hook/cmake_prefix_path.ps1'
[1.514s] INFO:colcon.colcon_core.shell:Creating environment descriptor '/root/ros2_ws/install/bumperbot_description/share/bumperbot_description/hook/cmake_prefix_path.dsv'
[1.515s] INFO:colcon.colcon_core.shell:Creating environment hook '/root/ros2_ws/install/bumperbot_description/share/bumperbot_description/hook/cmake_prefix_path.sh'
[1.515s] Level 1:colcon.colcon_core.environment:checking '/root/ros2_ws/install/bumperbot_description/bin'
[1.515s] Level 1:colcon.colcon_core.environment:checking '/root/ros2_ws/install/bumperbot_description/lib/pkgconfig/bumperbot_description.pc'
[1.516s] Level 1:colcon.colcon_core.environment:checking '/root/ros2_ws/install/bumperbot_description/lib/python3.10/site-packages'
[1.516s] Level 1:colcon.colcon_core.environment:checking '/root/ros2_ws/install/bumperbot_description/bin'
[1.516s] INFO:colcon.colcon_core.shell:Creating package script '/root/ros2_ws/install/bumperbot_description/share/bumperbot_description/package.ps1'
[1.518s] INFO:colcon.colcon_core.shell:Creating package descriptor '/root/ros2_ws/install/bumperbot_description/share/bumperbot_description/package.dsv'
[1.519s] INFO:colcon.colcon_core.shell:Creating package script '/root/ros2_ws/install/bumperbot_description/share/bumperbot_description/package.sh'
[1.521s] INFO:colcon.colcon_core.shell:Creating package script '/root/ros2_ws/install/bumperbot_description/share/bumperbot_description/package.bash'
[1.523s] INFO:colcon.colcon_core.shell:Creating package script '/root/ros2_ws/install/bumperbot_description/share/bumperbot_description/package.zsh'
[1.525s] Level 1:colcon.colcon_core.environment:create_file_with_runtime_dependencies(/root/ros2_ws/install/bumperbot_description/share/colcon-core/packages/bumperbot_description)
[1.555s] Level 1:colcon.colcon_core.environment:create_environment_scripts_only(bumperbot_description)
[1.556s] Level 1:colcon.colcon_core.environment:checking '/root/ros2_ws/install/bumperbot_description' for CMake module files
[1.557s] Level 1:colcon.colcon_core.environment:checking '/root/ros2_ws/install/bumperbot_description' for CMake config files
[1.557s] Level 1:colcon.colcon_core.shell:create_environment_hook('bumperbot_description', 'cmake_prefix_path')
[1.557s] INFO:colcon.colcon_core.shell:Creating environment hook '/root/ros2_ws/install/bumperbot_description/share/bumperbot_description/hook/cmake_prefix_path.ps1'
[1.558s] INFO:colcon.colcon_core.shell:Creating environment descriptor '/root/ros2_ws/install/bumperbot_description/share/bumperbot_description/hook/cmake_prefix_path.dsv'
[1.559s] INFO:colcon.colcon_core.shell:Creating environment hook '/root/ros2_ws/install/bumperbot_description/share/bumperbot_description/hook/cmake_prefix_path.sh'
[1.559s] Level 1:colcon.colcon_core.environment:checking '/root/ros2_ws/install/bumperbot_description/bin'
[1.559s] Level 1:colcon.colcon_core.environment:checking '/root/ros2_ws/install/bumperbot_description/lib/pkgconfig/bumperbot_description.pc'
[1.560s] Level 1:colcon.colcon_core.environment:checking '/root/ros2_ws/install/bumperbot_description/lib/python3.10/site-packages'
[1.560s] Level 1:colcon.colcon_core.environment:checking '/root/ros2_ws/install/bumperbot_description/bin'
[1.560s] INFO:colcon.colcon_core.shell:Creating package script '/root/ros2_ws/install/bumperbot_description/share/bumperbot_description/package.ps1'
[1.561s] INFO:colcon.colcon_core.shell:Creating package descriptor '/root/ros2_ws/install/bumperbot_description/share/bumperbot_description/package.dsv'
[1.562s] INFO:colcon.colcon_core.shell:Creating package script '/root/ros2_ws/install/bumperbot_description/share/bumperbot_description/package.sh'
[1.562s] INFO:colcon.colcon_core.shell:Creating package script '/root/ros2_ws/install/bumperbot_description/share/bumperbot_description/package.bash'
[1.563s] INFO:colcon.colcon_core.shell:Creating package script '/root/ros2_ws/install/bumperbot_description/share/bumperbot_description/package.zsh'
[1.563s] Level 1:colcon.colcon_core.environment:create_file_with_runtime_dependencies(/root/ros2_ws/install/bumperbot_description/share/colcon-core/packages/bumperbot_description)
[1.993s] DEBUG:colcon.colcon_core.event_handler.log_command:Invoking command in '/root/ros2_ws/src/bumperbot': PYTHONPATH=/root/ros2_ws/build/bumperbot/prefix_override:/usr/lib/python3/dist-packages/colcon_core/task/python/colcon_distutils_commands:/root/ros2_ws/install/bumperbot/lib/python3.10/site-packages:${PYTHONPATH} /usr/bin/python3 -W ignore:setup.py install is deprecated setup.py egg_info --egg-base ../../build/bumperbot build --build-base /root/ros2_ws/build/bumperbot/build install --record /root/ros2_ws/build/bumperbot/install.log --single-version-externally-managed install_data
[2.333s] Level 1:colcon.colcon_core.environment:checking '/root/ros2_ws/install/bumperbot' for CMake module files
[2.335s] DEBUG:colcon.colcon_core.event_handler.log_command:Invoked command in '/root/ros2_ws/src/bumperbot' returned '0': PYTHONPATH=/root/ros2_ws/build/bumperbot/prefix_override:/usr/lib/python3/dist-packages/colcon_core/task/python/colcon_distutils_commands:/root/ros2_ws/install/bumperbot/lib/python3.10/site-packages:${PYTHONPATH} /usr/bin/python3 -W ignore:setup.py install is deprecated setup.py egg_info --egg-base ../../build/bumperbot build --build-base /root/ros2_ws/build/bumperbot/build install --record /root/ros2_ws/build/bumperbot/install.log --single-version-externally-managed install_data
[2.335s] Level 1:colcon.colcon_core.environment:checking '/root/ros2_ws/install/bumperbot' for CMake config files
[2.339s] Level 1:colcon.colcon_core.environment:checking '/root/ros2_ws/install/bumperbot/lib'
[2.339s] Level 1:colcon.colcon_core.environment:checking '/root/ros2_ws/install/bumperbot/bin'
[2.340s] Level 1:colcon.colcon_core.environment:checking '/root/ros2_ws/install/bumperbot/lib/pkgconfig/bumperbot.pc'
[2.340s] Level 1:colcon.colcon_core.environment:checking '/root/ros2_ws/install/bumperbot/lib/python3.10/site-packages'
[2.340s] Level 1:colcon.colcon_core.shell:create_environment_hook('bumperbot', 'pythonpath')
[2.341s] INFO:colcon.colcon_core.shell:Creating environment hook '/root/ros2_ws/install/bumperbot/share/bumperbot/hook/pythonpath.ps1'
[2.341s] INFO:colcon.colcon_core.shell:Creating environment descriptor '/root/ros2_ws/install/bumperbot/share/bumperbot/hook/pythonpath.dsv'
[2.342s] INFO:colcon.colcon_core.shell:Creating environment hook '/root/ros2_ws/install/bumperbot/share/bumperbot/hook/pythonpath.sh'
[2.342s] Level 1:colcon.colcon_core.environment:checking '/root/ros2_ws/install/bumperbot/bin'
[2.343s] Level 1:colcon.colcon_core.environment:create_environment_scripts_only(bumperbot)
[2.343s] INFO:colcon.colcon_core.shell:Creating package script '/root/ros2_ws/install/bumperbot/share/bumperbot/package.ps1'
[2.343s] INFO:colcon.colcon_core.shell:Creating package descriptor '/root/ros2_ws/install/bumperbot/share/bumperbot/package.dsv'
[2.344s] INFO:colcon.colcon_core.shell:Creating package script '/root/ros2_ws/install/bumperbot/share/bumperbot/package.sh'
[2.345s] INFO:colcon.colcon_core.shell:Creating package script '/root/ros2_ws/install/bumperbot/share/bumperbot/package.bash'
[2.345s] INFO:colcon.colcon_core.shell:Creating package script '/root/ros2_ws/install/bumperbot/share/bumperbot/package.zsh'
[2.345s] Level 1:colcon.colcon_core.environment:create_file_with_runtime_dependencies(/root/ros2_ws/install/bumperbot/share/colcon-core/packages/bumperbot)
[2.346s] DEBUG:colcon.colcon_parallel_executor.executor.parallel:closing loop
[2.347s] DEBUG:colcon.colcon_parallel_executor.executor.parallel:loop closed
[2.347s] DEBUG:colcon.colcon_parallel_executor.executor.parallel:run_until_complete finished with '0'
[2.348s] DEBUG:colcon.colcon_core.event_reactor:joining thread
[2.363s] INFO:colcon.colcon_core.plugin_system:Skipping extension 'colcon_notification.desktop_notification.notify_send': Could not find 'notify-send'
[2.363s] INFO:colcon.colcon_core.plugin_system:Skipping extension 'colcon_notification.desktop_notification.terminal_notifier': Not used on non-Darwin systems
[2.363s] INFO:colcon.colcon_core.plugin_system:Skipping extension 'colcon_notification.desktop_notification.win32': Not used on non-Windows systems
[2.364s] INFO:colcon.colcon_notification.desktop_notification:Sending desktop notification using 'notify2'
[2.366s] DEBUG:colcon.colcon_notification.desktop_notification.notify2:Failed to initialize notify2: org.freedesktop.DBus.Error.Spawn.ExecFailed: /usr/bin/dbus-launch terminated abnormally without any error message
[2.367s] DEBUG:colcon.colcon_core.event_reactor:joined thread
[2.367s] INFO:colcon.colcon_core.shell:Creating prefix script '/root/ros2_ws/install/local_setup.ps1'
[2.369s] INFO:colcon.colcon_core.shell:Creating prefix util module '/root/ros2_ws/install/_local_setup_util_ps1.py'
[2.372s] INFO:colcon.colcon_core.shell:Creating prefix chain script '/root/ros2_ws/install/setup.ps1'
[2.374s] INFO:colcon.colcon_core.shell:Creating prefix script '/root/ros2_ws/install/local_setup.sh'
[2.376s] INFO:colcon.colcon_core.shell:Creating prefix util module '/root/ros2_ws/install/_local_setup_util_sh.py'
[2.376s] INFO:colcon.colcon_core.shell:Creating prefix chain script '/root/ros2_ws/install/setup.sh'
[2.378s] INFO:colcon.colcon_core.shell:Creating prefix script '/root/ros2_ws/install/local_setup.bash'
[2.379s] INFO:colcon.colcon_core.shell:Creating prefix chain script '/root/ros2_ws/install/setup.bash'
[2.381s] INFO:colcon.colcon_core.shell:Creating prefix script '/root/ros2_ws/install/local_setup.zsh'
[2.382s] INFO:colcon.colcon_core.shell:Creating prefix chain script '/root/ros2_ws/install/setup.zsh'
