[0.495s] Invoking command in '/root/ros2_ws/build/bumperbot_controller': CMAKE_PREFIX_PATH=${CMAKE_PREFIX_PATH}:/root/ros2_ws/install/bumperbot:/opt/ros/humble /usr/bin/cmake --build /root/ros2_ws/build/bumperbot_controller -- -j16 -l16
[0.578s] Invoked command in '/root/ros2_ws/build/bumperbot_controller' returned '0': CMAKE_PREFIX_PATH=${CMAKE_PREFIX_PATH}:/root/ros2_ws/install/bumperbot:/opt/ros/humble /usr/bin/cmake --build /root/ros2_ws/build/bumperbot_controller -- -j16 -l16
[0.635s] Invoking command in '/root/ros2_ws/build/bumperbot_controller': CMAKE_PREFIX_PATH=${CMAKE_PREFIX_PATH}:/root/ros2_ws/install/bumperbot:/opt/ros/humble /usr/bin/cmake --install /root/ros2_ws/build/bumperbot_controller
[0.647s] -- Install configuration: ""
[0.649s] -- Execute custom install script
[0.651s] -- Up-to-date symlink: /root/ros2_ws/install/bumperbot_controller/share/bumperbot_controller/config/bumperbot_controller.yaml
[0.651s] -- Up-to-date symlink: /root/ros2_ws/install/bumperbot_controller/share/bumperbot_controller/launch/contoller.launch.py
[0.652s] -- Up-to-date symlink: /root/ros2_ws/install/bumperbot_controller/share/ament_index/resource_index/package_run_dependencies/bumperbot_controller
[0.652s] -- Up-to-date symlink: /root/ros2_ws/install/bumperbot_controller/share/ament_index/resource_index/parent_prefix_path/bumperbot_controller
[0.652s] -- Up-to-date symlink: /root/ros2_ws/install/bumperbot_controller/share/bumperbot_controller/environment/ament_prefix_path.sh
[0.653s] -- Up-to-date symlink: /root/ros2_ws/install/bumperbot_controller/share/bumperbot_controller/environment/ament_prefix_path.dsv
[0.653s] -- Up-to-date symlink: /root/ros2_ws/install/bumperbot_controller/share/bumperbot_controller/environment/path.sh
[0.654s] -- Up-to-date symlink: /root/ros2_ws/install/bumperbot_controller/share/bumperbot_controller/environment/path.dsv
[0.655s] -- Up-to-date symlink: /root/ros2_ws/install/bumperbot_controller/share/bumperbot_controller/local_setup.bash
[0.656s] -- Up-to-date symlink: /root/ros2_ws/install/bumperbot_controller/share/bumperbot_controller/local_setup.sh
[0.657s] -- Up-to-date symlink: /root/ros2_ws/install/bumperbot_controller/share/bumperbot_controller/local_setup.zsh
[0.657s] -- Up-to-date symlink: /root/ros2_ws/install/bumperbot_controller/share/bumperbot_controller/local_setup.dsv
[0.658s] -- Symlinking: /root/ros2_ws/install/bumperbot_controller/share/bumperbot_controller/package.dsv
[0.672s] -- Up-to-date symlink: /root/ros2_ws/install/bumperbot_controller/share/ament_index/resource_index/packages/bumperbot_controller
[0.673s] -- Up-to-date symlink: /root/ros2_ws/install/bumperbot_controller/share/bumperbot_controller/cmake/bumperbot_controllerConfig.cmake
[0.674s] -- Up-to-date symlink: /root/ros2_ws/install/bumperbot_controller/share/bumperbot_controller/cmake/bumperbot_controllerConfig-version.cmake
[0.674s] -- Up-to-date symlink: /root/ros2_ws/install/bumperbot_controller/share/bumperbot_controller/package.xml
[0.679s] Invoked command in '/root/ros2_ws/build/bumperbot_controller' returned '0': CMAKE_PREFIX_PATH=${CMAKE_PREFIX_PATH}:/root/ros2_ws/install/bumperbot:/opt/ros/humble /usr/bin/cmake --install /root/ros2_ws/build/bumperbot_controller
