[3.095s] Invoking command in '/root/ros2_ws/src/bumperbot': PYTHONPATH=/root/ros2_ws/build/bumperbot/prefix_override:/usr/lib/python3/dist-packages/colcon_core/task/python/colcon_distutils_commands:/root/ros2_ws/install/bumperbot/lib/python3.10/site-packages:${PYTHONPATH} /usr/bin/python3 -W ignore:setup.py install is deprecated setup.py egg_info --egg-base ../../build/bumperbot build --build-base /root/ros2_ws/build/bumperbot/build install --record /root/ros2_ws/build/bumperbot/install.log --single-version-externally-managed install_data
[4.275s] running egg_info
[4.278s] writing ../../build/bumperbot/bumperbot.egg-info/PKG-INFO
[4.281s] writing dependency_links to ../../build/bumperbot/bumperbot.egg-info/dependency_links.txt
[4.283s] writing entry points to ../../build/bumperbot/bumperbot.egg-info/entry_points.txt
[4.284s] writing requirements to ../../build/bumperbot/bumperbot.egg-info/requires.txt
[4.284s] writing top-level names to ../../build/bumperbot/bumperbot.egg-info/top_level.txt
[4.290s] reading manifest file '../../build/bumperbot/bumperbot.egg-info/SOURCES.txt'
[4.294s] writing manifest file '../../build/bumperbot/bumperbot.egg-info/SOURCES.txt'
[4.296s] running build
[4.296s] running build_py
[4.298s] running install
[4.299s] running install_lib
[4.303s] running install_data
[4.304s] running install_egg_info
[4.309s] removing '/root/ros2_ws/install/bumperbot/lib/python3.10/site-packages/bumperbot-0.0.0-py3.10.egg-info' (and everything under it)
[4.311s] Copying ../../build/bumperbot/bumperbot.egg-info to /root/ros2_ws/install/bumperbot/lib/python3.10/site-packages/bumperbot-0.0.0-py3.10.egg-info
[4.318s] running install_scripts
[4.397s] Installing simple_parameter script to /root/ros2_ws/install/bumperbot/lib/bumperbot
[4.399s] Installing simple_publisher script to /root/ros2_ws/install/bumperbot/lib/bumperbot
[4.399s] Installing simple_subscriber script to /root/ros2_ws/install/bumperbot/lib/bumperbot
[4.400s] Installing simple_turtlesim_kinematics script to /root/ros2_ws/install/bumperbot/lib/bumperbot
[4.402s] writing list of installed files to '/root/ros2_ws/build/bumperbot/install.log'
[4.473s] Invoked command in '/root/ros2_ws/src/bumperbot' returned '0': PYTHONPATH=/root/ros2_ws/build/bumperbot/prefix_override:/usr/lib/python3/dist-packages/colcon_core/task/python/colcon_distutils_commands:/root/ros2_ws/install/bumperbot/lib/python3.10/site-packages:${PYTHONPATH} /usr/bin/python3 -W ignore:setup.py install is deprecated setup.py egg_info --egg-base ../../build/bumperbot build --build-base /root/ros2_ws/build/bumperbot/build install --record /root/ros2_ws/build/bumperbot/install.log --single-version-externally-managed install_data
