[0.348s] DEBUG:colcon:Command line arguments: ['/usr/bin/colcon', 'build']
[0.348s] DEBUG:colcon:Parsed command line arguments: Namespace(log_base=None, log_level=None, verb_name='build', build_base='build', install_base='install', merge_install=False, symlink_install=False, test_result_base=None, continue_on_error=False, executor='parallel', parallel_workers=16, event_handlers=None, ignore_user_meta=False, metas=['./colcon.meta'], base_paths=['.'], packages_ignore=None, packages_ignore_regex=None, paths=None, packages_up_to=None, packages_up_to_regex=None, packages_above=None, packages_above_and_dependencies=None, packages_above_depth=None, packages_select_by_dep=None, packages_skip_by_dep=None, packages_skip_up_to=None, packages_select_build_failed=False, packages_skip_build_finished=False, packages_select_test_failures=False, packages_skip_test_passed=False, packages_select=None, packages_skip=None, packages_select_regex=None, packages_skip_regex=None, packages_start=None, packages_end=None, cmake_args=None, cmake_target=None, cmake_target_skip_unavailable=False, cmake_clean_cache=False, cmake_clean_first=False, cmake_force_configure=False, ament_cmake_args=None, catkin_cmake_args=None, catkin_skip_building_tests=False, mixin_files=None, mixin=None, verb_parser=<colcon_mixin.mixin.mixin_argument.MixinArgumentDecorator object at 0x7fafff1bc550>, verb_extension=<colcon_core.verb.build.BuildVerb object at 0x7fafff1938b0>, main=<bound method BuildVerb.main of <colcon_core.verb.build.BuildVerb object at 0x7fafff1938b0>>, mixin_verb=('build',))
[0.790s] Level 1:colcon.colcon_core.package_discovery:discover_packages(colcon_meta) check parameters
[0.792s] INFO:colcon.colcon_metadata.package_discovery.colcon_meta:Using configuration from '/root/.colcon/metadata/default/Gazebo.meta'
[0.794s] INFO:colcon.colcon_metadata.package_discovery.colcon_meta:Using configuration from '/root/.colcon/metadata/default/fastrtps.meta'
[0.794s] Level 1:colcon.colcon_core.package_discovery:discover_packages(recursive) check parameters
[0.794s] Level 1:colcon.colcon_core.package_discovery:discover_packages(ignore) check parameters
[0.794s] Level 1:colcon.colcon_core.package_discovery:discover_packages(path) check parameters
[0.794s] Level 1:colcon.colcon_core.package_discovery:discover_packages(colcon_meta) discover
[0.794s] Level 1:colcon.colcon_core.package_discovery:discover_packages(recursive) discover
[0.795s] INFO:colcon.colcon_core.package_discovery:Crawling recursively for packages in '/root/ros2_ws'
[0.795s] Level 1:colcon.colcon_core.package_identification:_identify(.) by extensions ['ignore', 'ignore_ament_install']
[0.795s] Level 1:colcon.colcon_core.package_identification:_identify(.) by extension 'ignore'
[0.795s] Level 1:colcon.colcon_core.package_identification:_identify(.) by extension 'ignore_ament_install'
[0.795s] Level 1:colcon.colcon_core.package_identification:_identify(.) by extensions ['colcon_pkg']
[0.795s] Level 1:colcon.colcon_core.package_identification:_identify(.) by extension 'colcon_pkg'
[0.796s] Level 1:colcon.colcon_core.package_identification:_identify(.) by extensions ['colcon_meta']
[0.796s] Level 1:colcon.colcon_core.package_identification:_identify(.) by extension 'colcon_meta'
[0.796s] Level 1:colcon.colcon_core.package_identification:_identify(.) by extensions ['ros']
[0.796s] Level 1:colcon.colcon_core.package_identification:_identify(.) by extension 'ros'
[0.814s] Level 1:colcon.colcon_core.package_identification:_identify(.) by extensions ['cmake', 'python']
[0.815s] Level 1:colcon.colcon_core.package_identification:_identify(.) by extension 'cmake'
[0.815s] Level 1:colcon.colcon_core.package_identification:_identify(.) by extension 'python'
[0.815s] Level 1:colcon.colcon_core.package_identification:_identify(.) by extensions ['python_setup_py']
[0.815s] Level 1:colcon.colcon_core.package_identification:_identify(.) by extension 'python_setup_py'
[0.816s] Level 1:colcon.colcon_core.package_identification:_identify(build) by extensions ['ignore', 'ignore_ament_install']
[0.816s] Level 1:colcon.colcon_core.package_identification:_identify(build) by extension 'ignore'
[0.816s] Level 1:colcon.colcon_core.package_identification:_identify(build) ignored
[0.817s] Level 1:colcon.colcon_core.package_identification:_identify(install) by extensions ['ignore', 'ignore_ament_install']
[0.817s] Level 1:colcon.colcon_core.package_identification:_identify(install) by extension 'ignore'
[0.817s] Level 1:colcon.colcon_core.package_identification:_identify(install) ignored
[0.817s] Level 1:colcon.colcon_core.package_identification:_identify(log) by extensions ['ignore', 'ignore_ament_install']
[0.817s] Level 1:colcon.colcon_core.package_identification:_identify(log) by extension 'ignore'
[0.818s] Level 1:colcon.colcon_core.package_identification:_identify(log) ignored
[0.818s] Level 1:colcon.colcon_core.package_identification:_identify(src) by extensions ['ignore', 'ignore_ament_install']
[0.818s] Level 1:colcon.colcon_core.package_identification:_identify(src) by extension 'ignore'
[0.818s] Level 1:colcon.colcon_core.package_identification:_identify(src) by extension 'ignore_ament_install'
[0.818s] Level 1:colcon.colcon_core.package_identification:_identify(src) by extensions ['colcon_pkg']
[0.818s] Level 1:colcon.colcon_core.package_identification:_identify(src) by extension 'colcon_pkg'
[0.819s] Level 1:colcon.colcon_core.package_identification:_identify(src) by extensions ['colcon_meta']
[0.819s] Level 1:colcon.colcon_core.package_identification:_identify(src) by extension 'colcon_meta'
[0.819s] Level 1:colcon.colcon_core.package_identification:_identify(src) by extensions ['ros']
[0.819s] Level 1:colcon.colcon_core.package_identification:_identify(src) by extension 'ros'
[0.819s] Level 1:colcon.colcon_core.package_identification:_identify(src) by extensions ['cmake', 'python']
[0.819s] Level 1:colcon.colcon_core.package_identification:_identify(src) by extension 'cmake'
[0.819s] Level 1:colcon.colcon_core.package_identification:_identify(src) by extension 'python'
[0.819s] Level 1:colcon.colcon_core.package_identification:_identify(src) by extensions ['python_setup_py']
[0.819s] Level 1:colcon.colcon_core.package_identification:_identify(src) by extension 'python_setup_py'
[0.820s] Level 1:colcon.colcon_core.package_identification:_identify(src/bumperbot) by extensions ['ignore', 'ignore_ament_install']
[0.820s] Level 1:colcon.colcon_core.package_identification:_identify(src/bumperbot) by extension 'ignore'
[0.820s] Level 1:colcon.colcon_core.package_identification:_identify(src/bumperbot) by extension 'ignore_ament_install'
[0.820s] Level 1:colcon.colcon_core.package_identification:_identify(src/bumperbot) by extensions ['colcon_pkg']
[0.820s] Level 1:colcon.colcon_core.package_identification:_identify(src/bumperbot) by extension 'colcon_pkg'
[0.821s] Level 1:colcon.colcon_core.package_identification:_identify(src/bumperbot) by extensions ['colcon_meta']
[0.821s] Level 1:colcon.colcon_core.package_identification:_identify(src/bumperbot) by extension 'colcon_meta'
[0.821s] Level 1:colcon.colcon_core.package_identification:_identify(src/bumperbot) by extensions ['ros']
[0.821s] Level 1:colcon.colcon_core.package_identification:_identify(src/bumperbot) by extension 'ros'
[0.827s] DEBUG:colcon.colcon_core.package_identification:Package 'src/bumperbot' with type 'ros.ament_python' and name 'bumperbot'
[0.827s] Level 1:colcon.colcon_core.package_identification:_identify(src/bumperbot_controller) by extensions ['ignore', 'ignore_ament_install']
[0.827s] Level 1:colcon.colcon_core.package_identification:_identify(src/bumperbot_controller) by extension 'ignore'
[0.828s] Level 1:colcon.colcon_core.package_identification:_identify(src/bumperbot_controller) by extension 'ignore_ament_install'
[0.828s] Level 1:colcon.colcon_core.package_identification:_identify(src/bumperbot_controller) by extensions ['colcon_pkg']
[0.828s] Level 1:colcon.colcon_core.package_identification:_identify(src/bumperbot_controller) by extension 'colcon_pkg'
[0.828s] Level 1:colcon.colcon_core.package_identification:_identify(src/bumperbot_controller) by extensions ['colcon_meta']
[0.828s] Level 1:colcon.colcon_core.package_identification:_identify(src/bumperbot_controller) by extension 'colcon_meta'
[0.828s] Level 1:colcon.colcon_core.package_identification:_identify(src/bumperbot_controller) by extensions ['ros']
[0.828s] Level 1:colcon.colcon_core.package_identification:_identify(src/bumperbot_controller) by extension 'ros'
[0.829s] DEBUG:colcon.colcon_core.package_identification:Package 'src/bumperbot_controller' with type 'ros.ament_cmake' and name 'bumperbot_controller'
[0.830s] Level 1:colcon.colcon_core.package_identification:_identify(src/bumperbot_description) by extensions ['ignore', 'ignore_ament_install']
[0.830s] Level 1:colcon.colcon_core.package_identification:_identify(src/bumperbot_description) by extension 'ignore'
[0.830s] Level 1:colcon.colcon_core.package_identification:_identify(src/bumperbot_description) by extension 'ignore_ament_install'
[0.830s] Level 1:colcon.colcon_core.package_identification:_identify(src/bumperbot_description) by extensions ['colcon_pkg']
[0.830s] Level 1:colcon.colcon_core.package_identification:_identify(src/bumperbot_description) by extension 'colcon_pkg'
[0.830s] Level 1:colcon.colcon_core.package_identification:_identify(src/bumperbot_description) by extensions ['colcon_meta']
[0.830s] Level 1:colcon.colcon_core.package_identification:_identify(src/bumperbot_description) by extension 'colcon_meta'
[0.830s] Level 1:colcon.colcon_core.package_identification:_identify(src/bumperbot_description) by extensions ['ros']
[0.830s] Level 1:colcon.colcon_core.package_identification:_identify(src/bumperbot_description) by extension 'ros'
[0.837s] DEBUG:colcon.colcon_core.package_identification:Package 'src/bumperbot_description' with type 'ros.ament_cmake' and name 'bumperbot_description'
[0.837s] Level 1:colcon.colcon_core.package_discovery:discover_packages(recursive) using defaults
[0.837s] Level 1:colcon.colcon_core.package_discovery:discover_packages(ignore) discover
[0.837s] Level 1:colcon.colcon_core.package_discovery:discover_packages(ignore) using defaults
[0.837s] Level 1:colcon.colcon_core.package_discovery:discover_packages(path) discover
[0.837s] Level 1:colcon.colcon_core.package_discovery:discover_packages(path) using defaults
[0.890s] Level 5:colcon.colcon_core.verb:set package 'bumperbot' build argument 'cmake_args' from command line to 'None'
[0.890s] Level 5:colcon.colcon_core.verb:set package 'bumperbot' build argument 'cmake_target' from command line to 'None'
[0.890s] Level 5:colcon.colcon_core.verb:set package 'bumperbot' build argument 'cmake_target_skip_unavailable' from command line to 'False'
[0.890s] Level 5:colcon.colcon_core.verb:set package 'bumperbot' build argument 'cmake_clean_cache' from command line to 'False'
[0.890s] Level 5:colcon.colcon_core.verb:set package 'bumperbot' build argument 'cmake_clean_first' from command line to 'False'
[0.890s] Level 5:colcon.colcon_core.verb:set package 'bumperbot' build argument 'cmake_force_configure' from command line to 'False'
[0.890s] Level 5:colcon.colcon_core.verb:set package 'bumperbot' build argument 'ament_cmake_args' from command line to 'None'
[0.890s] Level 5:colcon.colcon_core.verb:set package 'bumperbot' build argument 'catkin_cmake_args' from command line to 'None'
[0.890s] Level 5:colcon.colcon_core.verb:set package 'bumperbot' build argument 'catkin_skip_building_tests' from command line to 'False'
[0.890s] DEBUG:colcon.colcon_core.verb:Building package 'bumperbot' with the following arguments: {'ament_cmake_args': None, 'build_base': '/root/ros2_ws/build/bumperbot', 'catkin_cmake_args': None, 'catkin_skip_building_tests': False, 'cmake_args': None, 'cmake_clean_cache': False, 'cmake_clean_first': False, 'cmake_force_configure': False, 'cmake_target': None, 'cmake_target_skip_unavailable': False, 'install_base': '/root/ros2_ws/install/bumperbot', 'merge_install': False, 'path': '/root/ros2_ws/src/bumperbot', 'symlink_install': False, 'test_result_base': None}
[0.891s] Level 5:colcon.colcon_core.verb:set package 'bumperbot_controller' build argument 'cmake_args' from command line to 'None'
[0.891s] Level 5:colcon.colcon_core.verb:set package 'bumperbot_controller' build argument 'cmake_target' from command line to 'None'
[0.891s] Level 5:colcon.colcon_core.verb:set package 'bumperbot_controller' build argument 'cmake_target_skip_unavailable' from command line to 'False'
[0.891s] Level 5:colcon.colcon_core.verb:set package 'bumperbot_controller' build argument 'cmake_clean_cache' from command line to 'False'
[0.891s] Level 5:colcon.colcon_core.verb:set package 'bumperbot_controller' build argument 'cmake_clean_first' from command line to 'False'
[0.891s] Level 5:colcon.colcon_core.verb:set package 'bumperbot_controller' build argument 'cmake_force_configure' from command line to 'False'
[0.891s] Level 5:colcon.colcon_core.verb:set package 'bumperbot_controller' build argument 'ament_cmake_args' from command line to 'None'
[0.891s] Level 5:colcon.colcon_core.verb:set package 'bumperbot_controller' build argument 'catkin_cmake_args' from command line to 'None'
[0.891s] Level 5:colcon.colcon_core.verb:set package 'bumperbot_controller' build argument 'catkin_skip_building_tests' from command line to 'False'
[0.891s] DEBUG:colcon.colcon_core.verb:Building package 'bumperbot_controller' with the following arguments: {'ament_cmake_args': None, 'build_base': '/root/ros2_ws/build/bumperbot_controller', 'catkin_cmake_args': None, 'catkin_skip_building_tests': False, 'cmake_args': None, 'cmake_clean_cache': False, 'cmake_clean_first': False, 'cmake_force_configure': False, 'cmake_target': None, 'cmake_target_skip_unavailable': False, 'install_base': '/root/ros2_ws/install/bumperbot_controller', 'merge_install': False, 'path': '/root/ros2_ws/src/bumperbot_controller', 'symlink_install': False, 'test_result_base': None}
[0.892s] Level 5:colcon.colcon_core.verb:set package 'bumperbot_description' build argument 'cmake_args' from command line to 'None'
[0.892s] Level 5:colcon.colcon_core.verb:set package 'bumperbot_description' build argument 'cmake_target' from command line to 'None'
[0.892s] Level 5:colcon.colcon_core.verb:set package 'bumperbot_description' build argument 'cmake_target_skip_unavailable' from command line to 'False'
[0.892s] Level 5:colcon.colcon_core.verb:set package 'bumperbot_description' build argument 'cmake_clean_cache' from command line to 'False'
[0.892s] Level 5:colcon.colcon_core.verb:set package 'bumperbot_description' build argument 'cmake_clean_first' from command line to 'False'
[0.892s] Level 5:colcon.colcon_core.verb:set package 'bumperbot_description' build argument 'cmake_force_configure' from command line to 'False'
[0.892s] Level 5:colcon.colcon_core.verb:set package 'bumperbot_description' build argument 'ament_cmake_args' from command line to 'None'
[0.892s] Level 5:colcon.colcon_core.verb:set package 'bumperbot_description' build argument 'catkin_cmake_args' from command line to 'None'
[0.892s] Level 5:colcon.colcon_core.verb:set package 'bumperbot_description' build argument 'catkin_skip_building_tests' from command line to 'False'
[0.892s] DEBUG:colcon.colcon_core.verb:Building package 'bumperbot_description' with the following arguments: {'ament_cmake_args': None, 'build_base': '/root/ros2_ws/build/bumperbot_description', 'catkin_cmake_args': None, 'catkin_skip_building_tests': False, 'cmake_args': None, 'cmake_clean_cache': False, 'cmake_clean_first': False, 'cmake_force_configure': False, 'cmake_target': None, 'cmake_target_skip_unavailable': False, 'install_base': '/root/ros2_ws/install/bumperbot_description', 'merge_install': False, 'path': '/root/ros2_ws/src/bumperbot_description', 'symlink_install': False, 'test_result_base': None}
[0.893s] INFO:colcon.colcon_core.executor:Executing jobs using 'parallel' executor
[0.894s] DEBUG:colcon.colcon_parallel_executor.executor.parallel:run_until_complete
[0.895s] INFO:colcon.colcon_ros.task.ament_python.build:Building ROS package in '/root/ros2_ws/src/bumperbot' with build type 'ament_python'
[0.895s] Level 1:colcon.colcon_core.shell:create_environment_hook('bumperbot', 'ament_prefix_path')
[0.905s] INFO:colcon.colcon_core.plugin_system:Skipping extension 'colcon_core.shell.bat': Not used on non-Windows systems
[0.905s] INFO:colcon.colcon_core.shell:Creating environment hook '/root/ros2_ws/install/bumperbot/share/bumperbot/hook/ament_prefix_path.ps1'
[0.907s] INFO:colcon.colcon_core.shell:Creating environment descriptor '/root/ros2_ws/install/bumperbot/share/bumperbot/hook/ament_prefix_path.dsv'
[0.909s] INFO:colcon.colcon_core.shell:Creating environment hook '/root/ros2_ws/install/bumperbot/share/bumperbot/hook/ament_prefix_path.sh'
[0.910s] INFO:colcon.colcon_core.shell:Skip shell extension 'powershell' for command environment: Not usable outside of PowerShell
[0.910s] DEBUG:colcon.colcon_core.shell:Skip shell extension 'dsv' for command environment
[0.921s] INFO:colcon.colcon_ros.task.ament_cmake.build:Building ROS package in '/root/ros2_ws/src/bumperbot_controller' with build type 'ament_cmake'
[0.922s] INFO:colcon.colcon_cmake.task.cmake.build:Building CMake package in '/root/ros2_ws/src/bumperbot_controller'
[0.922s] INFO:colcon.colcon_core.shell:Skip shell extension 'powershell' for command environment: Not usable outside of PowerShell
[0.923s] DEBUG:colcon.colcon_core.shell:Skip shell extension 'dsv' for command environment
[0.930s] INFO:colcon.colcon_ros.task.ament_cmake.build:Building ROS package in '/root/ros2_ws/src/bumperbot_description' with build type 'ament_cmake'
[0.931s] INFO:colcon.colcon_cmake.task.cmake.build:Building CMake package in '/root/ros2_ws/src/bumperbot_description'
[0.932s] INFO:colcon.colcon_core.shell:Skip shell extension 'powershell' for command environment: Not usable outside of PowerShell
[0.933s] DEBUG:colcon.colcon_core.shell:Skip shell extension 'dsv' for command environment
[1.377s] INFO:colcon.colcon_core.task.python.build:Building Python package in '/root/ros2_ws/src/bumperbot'
[1.378s] INFO:colcon.colcon_core.shell:Skip shell extension 'powershell' for command environment: Not usable outside of PowerShell
[1.378s] DEBUG:colcon.colcon_core.shell:Skip shell extension 'dsv' for command environment
[1.392s] DEBUG:colcon.colcon_core.event_handler.log_command:Invoking command in '/root/ros2_ws/build/bumperbot_controller': CMAKE_PREFIX_PATH=/opt/ros/humble /usr/bin/cmake /root/ros2_ws/src/bumperbot_controller -DCMAKE_INSTALL_PREFIX=/root/ros2_ws/install/bumperbot_controller
[1.408s] DEBUG:colcon.colcon_core.event_handler.log_command:Invoking command in '/root/ros2_ws/build/bumperbot_description': CMAKE_PREFIX_PATH=/opt/ros/humble /usr/bin/cmake --build /root/ros2_ws/build/bumperbot_description -- -j16 -l16
[2.091s] DEBUG:colcon.colcon_core.event_handler.log_command:Invoked command in '/root/ros2_ws/build/bumperbot_description' returned '0': CMAKE_PREFIX_PATH=/opt/ros/humble /usr/bin/cmake --build /root/ros2_ws/build/bumperbot_description -- -j16 -l16
[2.151s] DEBUG:colcon.colcon_core.event_handler.log_command:Invoking command in '/root/ros2_ws/build/bumperbot_description': CMAKE_PREFIX_PATH=/opt/ros/humble /usr/bin/cmake --install /root/ros2_ws/build/bumperbot_description
[2.176s] Level 1:colcon.colcon_core.environment:create_environment_scripts_only(bumperbot_description)
[2.177s] DEBUG:colcon.colcon_core.event_handler.log_command:Invoked command in '/root/ros2_ws/build/bumperbot_description' returned '0': CMAKE_PREFIX_PATH=/opt/ros/humble /usr/bin/cmake --install /root/ros2_ws/build/bumperbot_description
[2.187s] Level 1:colcon.colcon_core.environment:checking '/root/ros2_ws/install/bumperbot_description' for CMake module files
[2.189s] Level 1:colcon.colcon_core.environment:checking '/root/ros2_ws/install/bumperbot_description' for CMake config files
[2.192s] Level 1:colcon.colcon_core.shell:create_environment_hook('bumperbot_description', 'cmake_prefix_path')
[2.192s] INFO:colcon.colcon_core.shell:Creating environment hook '/root/ros2_ws/install/bumperbot_description/share/bumperbot_description/hook/cmake_prefix_path.ps1'
[2.193s] INFO:colcon.colcon_core.shell:Creating environment descriptor '/root/ros2_ws/install/bumperbot_description/share/bumperbot_description/hook/cmake_prefix_path.dsv'
[2.193s] INFO:colcon.colcon_core.shell:Creating environment hook '/root/ros2_ws/install/bumperbot_description/share/bumperbot_description/hook/cmake_prefix_path.sh'
[2.195s] Level 1:colcon.colcon_core.environment:checking '/root/ros2_ws/install/bumperbot_description/bin'
[2.195s] Level 1:colcon.colcon_core.environment:checking '/root/ros2_ws/install/bumperbot_description/lib/pkgconfig/bumperbot_description.pc'
[2.195s] Level 1:colcon.colcon_core.environment:checking '/root/ros2_ws/install/bumperbot_description/lib/python3.10/site-packages'
[2.196s] Level 1:colcon.colcon_core.environment:checking '/root/ros2_ws/install/bumperbot_description/bin'
[2.196s] INFO:colcon.colcon_core.shell:Creating package script '/root/ros2_ws/install/bumperbot_description/share/bumperbot_description/package.ps1'
[2.198s] INFO:colcon.colcon_core.shell:Creating package descriptor '/root/ros2_ws/install/bumperbot_description/share/bumperbot_description/package.dsv'
[2.200s] INFO:colcon.colcon_core.shell:Creating package script '/root/ros2_ws/install/bumperbot_description/share/bumperbot_description/package.sh'
[2.202s] INFO:colcon.colcon_core.shell:Creating package script '/root/ros2_ws/install/bumperbot_description/share/bumperbot_description/package.bash'
[2.204s] INFO:colcon.colcon_core.shell:Creating package script '/root/ros2_ws/install/bumperbot_description/share/bumperbot_description/package.zsh'
[2.207s] Level 1:colcon.colcon_core.environment:create_file_with_runtime_dependencies(/root/ros2_ws/install/bumperbot_description/share/colcon-core/packages/bumperbot_description)
[2.244s] Level 1:colcon.colcon_core.environment:create_environment_scripts_only(bumperbot_description)
[2.245s] Level 1:colcon.colcon_core.environment:checking '/root/ros2_ws/install/bumperbot_description' for CMake module files
[2.247s] Level 1:colcon.colcon_core.environment:checking '/root/ros2_ws/install/bumperbot_description' for CMake config files
[2.248s] Level 1:colcon.colcon_core.shell:create_environment_hook('bumperbot_description', 'cmake_prefix_path')
[2.249s] INFO:colcon.colcon_core.shell:Creating environment hook '/root/ros2_ws/install/bumperbot_description/share/bumperbot_description/hook/cmake_prefix_path.ps1'
[2.249s] INFO:colcon.colcon_core.shell:Creating environment descriptor '/root/ros2_ws/install/bumperbot_description/share/bumperbot_description/hook/cmake_prefix_path.dsv'
[2.250s] INFO:colcon.colcon_core.shell:Creating environment hook '/root/ros2_ws/install/bumperbot_description/share/bumperbot_description/hook/cmake_prefix_path.sh'
[2.251s] Level 1:colcon.colcon_core.environment:checking '/root/ros2_ws/install/bumperbot_description/bin'
[2.251s] Level 1:colcon.colcon_core.environment:checking '/root/ros2_ws/install/bumperbot_description/lib/pkgconfig/bumperbot_description.pc'
[2.252s] Level 1:colcon.colcon_core.environment:checking '/root/ros2_ws/install/bumperbot_description/lib/python3.10/site-packages'
[2.252s] Level 1:colcon.colcon_core.environment:checking '/root/ros2_ws/install/bumperbot_description/bin'
[2.253s] INFO:colcon.colcon_core.shell:Creating package script '/root/ros2_ws/install/bumperbot_description/share/bumperbot_description/package.ps1'
[2.254s] INFO:colcon.colcon_core.shell:Creating package descriptor '/root/ros2_ws/install/bumperbot_description/share/bumperbot_description/package.dsv'
[2.255s] INFO:colcon.colcon_core.shell:Creating package script '/root/ros2_ws/install/bumperbot_description/share/bumperbot_description/package.sh'
[2.256s] INFO:colcon.colcon_core.shell:Creating package script '/root/ros2_ws/install/bumperbot_description/share/bumperbot_description/package.bash'
[2.257s] INFO:colcon.colcon_core.shell:Creating package script '/root/ros2_ws/install/bumperbot_description/share/bumperbot_description/package.zsh'
[2.260s] Level 1:colcon.colcon_core.environment:create_file_with_runtime_dependencies(/root/ros2_ws/install/bumperbot_description/share/colcon-core/packages/bumperbot_description)
[2.367s] DEBUG:colcon.colcon_core.event_handler.log_command:Invoking command in '/root/ros2_ws/src/bumperbot': PYTHONPATH=/root/ros2_ws/build/bumperbot/prefix_override:/usr/lib/python3/dist-packages/colcon_core/task/python/colcon_distutils_commands:/root/ros2_ws/install/bumperbot/lib/python3.10/site-packages:${PYTHONPATH} /usr/bin/python3 -W ignore:setup.py install is deprecated setup.py egg_info --egg-base ../../build/bumperbot build --build-base /root/ros2_ws/build/bumperbot/build install --record /root/ros2_ws/build/bumperbot/install.log --single-version-externally-managed install_data
[2.927s] Level 1:colcon.colcon_core.environment:checking '/root/ros2_ws/install/bumperbot' for CMake module files
[2.928s] DEBUG:colcon.colcon_core.event_handler.log_command:Invoked command in '/root/ros2_ws/src/bumperbot' returned '0': PYTHONPATH=/root/ros2_ws/build/bumperbot/prefix_override:/usr/lib/python3/dist-packages/colcon_core/task/python/colcon_distutils_commands:/root/ros2_ws/install/bumperbot/lib/python3.10/site-packages:${PYTHONPATH} /usr/bin/python3 -W ignore:setup.py install is deprecated setup.py egg_info --egg-base ../../build/bumperbot build --build-base /root/ros2_ws/build/bumperbot/build install --record /root/ros2_ws/build/bumperbot/install.log --single-version-externally-managed install_data
[2.930s] Level 1:colcon.colcon_core.environment:checking '/root/ros2_ws/install/bumperbot' for CMake config files
[2.934s] Level 1:colcon.colcon_core.environment:checking '/root/ros2_ws/install/bumperbot/lib'
[2.935s] Level 1:colcon.colcon_core.environment:checking '/root/ros2_ws/install/bumperbot/bin'
[2.935s] Level 1:colcon.colcon_core.environment:checking '/root/ros2_ws/install/bumperbot/lib/pkgconfig/bumperbot.pc'
[2.936s] Level 1:colcon.colcon_core.environment:checking '/root/ros2_ws/install/bumperbot/lib/python3.10/site-packages'
[2.936s] Level 1:colcon.colcon_core.shell:create_environment_hook('bumperbot', 'pythonpath')
[2.936s] INFO:colcon.colcon_core.shell:Creating environment hook '/root/ros2_ws/install/bumperbot/share/bumperbot/hook/pythonpath.ps1'
[2.937s] INFO:colcon.colcon_core.shell:Creating environment descriptor '/root/ros2_ws/install/bumperbot/share/bumperbot/hook/pythonpath.dsv'
[2.938s] INFO:colcon.colcon_core.shell:Creating environment hook '/root/ros2_ws/install/bumperbot/share/bumperbot/hook/pythonpath.sh'
[2.938s] Level 1:colcon.colcon_core.environment:checking '/root/ros2_ws/install/bumperbot/bin'
[2.939s] Level 1:colcon.colcon_core.environment:create_environment_scripts_only(bumperbot)
[2.939s] INFO:colcon.colcon_core.shell:Creating package script '/root/ros2_ws/install/bumperbot/share/bumperbot/package.ps1'
[2.940s] INFO:colcon.colcon_core.shell:Creating package descriptor '/root/ros2_ws/install/bumperbot/share/bumperbot/package.dsv'
[2.941s] INFO:colcon.colcon_core.shell:Creating package script '/root/ros2_ws/install/bumperbot/share/bumperbot/package.sh'
[2.941s] INFO:colcon.colcon_core.shell:Creating package script '/root/ros2_ws/install/bumperbot/share/bumperbot/package.bash'
[2.942s] INFO:colcon.colcon_core.shell:Creating package script '/root/ros2_ws/install/bumperbot/share/bumperbot/package.zsh'
[2.943s] Level 1:colcon.colcon_core.environment:create_file_with_runtime_dependencies(/root/ros2_ws/install/bumperbot/share/colcon-core/packages/bumperbot)
[2.947s] DEBUG:colcon.colcon_core.event_handler.log_command:Invoked command in '/root/ros2_ws/build/bumperbot_controller' returned '0': CMAKE_PREFIX_PATH=/opt/ros/humble /usr/bin/cmake /root/ros2_ws/src/bumperbot_controller -DCMAKE_INSTALL_PREFIX=/root/ros2_ws/install/bumperbot_controller
[2.951s] DEBUG:colcon.colcon_core.event_handler.log_command:Invoking command in '/root/ros2_ws/build/bumperbot_controller': CMAKE_PREFIX_PATH=/opt/ros/humble /usr/bin/cmake --build /root/ros2_ws/build/bumperbot_controller -- -j16 -l16
[3.012s] DEBUG:colcon.colcon_core.event_handler.log_command:Invoked command in '/root/ros2_ws/build/bumperbot_controller' returned '0': CMAKE_PREFIX_PATH=/opt/ros/humble /usr/bin/cmake --build /root/ros2_ws/build/bumperbot_controller -- -j16 -l16
[3.050s] DEBUG:colcon.colcon_core.event_handler.log_command:Invoking command in '/root/ros2_ws/build/bumperbot_controller': CMAKE_PREFIX_PATH=/opt/ros/humble /usr/bin/cmake --install /root/ros2_ws/build/bumperbot_controller
[3.077s] Level 1:colcon.colcon_core.environment:create_environment_scripts_only(bumperbot_controller)
[3.077s] Level 1:colcon.colcon_core.environment:checking '/root/ros2_ws/install/bumperbot_controller' for CMake module files
[3.079s] DEBUG:colcon.colcon_core.event_handler.log_command:Invoked command in '/root/ros2_ws/build/bumperbot_controller' returned '0': CMAKE_PREFIX_PATH=/opt/ros/humble /usr/bin/cmake --install /root/ros2_ws/build/bumperbot_controller
[3.079s] Level 1:colcon.colcon_core.environment:checking '/root/ros2_ws/install/bumperbot_controller' for CMake config files
[3.080s] Level 1:colcon.colcon_core.shell:create_environment_hook('bumperbot_controller', 'cmake_prefix_path')
[3.080s] INFO:colcon.colcon_core.shell:Creating environment hook '/root/ros2_ws/install/bumperbot_controller/share/bumperbot_controller/hook/cmake_prefix_path.ps1'
[3.082s] INFO:colcon.colcon_core.shell:Creating environment descriptor '/root/ros2_ws/install/bumperbot_controller/share/bumperbot_controller/hook/cmake_prefix_path.dsv'
[3.083s] INFO:colcon.colcon_core.shell:Creating environment hook '/root/ros2_ws/install/bumperbot_controller/share/bumperbot_controller/hook/cmake_prefix_path.sh'
[3.084s] Level 1:colcon.colcon_core.environment:checking '/root/ros2_ws/install/bumperbot_controller/bin'
[3.084s] Level 1:colcon.colcon_core.environment:checking '/root/ros2_ws/install/bumperbot_controller/lib/pkgconfig/bumperbot_controller.pc'
[3.085s] Level 1:colcon.colcon_core.environment:checking '/root/ros2_ws/install/bumperbot_controller/lib/python3.10/site-packages'
[3.085s] Level 1:colcon.colcon_core.environment:checking '/root/ros2_ws/install/bumperbot_controller/bin'
[3.086s] INFO:colcon.colcon_core.shell:Creating package script '/root/ros2_ws/install/bumperbot_controller/share/bumperbot_controller/package.ps1'
[3.088s] INFO:colcon.colcon_core.shell:Creating package descriptor '/root/ros2_ws/install/bumperbot_controller/share/bumperbot_controller/package.dsv'
[3.089s] INFO:colcon.colcon_core.shell:Creating package script '/root/ros2_ws/install/bumperbot_controller/share/bumperbot_controller/package.sh'
[3.090s] INFO:colcon.colcon_core.shell:Creating package script '/root/ros2_ws/install/bumperbot_controller/share/bumperbot_controller/package.bash'
[3.090s] INFO:colcon.colcon_core.shell:Creating package script '/root/ros2_ws/install/bumperbot_controller/share/bumperbot_controller/package.zsh'
[3.091s] Level 1:colcon.colcon_core.environment:create_file_with_runtime_dependencies(/root/ros2_ws/install/bumperbot_controller/share/colcon-core/packages/bumperbot_controller)
[3.131s] Level 1:colcon.colcon_core.environment:create_environment_scripts_only(bumperbot_controller)
[3.132s] Level 1:colcon.colcon_core.environment:checking '/root/ros2_ws/install/bumperbot_controller' for CMake module files
[3.133s] Level 1:colcon.colcon_core.environment:checking '/root/ros2_ws/install/bumperbot_controller' for CMake config files
[3.133s] Level 1:colcon.colcon_core.shell:create_environment_hook('bumperbot_controller', 'cmake_prefix_path')
[3.134s] INFO:colcon.colcon_core.shell:Creating environment hook '/root/ros2_ws/install/bumperbot_controller/share/bumperbot_controller/hook/cmake_prefix_path.ps1'
[3.135s] INFO:colcon.colcon_core.shell:Creating environment descriptor '/root/ros2_ws/install/bumperbot_controller/share/bumperbot_controller/hook/cmake_prefix_path.dsv'
[3.135s] INFO:colcon.colcon_core.shell:Creating environment hook '/root/ros2_ws/install/bumperbot_controller/share/bumperbot_controller/hook/cmake_prefix_path.sh'
[3.136s] Level 1:colcon.colcon_core.environment:checking '/root/ros2_ws/install/bumperbot_controller/bin'
[3.137s] Level 1:colcon.colcon_core.environment:checking '/root/ros2_ws/install/bumperbot_controller/lib/pkgconfig/bumperbot_controller.pc'
[3.137s] Level 1:colcon.colcon_core.environment:checking '/root/ros2_ws/install/bumperbot_controller/lib/python3.10/site-packages'
[3.138s] Level 1:colcon.colcon_core.environment:checking '/root/ros2_ws/install/bumperbot_controller/bin'
[3.138s] INFO:colcon.colcon_core.shell:Creating package script '/root/ros2_ws/install/bumperbot_controller/share/bumperbot_controller/package.ps1'
[3.140s] INFO:colcon.colcon_core.shell:Creating package descriptor '/root/ros2_ws/install/bumperbot_controller/share/bumperbot_controller/package.dsv'
[3.141s] INFO:colcon.colcon_core.shell:Creating package script '/root/ros2_ws/install/bumperbot_controller/share/bumperbot_controller/package.sh'
[3.142s] INFO:colcon.colcon_core.shell:Creating package script '/root/ros2_ws/install/bumperbot_controller/share/bumperbot_controller/package.bash'
[3.143s] INFO:colcon.colcon_core.shell:Creating package script '/root/ros2_ws/install/bumperbot_controller/share/bumperbot_controller/package.zsh'
[3.144s] Level 1:colcon.colcon_core.environment:create_file_with_runtime_dependencies(/root/ros2_ws/install/bumperbot_controller/share/colcon-core/packages/bumperbot_controller)
[3.145s] DEBUG:colcon.colcon_parallel_executor.executor.parallel:closing loop
[3.147s] DEBUG:colcon.colcon_parallel_executor.executor.parallel:loop closed
[3.147s] DEBUG:colcon.colcon_parallel_executor.executor.parallel:run_until_complete finished with '0'
[3.147s] DEBUG:colcon.colcon_core.event_reactor:joining thread
[3.167s] INFO:colcon.colcon_core.plugin_system:Skipping extension 'colcon_notification.desktop_notification.notify_send': Could not find 'notify-send'
[3.168s] INFO:colcon.colcon_core.plugin_system:Skipping extension 'colcon_notification.desktop_notification.terminal_notifier': Not used on non-Darwin systems
[3.168s] INFO:colcon.colcon_core.plugin_system:Skipping extension 'colcon_notification.desktop_notification.win32': Not used on non-Windows systems
[3.168s] INFO:colcon.colcon_notification.desktop_notification:Sending desktop notification using 'notify2'
[3.176s] DEBUG:colcon.colcon_notification.desktop_notification.notify2:Failed to initialize notify2: org.freedesktop.DBus.Error.Spawn.ExecFailed: /usr/bin/dbus-launch terminated abnormally without any error message
[3.177s] DEBUG:colcon.colcon_core.event_reactor:joined thread
[3.178s] INFO:colcon.colcon_core.shell:Creating prefix script '/root/ros2_ws/install/local_setup.ps1'
[3.180s] INFO:colcon.colcon_core.shell:Creating prefix util module '/root/ros2_ws/install/_local_setup_util_ps1.py'
[3.183s] INFO:colcon.colcon_core.shell:Creating prefix chain script '/root/ros2_ws/install/setup.ps1'
[3.185s] INFO:colcon.colcon_core.shell:Creating prefix script '/root/ros2_ws/install/local_setup.sh'
[3.187s] INFO:colcon.colcon_core.shell:Creating prefix util module '/root/ros2_ws/install/_local_setup_util_sh.py'
[3.188s] INFO:colcon.colcon_core.shell:Creating prefix chain script '/root/ros2_ws/install/setup.sh'
[3.190s] INFO:colcon.colcon_core.shell:Creating prefix script '/root/ros2_ws/install/local_setup.bash'
[3.191s] INFO:colcon.colcon_core.shell:Creating prefix chain script '/root/ros2_ws/install/setup.bash'
[3.193s] INFO:colcon.colcon_core.shell:Creating prefix script '/root/ros2_ws/install/local_setup.zsh'
[3.196s] INFO:colcon.colcon_core.shell:Creating prefix chain script '/root/ros2_ws/install/setup.zsh'
