[0.470s] Invoking command in '/root/ros2_ws/build/bumperbot_controller': CMAKE_PREFIX_PATH=/opt/ros/humble /usr/bin/cmake /root/ros2_ws/src/bumperbot_controller -DCMAKE_INSTALL_PREFIX=/root/ros2_ws/install/bumperbot_controller
[0.789s] -- The C compiler identification is GNU 11.4.0
[0.991s] -- The CXX compiler identification is GNU 11.4.0
[1.007s] -- Detecting C compiler ABI info
[1.148s] -- Detecting C compiler ABI info - done
[1.160s] -- Check for working C compiler: /usr/bin/cc - skipped
[1.161s] -- Detecting C compile features
[1.162s] -- Detecting C compile features - done
[1.168s] -- Detecting CXX compiler ABI info
[1.325s] -- Detecting CXX compiler ABI info - done
[1.337s] -- Check for working CXX compiler: /usr/bin/c++ - skipped
[1.337s] -- Detecting CXX compile features
[1.338s] -- Detecting CXX compile features - done
[1.351s] -- Found ament_cmake: 1.3.10 (/opt/ros/humble/share/ament_cmake/cmake)
[1.640s] -- Found Python3: /usr/bin/python3 (found version "3.10.12") found components: Interpreter 
[1.814s] -- Found ament_lint_auto: 0.12.11 (/opt/ros/humble/share/ament_lint_auto/cmake)
[1.982s] -- Added test 'lint_cmake' to check CMake code style
[1.986s] -- Added test 'xmllint' to check XML markup files
[1.990s] -- Configuring done
[2.004s] -- Generating done
[2.007s] -- Build files have been written to: /root/ros2_ws/build/bumperbot_controller
[2.025s] Invoked command in '/root/ros2_ws/build/bumperbot_controller' returned '0': CMAKE_PREFIX_PATH=/opt/ros/humble /usr/bin/cmake /root/ros2_ws/src/bumperbot_controller -DCMAKE_INSTALL_PREFIX=/root/ros2_ws/install/bumperbot_controller
[2.029s] Invoking command in '/root/ros2_ws/build/bumperbot_controller': CMAKE_PREFIX_PATH=/opt/ros/humble /usr/bin/cmake --build /root/ros2_ws/build/bumperbot_controller -- -j16 -l16
[2.089s] Invoked command in '/root/ros2_ws/build/bumperbot_controller' returned '0': CMAKE_PREFIX_PATH=/opt/ros/humble /usr/bin/cmake --build /root/ros2_ws/build/bumperbot_controller -- -j16 -l16
[2.128s] Invoking command in '/root/ros2_ws/build/bumperbot_controller': CMAKE_PREFIX_PATH=/opt/ros/humble /usr/bin/cmake --install /root/ros2_ws/build/bumperbot_controller
[2.139s] -- Install configuration: ""
[2.142s] -- Installing: /root/ros2_ws/install/bumperbot_controller/share/ament_index/resource_index/package_run_dependencies/bumperbot_controller
[2.143s] -- Installing: /root/ros2_ws/install/bumperbot_controller/share/ament_index/resource_index/parent_prefix_path/bumperbot_controller
[2.145s] -- Installing: /root/ros2_ws/install/bumperbot_controller/share/bumperbot_controller/environment/ament_prefix_path.sh
[2.146s] -- Installing: /root/ros2_ws/install/bumperbot_controller/share/bumperbot_controller/environment/ament_prefix_path.dsv
[2.146s] -- Installing: /root/ros2_ws/install/bumperbot_controller/share/bumperbot_controller/environment/path.sh
[2.147s] -- Installing: /root/ros2_ws/install/bumperbot_controller/share/bumperbot_controller/environment/path.dsv
[2.147s] -- Installing: /root/ros2_ws/install/bumperbot_controller/share/bumperbot_controller/local_setup.bash
[2.148s] -- Installing: /root/ros2_ws/install/bumperbot_controller/share/bumperbot_controller/local_setup.sh
[2.148s] -- Installing: /root/ros2_ws/install/bumperbot_controller/share/bumperbot_controller/local_setup.zsh
[2.149s] -- Installing: /root/ros2_ws/install/bumperbot_controller/share/bumperbot_controller/local_setup.dsv
[2.149s] -- Installing: /root/ros2_ws/install/bumperbot_controller/share/bumperbot_controller/package.dsv
[2.150s] -- Installing: /root/ros2_ws/install/bumperbot_controller/share/ament_index/resource_index/packages/bumperbot_controller
[2.151s] -- Installing: /root/ros2_ws/install/bumperbot_controller/share/bumperbot_controller/cmake/bumperbot_controllerConfig.cmake
[2.151s] -- Installing: /root/ros2_ws/install/bumperbot_controller/share/bumperbot_controller/cmake/bumperbot_controllerConfig-version.cmake
[2.152s] -- Installing: /root/ros2_ws/install/bumperbot_controller/share/bumperbot_controller/package.xml
[2.157s] Invoked command in '/root/ros2_ws/build/bumperbot_controller' returned '0': CMAKE_PREFIX_PATH=/opt/ros/humble /usr/bin/cmake --install /root/ros2_ws/build/bumperbot_controller
