/root/ros2_ws/install/bumperbot/lib/python3.10/site-packages/bumperbot/simple_subscriber.py
/root/ros2_ws/install/bumperbot/lib/python3.10/site-packages/bumperbot/simple_publisher.py
/root/ros2_ws/install/bumperbot/lib/python3.10/site-packages/bumperbot/__init__.py
/root/ros2_ws/install/bumperbot/lib/python3.10/site-packages/bumperbot/simple_parameter.py
/root/ros2_ws/install/bumperbot/lib/python3.10/site-packages/bumperbot/simple_turtlesim_kinematics.py
/root/ros2_ws/install/bumperbot/lib/python3.10/site-packages/bumperbot/__pycache__/simple_subscriber.cpython-310.pyc
/root/ros2_ws/install/bumperbot/lib/python3.10/site-packages/bumperbot/__pycache__/simple_publisher.cpython-310.pyc
/root/ros2_ws/install/bumperbot/lib/python3.10/site-packages/bumperbot/__pycache__/__init__.cpython-310.pyc
/root/ros2_ws/install/bumperbot/lib/python3.10/site-packages/bumperbot/__pycache__/simple_parameter.cpython-310.pyc
/root/ros2_ws/install/bumperbot/lib/python3.10/site-packages/bumperbot/__pycache__/simple_turtlesim_kinematics.cpython-310.pyc
/root/ros2_ws/install/bumperbot/share/ament_index/resource_index/packages/bumperbot
/root/ros2_ws/install/bumperbot/share/bumperbot/package.xml
/root/ros2_ws/install/bumperbot/lib/python3.10/site-packages/bumperbot-0.0.0-py3.10.egg-info/top_level.txt
/root/ros2_ws/install/bumperbot/lib/python3.10/site-packages/bumperbot-0.0.0-py3.10.egg-info/dependency_links.txt
/root/ros2_ws/install/bumperbot/lib/python3.10/site-packages/bumperbot-0.0.0-py3.10.egg-info/zip-safe
/root/ros2_ws/install/bumperbot/lib/python3.10/site-packages/bumperbot-0.0.0-py3.10.egg-info/requires.txt
/root/ros2_ws/install/bumperbot/lib/python3.10/site-packages/bumperbot-0.0.0-py3.10.egg-info/PKG-INFO
/root/ros2_ws/install/bumperbot/lib/python3.10/site-packages/bumperbot-0.0.0-py3.10.egg-info/SOURCES.txt
/root/ros2_ws/install/bumperbot/lib/python3.10/site-packages/bumperbot-0.0.0-py3.10.egg-info/entry_points.txt
/root/ros2_ws/install/bumperbot/lib/bumperbot/simple_parameter
/root/ros2_ws/install/bumperbot/lib/bumperbot/simple_publisher
/root/ros2_ws/install/bumperbot/lib/bumperbot/simple_subscriber
/root/ros2_ws/install/bumperbot/lib/bumperbot/simple_turtlesim_kinematics
