[0.465s] Invoking command in '/root/ros2_ws/build/bumperbot_controller': CMAKE_PREFIX_PATH=/opt/ros/humble /usr/bin/cmake --build /root/ros2_ws/build/bumperbot_controller -- -j16 -l16
[0.529s] Invoked command in '/root/ros2_ws/build/bumperbot_controller' returned '0': CMAKE_PREFIX_PATH=/opt/ros/humble /usr/bin/cmake --build /root/ros2_ws/build/bumperbot_controller -- -j16 -l16
[0.580s] Invoking command in '/root/ros2_ws/build/bumperbot_controller': CMAKE_PREFIX_PATH=/opt/ros/humble /usr/bin/cmake --install /root/ros2_ws/build/bumperbot_controller
[0.592s] -- Install configuration: ""
[0.593s] -- Up-to-date: /root/ros2_ws/install/bumperbot_controller/share/bumperbot_controller/config
[0.594s] -- Up-to-date: /root/ros2_ws/install/bumperbot_controller/share/bumperbot_controller/config/bumperbot_controller.yaml
[0.594s] -- Up-to-date: /root/ros2_ws/install/bumperbot_controller/share/ament_index/resource_index/package_run_dependencies/bumperbot_controller
[0.594s] -- Up-to-date: /root/ros2_ws/install/bumperbot_controller/share/ament_index/resource_index/parent_prefix_path/bumperbot_controller
[0.595s] -- Up-to-date: /root/ros2_ws/install/bumperbot_controller/share/bumperbot_controller/environment/ament_prefix_path.sh
[0.595s] -- Up-to-date: /root/ros2_ws/install/bumperbot_controller/share/bumperbot_controller/environment/ament_prefix_path.dsv
[0.595s] -- Up-to-date: /root/ros2_ws/install/bumperbot_controller/share/bumperbot_controller/environment/path.sh
[0.595s] -- Up-to-date: /root/ros2_ws/install/bumperbot_controller/share/bumperbot_controller/environment/path.dsv
[0.595s] -- Up-to-date: /root/ros2_ws/install/bumperbot_controller/share/bumperbot_controller/local_setup.bash
[0.596s] -- Up-to-date: /root/ros2_ws/install/bumperbot_controller/share/bumperbot_controller/local_setup.sh
[0.596s] -- Up-to-date: /root/ros2_ws/install/bumperbot_controller/share/bumperbot_controller/local_setup.zsh
[0.596s] -- Up-to-date: /root/ros2_ws/install/bumperbot_controller/share/bumperbot_controller/local_setup.dsv
[0.596s] -- Installing: /root/ros2_ws/install/bumperbot_controller/share/bumperbot_controller/package.dsv
[0.596s] -- Up-to-date: /root/ros2_ws/install/bumperbot_controller/share/ament_index/resource_index/packages/bumperbot_controller
[0.596s] -- Up-to-date: /root/ros2_ws/install/bumperbot_controller/share/bumperbot_controller/cmake/bumperbot_controllerConfig.cmake
[0.597s] -- Up-to-date: /root/ros2_ws/install/bumperbot_controller/share/bumperbot_controller/cmake/bumperbot_controllerConfig-version.cmake
[0.597s] -- Up-to-date: /root/ros2_ws/install/bumperbot_controller/share/bumperbot_controller/package.xml
[0.600s] Invoked command in '/root/ros2_ws/build/bumperbot_controller' returned '0': CMAKE_PREFIX_PATH=/opt/ros/humble /usr/bin/cmake --install /root/ros2_ws/build/bumperbot_controller
